#
# There is insufficient memory for the Java Runtime Environment to continue.
# Native memory allocation (mmap) failed to map 121634816 bytes for committing reserved memory.
# Possible reasons:
#   The system is out of physical RAM or swap space
#   In 32 bit mode, the process size limit was hit
# Possible solutions:
#   Reduce memory load on the system
#   Increase physical memory or swap space
#   Check if swap backing store is full
#   Use 64 bit Java on a 64 bit OS
#   Decrease Java heap size (-Xmx/-Xms)
#   Decrease number of Java threads
#   Decrease Java thread stack sizes (-Xss)
#   Set larger code cache with -XX:ReservedCodeCacheSize=
# This output file may be truncated or incomplete.
#
#  Out of Memory Error (os_linux.cpp:2673), pid=9361, tid=139872865969920
#
# JRE version: Java(TM) SE Runtime Environment (8.0_45-b14) (build 1.8.0_45-b14)
# Java VM: Java HotSpot(TM) 64-Bit Server VM (25.45-b02 mixed mode linux-amd64 compressed oops)
# Failed to write core dump. Core dumps have been disabled. To enable core dumping, try "ulimit -c unlimited" before starting Java again
#

---------------  T H R E A D  ---------------

Current thread (0x00007f36c0079800):  VMThread [stack: 0x00007f36b06d6000,0x00007f36b07d7000] [id=9371]

Stack: [0x00007f36b06d6000,0x00007f36b07d7000],  sp=0x00007f36b07d5060,  free space=1020k
Native frames: (J=compiled Java code, j=interpreted, Vv=VM code, C=native code)
V  [libjvm.so+0xaac99a]  VMError::report_and_die()+0x2ba
V  [libjvm.so+0x4f333b]  report_vm_out_of_memory(char const*, int, unsigned long, VMErrorType, char const*)+0x8b
V  [libjvm.so+0x90e7c3]  os::Linux::commit_memory_impl(char*, unsigned long, bool)+0x103
V  [libjvm.so+0x90ed19]  os::pd_commit_memory(char*, unsigned long, unsigned long, bool)+0x29
V  [libjvm.so+0x90867a]  os::commit_memory(char*, unsigned long, unsigned long, bool)+0x2a
V  [libjvm.so+0x97bac3]  PSVirtualSpace::expand_by(unsigned long)+0x53
V  [libjvm.so+0x97cec8]  PSYoungGen::resize_generation(unsigned long, unsigned long)+0xf8
V  [libjvm.so+0x97c022]  PSYoungGen::resize(unsigned long, unsigned long)+0x22
V  [libjvm.so+0x9792fb]  PSScavenge::invoke_no_policy()+0xf7b
V  [libjvm.so+0x979a81]  PSScavenge::invoke()+0x41
V  [libjvm.so+0x932050]  ParallelScavengeHeap::failed_mem_allocate(unsigned long)+0x70
V  [libjvm.so+0xaae1d7]  VM_ParallelGCFailedAllocation::doit()+0x97
V  [libjvm.so+0xab59c5]  VM_Operation::evaluate()+0x55
V  [libjvm.so+0xab3d9a]  VMThread::evaluate_operation(VM_Operation*)+0xba
V  [libjvm.so+0xab411e]  VMThread::loop()+0x1ce
V  [libjvm.so+0xab4590]  VMThread::run()+0x70
V  [libjvm.so+0x910de8]  java_start(Thread*)+0x108

VM_Operation (0x00007f36c8e70370): ParallelGCFailedAllocation, mode: safepoint, requested by thread 0x00007f36c000c000


---------------  P R O C E S S  ---------------

Java Threads: ( => current thread )
  0x00007f36c00cc000 JavaThread "Service Thread" daemon [_thread_blocked, id=9378, stack(0x00007f36a19c1000,0x00007f36a1ac2000)]
  0x00007f36c00bf000 JavaThread "C1 CompilerThread2" daemon [_thread_blocked, id=9377, stack(0x00007f36b00d0000,0x00007f36b01d1000)]
  0x00007f36c00bd000 JavaThread "C2 CompilerThread1" daemon [_thread_in_native, id=9376, stack(0x00007f36b01d1000,0x00007f36b02d2000)]
  0x00007f36c00ba800 JavaThread "C2 CompilerThread0" daemon [_thread_in_native, id=9375, stack(0x00007f36b02d2000,0x00007f36b03d3000)]
  0x00007f36c00b9000 JavaThread "Signal Dispatcher" daemon [_thread_blocked, id=9374, stack(0x00007f36b03d3000,0x00007f36b04d4000)]
  0x00007f36c0081000 JavaThread "Finalizer" daemon [_thread_blocked, id=9373, stack(0x00007f36b04d4000,0x00007f36b05d5000)]
  0x00007f36c007e800 JavaThread "Reference Handler" daemon [_thread_blocked, id=9372, stack(0x00007f36b05d5000,0x00007f36b06d6000)]
  0x00007f36c000c000 JavaThread "main" [_thread_blocked, id=9366, stack(0x00007f36c8d71000,0x00007f36c8e72000)]

Other Threads:
=>0x00007f36c0079800 VMThread [stack: 0x00007f36b06d6000,0x00007f36b07d7000] [id=9371]
  0x00007f36c00ce800 WatcherThread [stack: 0x00007f36a18c0000,0x00007f36a19c1000] [id=9379]

VM state:at safepoint (normal execution)

VM Mutex/Monitor currently owned by a thread:  ([mutex/lock_event])
[0x00007f36c00083a0] Threads_lock - owner thread: 0x00007f36c0079800
[0x00007f36c00088a0] Heap_lock - owner thread: 0x00007f36c000c000

Heap:
 PSYoungGen      total 134656K, used 7570K [0x00000000eab00000, 0x00000000f3d00000, 0x0000000100000000)
  eden space 121344K, 0% used [0x00000000eab00000,0x00000000eab00000,0x00000000f2180000)
  from space 13312K, 56% used [0x00000000f2180000,0x00000000f28e4928,0x00000000f2e80000)
  to   space 11776K, 0% used [0x00000000f2e80000,0x00000000f2e80000,0x00000000f3a00000)
 ParOldGen       total 40960K, used 30152K [0x00000000c0000000, 0x00000000c2800000, 0x00000000eab00000)
  object space 40960K, 73% used [0x00000000c0000000,0x00000000c1d722d8,0x00000000c2800000)
 Metaspace       used 7797K, capacity 8042K, committed 8320K, reserved 1056768K
  class space    used 754K, capacity 789K, committed 896K, reserved 1048576K

Card table byte_map: [0x00007f36c5953000,0x00007f36c5b54000] byte_map_base: 0x00007f36c5353000

Marking Bits: (ParMarkBitMap*) 0x00007f36c8251760
 Begin Bits: [0x00007f36a2000000, 0x00007f36a3000000)
 End Bits:   [0x00007f36a3000000, 0x00007f36a4000000)

Polling page: 0x00007f36c8e98000

CodeCache: size=245760Kb used=8746Kb max_used=8746Kb free=237013Kb
 bounds [0x00007f36b1000000, 0x00007f36b18a0000, 0x00007f36c0000000]
 total_blobs=2832 nmethods=2537 adapters=210
 compilation: enabled

Compilation events (10 events):
Event: 3,572 Thread 0x00007f36c00bf000 2582       2       com.android.dx.merge.DexMerger::transformAnnotationSetRefList (82 bytes)
Event: 3,574 Thread 0x00007f36c00bf000 nmethod 2582 0x00007f36b188b5d0 code [0x00007f36b188b800, 0x00007f36b188be08]
Event: 3,574 Thread 0x00007f36c00bf000 2583       2       com.android.dx.merge.IndexMap::putAnnotationSetRefListOffset (33 bytes)
Event: 3,575 Thread 0x00007f36c00bf000 nmethod 2583 0x00007f36b188a110 code [0x00007f36b188a2c0, 0x00007f36b188a6c8]
Event: 3,720 Thread 0x00007f36c00bf000 2584       2       java.util.regex.Pattern$Curly::match0 (174 bytes)
Event: 3,721 Thread 0x00007f36c00bf000 nmethod 2584 0x00007f36b188f110 code [0x00007f36b188f2e0, 0x00007f36b188f778]
Event: 3,722 Thread 0x00007f36c00bf000 2585       2       java.util.Locale::hashCode (41 bytes)
Event: 3,722 Thread 0x00007f36c00bf000 nmethod 2585 0x00007f36b188b150 code [0x00007f36b188b2c0, 0x00007f36b188b4b8]
Event: 3,723 Thread 0x00007f36c00bf000 2586       2       sun.nio.cs.UTF_8$Encoder::encodeArrayLoop (489 bytes)
Event: 3,729 Thread 0x00007f36c00bf000 nmethod 2586 0x00007f36b1894e10 code [0x00007f36b1895220, 0x00007f36b1896548]

GC Heap History (10 events):
Event: 1,356 GC heap after
Heap after GC invocations=2 (full 0):
 PSYoungGen      total 33280K, used 2546K [0x00000000eab00000, 0x00000000ece00000, 0x0000000100000000)
  eden space 30720K, 0% used [0x00000000eab00000,0x00000000eab00000,0x00000000ec900000)
  from space 2560K, 99% used [0x00000000ecb80000,0x00000000ecdfca88,0x00000000ece00000)
  to   space 2560K, 0% used [0x00000000ec900000,0x00000000ec900000,0x00000000ecb80000)
 ParOldGen       total 40960K, used 4891K [0x00000000c0000000, 0x00000000c2800000, 0x00000000eab00000)
  object space 40960K, 11% used [0x00000000c0000000,0x00000000c04c6d58,0x00000000c2800000)
 Metaspace       used 5589K, capacity 6896K, committed 7040K, reserved 1056768K
  class space    used 544K, capacity 616K, committed 640K, reserved 1048576K
}
Event: 1,607 GC heap before
{Heap before GC invocations=3 (full 0):
 PSYoungGen      total 33280K, used 33130K [0x00000000eab00000, 0x00000000ece00000, 0x0000000100000000)
  eden space 30720K, 99% used [0x00000000eab00000,0x00000000ec8ddfa0,0x00000000ec900000)
  from space 2560K, 99% used [0x00000000ecb80000,0x00000000ecdfca88,0x00000000ece00000)
  to   space 2560K, 0% used [0x00000000ec900000,0x00000000ec900000,0x00000000ecb80000)
 ParOldGen       total 40960K, used 4891K [0x00000000c0000000, 0x00000000c2800000, 0x00000000eab00000)
  object space 40960K, 11% used [0x00000000c0000000,0x00000000c04c6d58,0x00000000c2800000)
 Metaspace       used 5645K, capacity 6896K, committed 7040K, reserved 1056768K
  class space    used 545K, capacity 616K, committed 640K, reserved 1048576K
Event: 1,628 GC heap after
Heap after GC invocations=3 (full 0):
 PSYoungGen      total 33280K, used 2548K [0x00000000eab00000, 0x00000000eec00000, 0x0000000100000000)
  eden space 30720K, 0% used [0x00000000eab00000,0x00000000eab00000,0x00000000ec900000)
  from space 2560K, 99% used [0x00000000ec900000,0x00000000ecb7d1d0,0x00000000ecb80000)
  to   space 2560K, 0% used [0x00000000ee980000,0x00000000ee980000,0x00000000eec00000)
 ParOldGen       total 40960K, used 13690K [0x00000000c0000000, 0x00000000c2800000, 0x00000000eab00000)
  object space 40960K, 33% used [0x00000000c0000000,0x00000000c0d5e908,0x00000000c2800000)
 Metaspace       used 5645K, capacity 6896K, committed 7040K, reserved 1056768K
  class space    used 545K, capacity 616K, committed 640K, reserved 1048576K
}
Event: 2,385 GC heap before
{Heap before GC invocations=4 (full 0):
 PSYoungGen      total 33280K, used 33268K [0x00000000eab00000, 0x00000000eec00000, 0x0000000100000000)
  eden space 30720K, 100% used [0x00000000eab00000,0x00000000ec900000,0x00000000ec900000)
  from space 2560K, 99% used [0x00000000ec900000,0x00000000ecb7d1d0,0x00000000ecb80000)
  to   space 2560K, 0% used [0x00000000ee980000,0x00000000ee980000,0x00000000eec00000)
 ParOldGen       total 40960K, used 13690K [0x00000000c0000000, 0x00000000c2800000, 0x00000000eab00000)
  object space 40960K, 33% used [0x00000000c0000000,0x00000000c0d5e908,0x00000000c2800000)
 Metaspace       used 7645K, capacity 8004K, committed 8192K, reserved 1056768K
  class space    used 745K, capacity 756K, committed 768K, reserved 1048576K
Event: 2,425 GC heap after
Heap after GC invocations=4 (full 0):
 PSYoungGen      total 64000K, used 2535K [0x00000000eab00000, 0x00000000eec00000, 0x0000000100000000)
  eden space 61440K, 0% used [0x00000000eab00000,0x00000000eab00000,0x00000000ee700000)
  from space 2560K, 99% used [0x00000000ee980000,0x00000000eebf9c58,0x00000000eec00000)
  to   space 2560K, 0% used [0x00000000ee700000,0x00000000ee700000,0x00000000ee980000)
 ParOldGen       total 40960K, used 20675K [0x00000000c0000000, 0x00000000c2800000, 0x00000000eab00000)
  object space 40960K, 50% used [0x00000000c0000000,0x00000000c1430cc8,0x00000000c2800000)
 Metaspace       used 7645K, capacity 8004K, committed 8192K, reserved 1056768K
  class space    used 745K, capacity 756K, committed 768K, reserved 1048576K
}
Event: 2,781 GC heap before
{Heap before GC invocations=5 (full 0):
 PSYoungGen      total 64000K, used 63975K [0x00000000eab00000, 0x00000000eec00000, 0x0000000100000000)
  eden space 61440K, 100% used [0x00000000eab00000,0x00000000ee700000,0x00000000ee700000)
  from space 2560K, 99% used [0x00000000ee980000,0x00000000eebf9c58,0x00000000eec00000)
  to   space 2560K, 0% used [0x00000000ee700000,0x00000000ee700000,0x00000000ee980000)
 ParOldGen       total 40960K, used 20675K [0x00000000c0000000, 0x00000000c2800000, 0x00000000eab00000)
  object space 40960K, 50% used [0x00000000c0000000,0x00000000c1430cc8,0x00000000c2800000)
 Metaspace       used 7696K, capacity 8004K, committed 8192K, reserved 1056768K
  class space    used 746K, capacity 756K, committed 768K, reserved 1048576K
Event: 2,803 GC heap after
Heap after GC invocations=5 (full 0):
 PSYoungGen      total 64000K, used 2546K [0x00000000eab00000, 0x00000000f3a00000, 0x0000000100000000)
  eden space 61440K, 0% used [0x00000000eab00000,0x00000000eab00000,0x00000000ee700000)
  from space 2560K, 99% used [0x00000000ee700000,0x00000000ee97ca88,0x00000000ee980000)
  to   space 11776K, 0% used [0x00000000f2e80000,0x00000000f2e80000,0x00000000f3a00000)
 ParOldGen       total 40960K, used 25834K [0x00000000c0000000, 0x00000000c2800000, 0x00000000eab00000)
  object space 40960K, 63% used [0x00000000c0000000,0x00000000c193aab0,0x00000000c2800000)
 Metaspace       used 7696K, capacity 8004K, committed 8192K, reserved 1056768K
  class space    used 746K, capacity 756K, committed 768K, reserved 1048576K
}
Event: 3,093 GC heap before
{Heap before GC invocations=6 (full 0):
 PSYoungGen      total 64000K, used 63986K [0x00000000eab00000, 0x00000000f3a00000, 0x0000000100000000)
  eden space 61440K, 100% used [0x00000000eab00000,0x00000000ee700000,0x00000000ee700000)
  from space 2560K, 99% used [0x00000000ee700000,0x00000000ee97ca88,0x00000000ee980000)
  to   space 11776K, 0% used [0x00000000f2e80000,0x00000000f2e80000,0x00000000f3a00000)
 ParOldGen       total 40960K, used 25834K [0x00000000c0000000, 0x00000000c2800000, 0x00000000eab00000)
  object space 40960K, 63% used [0x00000000c0000000,0x00000000c193aab0,0x00000000c2800000)
 Metaspace       used 7789K, capacity 8042K, committed 8320K, reserved 1056768K
  class space    used 754K, capacity 789K, committed 896K, reserved 1048576K
Event: 3,116 GC heap after
Heap after GC invocations=6 (full 0):
 PSYoungGen      total 133120K, used 11240K [0x00000000eab00000, 0x00000000f3d00000, 0x0000000100000000)
  eden space 121344K, 0% used [0x00000000eab00000,0x00000000eab00000,0x00000000f2180000)
  from space 11776K, 95% used [0x00000000f2e80000,0x00000000f397a3e8,0x00000000f3a00000)
  to   space 13312K, 0% used [0x00000000f2180000,0x00000000f2180000,0x00000000f2e80000)
 ParOldGen       total 40960K, used 28397K [0x00000000c0000000, 0x00000000c2800000, 0x00000000eab00000)
  object space 40960K, 69% used [0x00000000c0000000,0x00000000c1bbb470,0x00000000c2800000)
 Metaspace       used 7789K, capacity 8042K, committed 8320K, reserved 1056768K
  class space    used 754K, capacity 789K, committed 896K, reserved 1048576K
}
Event: 3,734 GC heap before
{Heap before GC invocations=7 (full 0):
 PSYoungGen      total 133120K, used 132584K [0x00000000eab00000, 0x00000000f3d00000, 0x0000000100000000)
  eden space 121344K, 100% used [0x00000000eab00000,0x00000000f2180000,0x00000000f2180000)
  from space 11776K, 95% used [0x00000000f2e80000,0x00000000f397a3e8,0x00000000f3a00000)
  to   space 13312K, 0% used [0x00000000f2180000,0x00000000f2180000,0x00000000f2e80000)
 ParOldGen       total 40960K, used 28397K [0x00000000c0000000, 0x00000000c2800000, 0x00000000eab00000)
  object space 40960K, 69% used [0x00000000c0000000,0x00000000c1bbb470,0x00000000c2800000)
 Metaspace       used 7797K, capacity 8042K, committed 8320K, reserved 1056768K
  class space    used 754K, capacity 789K, committed 896K, reserved 1048576K

Deoptimization events (10 events):
Event: 2,033 Thread 0x00007f36c000c000 Uncommon trap: reason=unstable_if action=reinterpret pc=0x00007f36b16a57f0 method=java.util.HashMap.putVal(ILjava/lang/Object;Ljava/lang/Object;ZZ)Ljava/lang/Object; @ 162
Event: 2,088 Thread 0x00007f36c000c000 Uncommon trap: reason=unstable_if action=reinterpret pc=0x00007f36b1700c54 method=com.android.dx.merge.IndexMap.adjustString(I)I @ 2
Event: 2,141 Thread 0x00007f36c000c000 Uncommon trap: reason=class_check action=maybe_recompile pc=0x00007f36b1402930 method=java.util.ArrayList.<init>(Ljava/util/Collection;)V @ 6
Event: 2,154 Thread 0x00007f36c000c000 Uncommon trap: reason=class_check action=maybe_recompile pc=0x00007f36b1402930 method=java.util.ArrayList.<init>(Ljava/util/Collection;)V @ 6
Event: 2,179 Thread 0x00007f36c000c000 Uncommon trap: reason=predicate action=maybe_recompile pc=0x00007f36b1720e7c method=com.android.dex.Leb128.readUnsignedLeb128(Lcom/android/dex/util/ByteInput;)I @ 41
Event: 2,263 Thread 0x00007f36c000c000 Uncommon trap: reason=unstable_if action=reinterpret pc=0x00007f36b174a3a0 method=com.android.dex.FieldId.compareTo(Lcom/android/dex/FieldId;)I @ 8
Event: 2,270 Thread 0x00007f36c000c000 Uncommon trap: reason=unstable_if action=reinterpret pc=0x00007f36b159766c method=java.util.HashMap.getNode(ILjava/lang/Object;)Ljava/util/HashMap$Node; @ 84
Event: 2,270 Thread 0x00007f36c000c000 Uncommon trap: reason=unstable_if action=reinterpret pc=0x00007f36b15e39b4 method=java.util.HashMap.getNode(ILjava/lang/Object;)Ljava/util/HashMap$Node; @ 84
Event: 2,339 Thread 0x00007f36c000c000 Uncommon trap: reason=unstable_if action=reinterpret pc=0x00007f36b174a694 method=com.android.dex.FieldId.compareTo(Lcom/android/dex/FieldId;)I @ 8
Event: 2,960 Thread 0x00007f36c000c000 Uncommon trap: reason=unstable_if action=reinterpret pc=0x00007f36b12bb49c method=java.lang.Long.numberOfTrailingZeros(J)I @ 3

Internal exceptions (6 events):
Event: 0,087 Thread 0x00007f36c000c000 Exception <a 'java/lang/NoSuchMethodError': Method sun.misc.Unsafe.defineClass(Ljava/lang/String;[BII)Ljava/lang/Class; name or signature does not match> (0x00000000eab12a38) thrown at [/RE-WORK/workspace/8-2-build-linux-amd64/jdk8u45/3457/hotspot/src/sha
Event: 0,087 Thread 0x00007f36c000c000 Exception <a 'java/lang/NoSuchMethodError': Method sun.misc.Unsafe.prefetchRead(Ljava/lang/Object;J)V name or signature does not match> (0x00000000eab12cc8) thrown at [/RE-WORK/workspace/8-2-build-linux-amd64/jdk8u45/3457/hotspot/src/share/vm/prims/jni.cp
Event: 2,139 Thread 0x00007f36c000c000 Exception <a 'java/security/PrivilegedActionException'> (0x00000000eb4af740) thrown at [/RE-WORK/workspace/8-2-build-linux-amd64/jdk8u45/3457/hotspot/src/share/vm/prims/jvm.cpp, line 1382]
Event: 2,139 Thread 0x00007f36c000c000 Exception <a 'java/security/PrivilegedActionException'> (0x00000000eb4afa88) thrown at [/RE-WORK/workspace/8-2-build-linux-amd64/jdk8u45/3457/hotspot/src/share/vm/prims/jvm.cpp, line 1382]
Event: 2,139 Thread 0x00007f36c000c000 Exception <a 'java/security/PrivilegedActionException'> (0x00000000eb4b2138) thrown at [/RE-WORK/workspace/8-2-build-linux-amd64/jdk8u45/3457/hotspot/src/share/vm/prims/jvm.cpp, line 1382]
Event: 2,139 Thread 0x00007f36c000c000 Exception <a 'java/security/PrivilegedActionException'> (0x00000000eb4b2480) thrown at [/RE-WORK/workspace/8-2-build-linux-amd64/jdk8u45/3457/hotspot/src/share/vm/prims/jvm.cpp, line 1382]

Events (10 events):
Event: 2,835 loading class sun/reflect/BootstrapConstructorAccessorImpl
Event: 2,835 loading class sun/reflect/BootstrapConstructorAccessorImpl done
Event: 2,875 Thread 0x00007f36c000c000 DEOPT PACKING pc=0x00007f36b1775f08 sp=0x00007f36c8e703e0
Event: 2,875 Thread 0x00007f36c000c000 DEOPT UNPACKING pc=0x00007f36b1047233 sp=0x00007f36c8e700f8 mode 0
Event: 2,960 Thread 0x00007f36c000c000 Uncommon trap: trap_request=0xffffff65 fr.pc=0x00007f36b12bb49c
Event: 2,960 Thread 0x00007f36c000c000 DEOPT PACKING pc=0x00007f36b12bb49c sp=0x00007f36c8e70170
Event: 2,960 Thread 0x00007f36c000c000 DEOPT UNPACKING pc=0x00007f36b1005229 sp=0x00007f36c8e70120 mode 2
Event: 3,093 Executing VM operation: ParallelGCFailedAllocation
Event: 3,116 Executing VM operation: ParallelGCFailedAllocation done
Event: 3,734 Executing VM operation: ParallelGCFailedAllocation


Dynamic libraries:
00400000-00401000 r-xp 00000000 08:05 799416                             /usr/lib/jvm/java-8-oracle/bin/java
00600000-00601000 rw-p 00000000 08:05 799416                             /usr/lib/jvm/java-8-oracle/bin/java
00aed000-00b0e000 rw-p 00000000 00:00 0                                  [heap]
c0000000-c2800000 rw-p 00000000 00:00 0 
c2800000-eab00000 ---p 00000000 00:00 0 
eab00000-f3d00000 rw-p 00000000 00:00 0 
fb100000-100000000 ---p 00000000 00:00 0 
100000000-1000e0000 rw-p 00000000 00:00 0 
1000e0000-140000000 ---p 00000000 00:00 0 
7f3674000000-7f3674021000 rw-p 00000000 00:00 0 
7f3674021000-7f3678000000 ---p 00000000 00:00 0 
7f367c000000-7f367c9b9000 rw-p 00000000 00:00 0 
7f367c9b9000-7f3680000000 ---p 00000000 00:00 0 
7f3680000000-7f3680021000 rw-p 00000000 00:00 0 
7f3680021000-7f3684000000 ---p 00000000 00:00 0 
7f3684000000-7f3685483000 rw-p 00000000 00:00 0 
7f3685483000-7f3688000000 ---p 00000000 00:00 0 
7f3688000000-7f3688d5e000 rw-p 00000000 00:00 0 
7f3688d5e000-7f368c000000 ---p 00000000 00:00 0 
7f368c000000-7f368c021000 rw-p 00000000 00:00 0 
7f368c021000-7f3690000000 ---p 00000000 00:00 0 
7f3690000000-7f3690021000 rw-p 00000000 00:00 0 
7f3690021000-7f3694000000 ---p 00000000 00:00 0 
7f3694000000-7f369428d000 rw-p 00000000 00:00 0 
7f369428d000-7f3698000000 ---p 00000000 00:00 0 
7f3698000000-7f3698021000 rw-p 00000000 00:00 0 
7f3698021000-7f369c000000 ---p 00000000 00:00 0 
7f369c000000-7f369c021000 rw-p 00000000 00:00 0 
7f369c021000-7f36a0000000 ---p 00000000 00:00 0 
7f36a18c0000-7f36a18c1000 ---p 00000000 00:00 0 
7f36a18c1000-7f36a19c1000 rw-p 00000000 00:00 0                          [stack:9379]
7f36a19c1000-7f36a19c4000 ---p 00000000 00:00 0 
7f36a19c4000-7f36a1ac2000 rw-p 00000000 00:00 0                          [stack:9378]
7f36a1ac2000-7f36a2000000 r--p 00000000 08:05 793953                     /usr/lib/locale/locale-archive
7f36a2000000-7f36a4000000 rw-p 00000000 00:00 0 
7f36a4000000-7f36a4021000 rw-p 00000000 00:00 0 
7f36a4021000-7f36a8000000 ---p 00000000 00:00 0 
7f36a8000000-7f36a8021000 rw-p 00000000 00:00 0 
7f36a8021000-7f36ac000000 ---p 00000000 00:00 0 
7f36ac000000-7f36ac021000 rw-p 00000000 00:00 0 
7f36ac021000-7f36b0000000 ---p 00000000 00:00 0 
7f36b0087000-7f36b008e000 r--s 00000000 08:05 12678                      /usr/lib/x86_64-linux-gnu/gconv/gconv-modules.cache
7f36b008e000-7f36b00b4000 r--p 00000000 08:05 155594                     /usr/share/locale-langpack/es/LC_MESSAGES/libc.mo
7f36b00b4000-7f36b00d0000 r--s 00393000 08:05 798559                     /usr/lib/jvm/java-8-oracle/jre/lib/ext/cldrdata.jar
7f36b00d0000-7f36b00d3000 ---p 00000000 00:00 0 
7f36b00d3000-7f36b01d1000 rw-p 00000000 00:00 0                          [stack:9377]
7f36b01d1000-7f36b01d4000 ---p 00000000 00:00 0 
7f36b01d4000-7f36b02d2000 rw-p 00000000 00:00 0                          [stack:9376]
7f36b02d2000-7f36b02d5000 ---p 00000000 00:00 0 
7f36b02d5000-7f36b03d3000 rw-p 00000000 00:00 0                          [stack:9375]
7f36b03d3000-7f36b03d6000 ---p 00000000 00:00 0 
7f36b03d6000-7f36b04d4000 rw-p 00000000 00:00 0                          [stack:9374]
7f36b04d4000-7f36b04d7000 ---p 00000000 00:00 0 
7f36b04d7000-7f36b05d5000 rw-p 00000000 00:00 0                          [stack:9373]
7f36b05d5000-7f36b05d8000 ---p 00000000 00:00 0 
7f36b05d8000-7f36b06d6000 rw-p 00000000 00:00 0                          [stack:9372]
7f36b06d6000-7f36b06d7000 ---p 00000000 00:00 0 
7f36b06d7000-7f36b1000000 rw-p 00000000 00:00 0                          [stack:9371]
7f36b1000000-7f36b18a0000 rwxp 00000000 00:00 0 
7f36b18a0000-7f36c0000000 ---p 00000000 00:00 0 
7f36c0000000-7f36c03d2000 rw-p 00000000 00:00 0 
7f36c03d2000-7f36c4000000 ---p 00000000 00:00 0 
7f36c4005000-7f36c4010000 r--s 00116000 08:05 798587                     /usr/lib/jvm/java-8-oracle/jre/lib/ext/localedata.jar
7f36c4010000-7f36c401f000 r--s 000dd000 08:06 1050226                    /home/xtiti/Android/Sdk/build-tools/22.0.1/lib/dx.jar
7f36c401f000-7f36c47aa000 rw-p 00000000 00:00 0 
7f36c47aa000-7f36c4983000 r--s 03d09000 08:05 794981                     /usr/lib/jvm/java-8-oracle/jre/lib/rt.jar
7f36c4983000-7f36c5139000 rw-p 00000000 00:00 0 
7f36c5139000-7f36c51f9000 ---p 00000000 00:00 0 
7f36c51f9000-7f36c53f9000 rw-p 00000000 00:00 0 
7f36c53f9000-7f36c53fa000 ---p 00000000 00:00 0 
7f36c53fa000-7f36c54fa000 rw-p 00000000 00:00 0                          [stack:9370]
7f36c54fa000-7f36c54fb000 ---p 00000000 00:00 0 
7f36c54fb000-7f36c55fb000 rw-p 00000000 00:00 0                          [stack:9369]
7f36c55fb000-7f36c55fc000 ---p 00000000 00:00 0 
7f36c55fc000-7f36c56fc000 rw-p 00000000 00:00 0                          [stack:9368]
7f36c56fc000-7f36c56fd000 ---p 00000000 00:00 0 
7f36c56fd000-7f36c5811000 rw-p 00000000 00:00 0                          [stack:9367]
7f36c5811000-7f36c5953000 ---p 00000000 00:00 0 
7f36c5953000-7f36c5967000 rw-p 00000000 00:00 0 
7f36c5967000-7f36c5aa8000 ---p 00000000 00:00 0 
7f36c5aa8000-7f36c5af2000 rw-p 00000000 00:00 0 
7f36c5af2000-7f36c5b53000 ---p 00000000 00:00 0 
7f36c5b53000-7f36c5b77000 rw-p 00000000 00:00 0 
7f36c5b77000-7f36c5f14000 ---p 00000000 00:00 0 
7f36c5f14000-7f36c5f2e000 r-xp 00000000 08:05 798998                     /usr/lib/jvm/java-8-oracle/jre/lib/amd64/libzip.so
7f36c5f2e000-7f36c612e000 ---p 0001a000 08:05 798998                     /usr/lib/jvm/java-8-oracle/jre/lib/amd64/libzip.so
7f36c612e000-7f36c612f000 rw-p 0001a000 08:05 798998                     /usr/lib/jvm/java-8-oracle/jre/lib/amd64/libzip.so
7f36c612f000-7f36c613a000 r-xp 00000000 08:05 916448                     /lib/x86_64-linux-gnu/libnss_files-2.19.so
7f36c613a000-7f36c6339000 ---p 0000b000 08:05 916448                     /lib/x86_64-linux-gnu/libnss_files-2.19.so
7f36c6339000-7f36c633a000 r--p 0000a000 08:05 916448                     /lib/x86_64-linux-gnu/libnss_files-2.19.so
7f36c633a000-7f36c633b000 rw-p 0000b000 08:05 916448                     /lib/x86_64-linux-gnu/libnss_files-2.19.so
7f36c633b000-7f36c6346000 r-xp 00000000 08:05 916486                     /lib/x86_64-linux-gnu/libnss_nis-2.19.so
7f36c6346000-7f36c6545000 ---p 0000b000 08:05 916486                     /lib/x86_64-linux-gnu/libnss_nis-2.19.so
7f36c6545000-7f36c6546000 r--p 0000a000 08:05 916486                     /lib/x86_64-linux-gnu/libnss_nis-2.19.so
7f36c6546000-7f36c6547000 rw-p 0000b000 08:05 916486                     /lib/x86_64-linux-gnu/libnss_nis-2.19.so
7f36c6547000-7f36c655e000 r-xp 00000000 08:05 916466                     /lib/x86_64-linux-gnu/libnsl-2.19.so
7f36c655e000-7f36c675d000 ---p 00017000 08:05 916466                     /lib/x86_64-linux-gnu/libnsl-2.19.so
7f36c675d000-7f36c675e000 r--p 00016000 08:05 916466                     /lib/x86_64-linux-gnu/libnsl-2.19.so
7f36c675e000-7f36c675f000 rw-p 00017000 08:05 916466                     /lib/x86_64-linux-gnu/libnsl-2.19.so
7f36c675f000-7f36c6761000 rw-p 00000000 00:00 0 
7f36c6761000-7f36c676a000 r-xp 00000000 08:05 916464                     /lib/x86_64-linux-gnu/libnss_compat-2.19.so
7f36c676a000-7f36c6969000 ---p 00009000 08:05 916464                     /lib/x86_64-linux-gnu/libnss_compat-2.19.so
7f36c6969000-7f36c696a000 r--p 00008000 08:05 916464                     /lib/x86_64-linux-gnu/libnss_compat-2.19.so
7f36c696a000-7f36c696b000 rw-p 00009000 08:05 916464                     /lib/x86_64-linux-gnu/libnss_compat-2.19.so
7f36c696b000-7f36c6995000 r-xp 00000000 08:05 798995                     /usr/lib/jvm/java-8-oracle/jre/lib/amd64/libjava.so
7f36c6995000-7f36c6b95000 ---p 0002a000 08:05 798995                     /usr/lib/jvm/java-8-oracle/jre/lib/amd64/libjava.so
7f36c6b95000-7f36c6b97000 rw-p 0002a000 08:05 798995                     /usr/lib/jvm/java-8-oracle/jre/lib/amd64/libjava.so
7f36c6b97000-7f36c6ba4000 r-xp 00000000 08:05 798604                     /usr/lib/jvm/java-8-oracle/jre/lib/amd64/libverify.so
7f36c6ba4000-7f36c6da4000 ---p 0000d000 08:05 798604                     /usr/lib/jvm/java-8-oracle/jre/lib/amd64/libverify.so
7f36c6da4000-7f36c6da6000 rw-p 0000d000 08:05 798604                     /usr/lib/jvm/java-8-oracle/jre/lib/amd64/libverify.so
7f36c6da6000-7f36c6dad000 r-xp 00000000 08:05 916482                     /lib/x86_64-linux-gnu/librt-2.19.so
7f36c6dad000-7f36c6fac000 ---p 00007000 08:05 916482                     /lib/x86_64-linux-gnu/librt-2.19.so
7f36c6fac000-7f36c6fad000 r--p 00006000 08:05 916482                     /lib/x86_64-linux-gnu/librt-2.19.so
7f36c6fad000-7f36c6fae000 rw-p 00007000 08:05 916482                     /lib/x86_64-linux-gnu/librt-2.19.so
7f36c6fae000-7f36c70b3000 r-xp 00000000 08:05 916446                     /lib/x86_64-linux-gnu/libm-2.19.so
7f36c70b3000-7f36c72b2000 ---p 00105000 08:05 916446                     /lib/x86_64-linux-gnu/libm-2.19.so
7f36c72b2000-7f36c72b3000 r--p 00104000 08:05 916446                     /lib/x86_64-linux-gnu/libm-2.19.so
7f36c72b3000-7f36c72b4000 rw-p 00105000 08:05 916446                     /lib/x86_64-linux-gnu/libm-2.19.so
7f36c72b4000-7f36c7f62000 r-xp 00000000 08:05 798976                     /usr/lib/jvm/java-8-oracle/jre/lib/amd64/server/libjvm.so
7f36c7f62000-7f36c8161000 ---p 00cae000 08:05 798976                     /usr/lib/jvm/java-8-oracle/jre/lib/amd64/server/libjvm.so
7f36c8161000-7f36c8238000 rw-p 00cad000 08:05 798976                     /usr/lib/jvm/java-8-oracle/jre/lib/amd64/server/libjvm.so
7f36c8238000-7f36c827c000 rw-p 00000000 00:00 0 
7f36c827c000-7f36c8437000 r-xp 00000000 08:05 916476                     /lib/x86_64-linux-gnu/libc-2.19.so
7f36c8437000-7f36c8636000 ---p 001bb000 08:05 916476                     /lib/x86_64-linux-gnu/libc-2.19.so
7f36c8636000-7f36c863a000 r--p 001ba000 08:05 916476                     /lib/x86_64-linux-gnu/libc-2.19.so
7f36c863a000-7f36c863c000 rw-p 001be000 08:05 916476                     /lib/x86_64-linux-gnu/libc-2.19.so
7f36c863c000-7f36c8641000 rw-p 00000000 00:00 0 
7f36c8641000-7f36c8644000 r-xp 00000000 08:05 916454                     /lib/x86_64-linux-gnu/libdl-2.19.so
7f36c8644000-7f36c8843000 ---p 00003000 08:05 916454                     /lib/x86_64-linux-gnu/libdl-2.19.so
7f36c8843000-7f36c8844000 r--p 00002000 08:05 916454                     /lib/x86_64-linux-gnu/libdl-2.19.so
7f36c8844000-7f36c8845000 rw-p 00003000 08:05 916454                     /lib/x86_64-linux-gnu/libdl-2.19.so
7f36c8845000-7f36c885a000 r-xp 00000000 08:05 811476                     /usr/lib/jvm/java-8-oracle/lib/amd64/jli/libjli.so
7f36c885a000-7f36c8a5a000 ---p 00015000 08:05 811476                     /usr/lib/jvm/java-8-oracle/lib/amd64/jli/libjli.so
7f36c8a5a000-7f36c8a5b000 rw-p 00015000 08:05 811476                     /usr/lib/jvm/java-8-oracle/lib/amd64/jli/libjli.so
7f36c8a5b000-7f36c8a74000 r-xp 00000000 08:05 916478                     /lib/x86_64-linux-gnu/libpthread-2.19.so
7f36c8a74000-7f36c8c73000 ---p 00019000 08:05 916478                     /lib/x86_64-linux-gnu/libpthread-2.19.so
7f36c8c73000-7f36c8c74000 r--p 00018000 08:05 916478                     /lib/x86_64-linux-gnu/libpthread-2.19.so
7f36c8c74000-7f36c8c75000 rw-p 00019000 08:05 916478                     /lib/x86_64-linux-gnu/libpthread-2.19.so
7f36c8c75000-7f36c8c79000 rw-p 00000000 00:00 0 
7f36c8c79000-7f36c8c9c000 r-xp 00000000 08:05 916470                     /lib/x86_64-linux-gnu/ld-2.19.so
7f36c8c9e000-7f36c8d71000 rw-p 00000000 00:00 0 
7f36c8d71000-7f36c8d74000 ---p 00000000 00:00 0 
7f36c8d74000-7f36c8e76000 rw-p 00000000 00:00 0                          [stack:9366]
7f36c8e76000-7f36c8e7b000 r--s 00094000 08:05 789141                     /usr/lib/jvm/java-8-oracle/jre/lib/jsse.jar
7f36c8e7b000-7f36c8e8f000 rw-p 00000000 00:00 0 
7f36c8e8f000-7f36c8e97000 rw-s 00000000 08:05 1075390                    /tmp/hsperfdata_xtiti/9361
7f36c8e97000-7f36c8e98000 rw-p 00000000 00:00 0 
7f36c8e98000-7f36c8e99000 ---p 00000000 00:00 0 
7f36c8e99000-7f36c8e9b000 rw-p 00000000 00:00 0 
7f36c8e9b000-7f36c8e9c000 r--p 00022000 08:05 916470                     /lib/x86_64-linux-gnu/ld-2.19.so
7f36c8e9c000-7f36c8e9d000 rw-p 00023000 08:05 916470                     /lib/x86_64-linux-gnu/ld-2.19.so
7f36c8e9d000-7f36c8e9e000 rw-p 00000000 00:00 0 
7ffdd7252000-7ffdd7274000 rw-p 00000000 00:00 0                          [stack]
7ffdd731a000-7ffdd731c000 r-xp 00000000 00:00 0                          [vdso]
7ffdd731c000-7ffdd731e000 r--p 00000000 00:00 0                          [vvar]
ffffffffff600000-ffffffffff601000 r-xp 00000000 00:00 0                  [vsyscall]

VM Arguments:
jvm_args: -Xmx1024M -Dfile.encoding=UTF-8 -Duser.country=ES -Duser.language=es -Duser.variant 
java_command: com.android.dx.command.Main --dex --output /home/xtiti/AndroidStudioProjects/Hammock_Rent/app/build/intermediates/dex/debug /home/xtiti/AndroidStudioProjects/Hammock_Rent/app/build/intermediates/classes/debug /home/xtiti/AndroidStudioProjects/Hammock_Rent/app/build/intermediates/pre-dexed/debug/support-annotations-22.2.0-153de45ecafc3e786867ee362fc621c597a9868e.jar /home/xtiti/AndroidStudioProjects/Hammock_Rent/app/build/intermediates/pre-dexed/debug/classes-17a2b6074a1e4c2a9a305f8448bd2ed9e90dd5bb.jar /home/xtiti/AndroidStudioProjects/Hammock_Rent/app/build/intermediates/pre-dexed/debug/classes-e045691255ccbaee961aef90bdc2b85b30c4779e.jar /home/xtiti/AndroidStudioProjects/Hammock_Rent/app/build/intermediates/pre-dexed/debug/classes-4ab081ea7ef13a0adb439613d2fd4155079c95e7.jar /home/xtiti/AndroidStudioProjects/Hammock_Rent/app/build/intermediates/pre-dexed/debug/internal_impl-22.0.0-1aebf6f9ea11561b618b0aaea00ea92b42c6596a.jar /home/xtiti/AndroidStudioProjects/Hammock_Rent/app/build/intermediates/pre-dexed/debug/classes-eac630d588a0637f0359eb54cc17d04c944ad493.jar /home/xtiti/AndroidStudioProjects/Hammock_Rent/app/build/intermediates/pre-dexed/debug/classes-96add56222c1b0147af2d2693974f522b17935be.jar /home/xtiti/AndroidStudioProjects/Hammock_Rent/app/build/intermediates/pre-dexed/debug/classes-bdcc3d2e2f40bee8fa35de984e05e1252de17a41.jar /home/xtiti/AndroidStudioProjects/Hammock_Rent/app/build/intermediates/pre-dexed/debug/classes-eff8b29742106984a858f64268e41b46e99d2fad.jar /home/xtiti/AndroidStudioProjects/Hammock_Rent/app/build/intermediates/pre-dexed/debug/classes-9383dff18c7f52d12ab5f8757a5eccfd36697cab.jar /home/xtiti/AndroidStudioProjects/Hammock_Rent/app/build/intermediates/pre-dexed/debug/classes-e571f1f4223630a82993e3ad06272f189395c2b4.jar /home/xtiti/AndroidStudioProjects/Hammock_Rent/app/build/intermediates/pre-dexed/debug/classes-2f2e1b712d3c5808a7724adc61be50d42c507044.jar /home/xtiti/AndroidStudioProjects/Hammock_Rent/app/build/interm
java_class_path (initial): /home/xtiti/Android/Sdk/build-tools/22.0.1/lib/dx.jar
Launcher Type: SUN_STANDARD

Environment Variables:
JAVA_HOME=JAVA_HOME=/usr/lib/jvm/java-8-oracle
PATH=/usr/games:/usr/local/sbin:/usr/local/bin:/usr/sbin:/usr/bin:/sbin:/bin:/usr/games:/usr/local/games
USERNAME=xtiti
LD_LIBRARY_PATH=/home/xtiti/Programas/android-studio/bin:
SHELL=/bin/bash
DISPLAY=:0

Signal Handlers:
SIGSEGV: [libjvm.so+0xaad1e0], sa_mask[0]=11111111011111111101111111111110, sa_flags=SA_RESTART|SA_SIGINFO
SIGBUS: [libjvm.so+0xaad1e0], sa_mask[0]=11111111011111111101111111111110, sa_flags=SA_RESTART|SA_SIGINFO
SIGFPE: [libjvm.so+0x90b450], sa_mask[0]=11111111011111111101111111111110, sa_flags=SA_RESTART|SA_SIGINFO
SIGPIPE: [libjvm.so+0x90b450], sa_mask[0]=11111111011111111101111111111110, sa_flags=SA_RESTART|SA_SIGINFO
SIGXFSZ: [libjvm.so+0x90b450], sa_mask[0]=11111111011111111101111111111110, sa_flags=SA_RESTART|SA_SIGINFO
SIGILL: [libjvm.so+0x90b450], sa_mask[0]=11111111011111111101111111111110, sa_flags=SA_RESTART|SA_SIGINFO
SIGUSR1: SIG_DFL, sa_mask[0]=00000000000000000000000000000000, sa_flags=none
SIGUSR2: [libjvm.so+0x90ca90], sa_mask[0]=00100000000000000000000000000000, sa_flags=SA_RESTART|SA_SIGINFO
SIGHUP: [libjvm.so+0x90dde0], sa_mask[0]=11111111011111111101111111111110, sa_flags=SA_RESTART|SA_SIGINFO
SIGINT: [libjvm.so+0x90dde0], sa_mask[0]=11111111011111111101111111111110, sa_flags=SA_RESTART|SA_SIGINFO
SIGTERM: [libjvm.so+0x90dde0], sa_mask[0]=11111111011111111101111111111110, sa_flags=SA_RESTART|SA_SIGINFO
SIGQUIT: [libjvm.so+0x90dde0], sa_mask[0]=11111111011111111101111111111110, sa_flags=SA_RESTART|SA_SIGINFO


---------------  S Y S T E M  ---------------

OS:DISTRIB_ID=LinuxMint
DISTRIB_RELEASE=17.2
DISTRIB_CODENAME=rafaela
DISTRIB_DESCRIPTION="Linux Mint 17.2 Rafaela"

uname:Linux 3.16.0-38-generic #52~14.04.1-Ubuntu SMP Fri May 8 09:43:57 UTC 2015 x86_64
libc:glibc 2.19 NPTL 2.19 
rlimit: STACK 8192k, CORE 0k, NPROC 15149, NOFILE 4096, AS infinity
load average:1,27 0,51 0,59

/proc/meminfo:
MemTotal:        3909244 kB
MemFree:          136376 kB
MemAvailable:      91364 kB
Buffers:            1012 kB
Cached:            84120 kB
SwapCached:        22692 kB
Active:          2723568 kB
Inactive:         772100 kB
Active(anon):    2702656 kB
Inactive(anon):   751404 kB
Active(file):      20912 kB
Inactive(file):    20696 kB
Unevictable:         136 kB
Mlocked:             136 kB
SwapTotal:       3998716 kB
SwapFree:              0 kB
Dirty:              3220 kB
Writeback:            52 kB
AnonPages:       3388840 kB
Mapped:           109396 kB
Shmem:             43696 kB
Slab:              76712 kB
SReclaimable:      37300 kB
SUnreclaim:        39412 kB
KernelStack:       17536 kB
PageTables:        55876 kB
NFS_Unstable:          0 kB
Bounce:                0 kB
WritebackTmp:          0 kB
CommitLimit:     5953336 kB
Committed_AS:   12805380 kB
VmallocTotal:   34359738367 kB
VmallocUsed:      308184 kB
VmallocChunk:   34359423996 kB
HardwareCorrupted:     0 kB
AnonHugePages:   1163264 kB
HugePages_Total:       0
HugePages_Free:        0
HugePages_Rsvd:        0
HugePages_Surp:        0
Hugepagesize:       2048 kB
DirectMap4k:      199780 kB
DirectMap2M:     3854336 kB


CPU:total 4 (2 cores per cpu, 2 threads per core) family 6 model 37 stepping 2, cmov, cx8, fxsr, mmx, sse, sse2, sse3, ssse3, sse4.1, sse4.2, popcnt, ht, tsc, tscinvbit

/proc/cpuinfo:
processor	: 0
vendor_id	: GenuineIntel
cpu family	: 6
model		: 37
model name	: Intel(R) Core(TM) i5 CPU       M 430  @ 2.27GHz
stepping	: 2
microcode	: 0x9
cpu MHz		: 2267.000
cache size	: 3072 KB
physical id	: 0
siblings	: 4
core id		: 0
cpu cores	: 2
apicid		: 0
initial apicid	: 0
fpu		: yes
fpu_exception	: yes
cpuid level	: 11
wp		: yes
flags		: fpu vme de pse tsc msr pae mce cx8 apic sep mtrr pge mca cmov pat pse36 clflush dts acpi mmx fxsr sse sse2 ss ht tm pbe syscall nx rdtscp lm constant_tsc arch_perfmon pebs bts rep_good nopl xtopology nonstop_tsc aperfmperf pni dtes64 monitor ds_cpl vmx est tm2 ssse3 cx16 xtpr pdcm sse4_1 sse4_2 popcnt lahf_lm ida arat dtherm tpr_shadow vnmi flexpriority ept vpid
bogomips	: 4522.66
clflush size	: 64
cache_alignment	: 64
address sizes	: 36 bits physical, 48 bits virtual
power management:

processor	: 1
vendor_id	: GenuineIntel
cpu family	: 6
model		: 37
model name	: Intel(R) Core(TM) i5 CPU       M 430  @ 2.27GHz
stepping	: 2
microcode	: 0x9
cpu MHz		: 2267.000
cache size	: 3072 KB
physical id	: 0
siblings	: 4
core id		: 0
cpu cores	: 2
apicid		: 1
initial apicid	: 1
fpu		: yes
fpu_exception	: yes
cpuid level	: 11
wp		: yes
flags		: fpu vme de pse tsc msr pae mce cx8 apic sep mtrr pge mca cmov pat pse36 clflush dts acpi mmx fxsr sse sse2 ss ht tm pbe syscall nx rdtscp lm constant_tsc arch_perfmon pebs bts rep_good nopl xtopology nonstop_tsc aperfmperf pni dtes64 monitor ds_cpl vmx est tm2 ssse3 cx16 xtpr pdcm sse4_1 sse4_2 popcnt lahf_lm ida arat dtherm tpr_shadow vnmi flexpriority ept vpid
bogomips	: 4522.66
clflush size	: 64
cache_alignment	: 64
address sizes	: 36 bits physical, 48 bits virtual
power management:

processor	: 2
vendor_id	: GenuineIntel
cpu family	: 6
model		: 37
model name	: Intel(R) Core(TM) i5 CPU       M 430  @ 2.27GHz
stepping	: 2
microcode	: 0x9
cpu MHz		: 2267.000
cache size	: 3072 KB
physical id	: 0
siblings	: 4
core id		: 2
cpu cores	: 2
apicid		: 4
initial apicid	: 4
fpu		: yes
fpu_exception	: yes
cpuid level	: 11
wp		: yes
flags		: fpu vme de pse tsc msr pae mce cx8 apic sep mtrr pge mca cmov pat pse36 clflush dts acpi mmx fxsr sse sse2 ss ht tm pbe syscall nx rdtscp lm constant_tsc arch_perfmon pebs bts rep_good nopl xtopology nonstop_tsc aperfmperf pni dtes64 monitor ds_cpl vmx est tm2 ssse3 cx16 xtpr pdcm sse4_1 sse4_2 popcnt lahf_lm ida arat dtherm tpr_shadow vnmi flexpriority ept vpid
bogomips	: 4522.66
clflush size	: 64
cache_alignment	: 64
address sizes	: 36 bits physical, 48 bits virtual
power management:

processor	: 3
vendor_id	: GenuineIntel
cpu family	: 6
model		: 37
model name	: Intel(R) Core(TM) i5 CPU       M 430  @ 2.27GHz
stepping	: 2
microcode	: 0x9
cpu MHz		: 1466.000
cache size	: 3072 KB
physical id	: 0
siblings	: 4
core id		: 2
cpu cores	: 2
apicid		: 5
initial apicid	: 5
fpu		: yes
fpu_exception	: yes
cpuid level	: 11
wp		: yes
flags		: fpu vme de pse tsc msr pae mce cx8 apic sep mtrr pge mca cmov pat pse36 clflush dts acpi mmx fxsr sse sse2 ss ht tm pbe syscall nx rdtscp lm constant_tsc arch_perfmon pebs bts rep_good nopl xtopology nonstop_tsc aperfmperf pni dtes64 monitor ds_cpl vmx est tm2 ssse3 cx16 xtpr pdcm sse4_1 sse4_2 popcnt lahf_lm ida arat dtherm tpr_shadow vnmi flexpriority ept vpid
bogomips	: 4522.66
clflush size	: 64
cache_alignment	: 64
address sizes	: 36 bits physical, 48 bits virtual
power management:



Memory: 4k page, physical 3909244k(136624k free), swap 3998716k(0k free)

vm_info: Java HotSpot(TM) 64-Bit Server VM (25.45-b02) for linux-amd64 JRE (1.8.0_45-b14), built on Apr 10 2015 10:07:45 by "java_re" with gcc 4.3.0 20080428 (Red Hat 4.3.0-8)

time: Mon Jul 13 15:25:43 2015
elapsed time: 3 seconds (0d 0h 0m 3s)

