#
# There is insufficient memory for the Java Runtime Environment to continue.
# Native memory allocation (mmap) failed to map 71303168 bytes for committing reserved memory.
# Possible reasons:
#   The system is out of physical RAM or swap space
#   In 32 bit mode, the process size limit was hit
# Possible solutions:
#   Reduce memory load on the system
#   Increase physical memory or swap space
#   Check if swap backing store is full
#   Use 64 bit Java on a 64 bit OS
#   Decrease Java heap size (-Xmx/-Xms)
#   Decrease number of Java threads
#   Decrease Java thread stack sizes (-Xss)
#   Set larger code cache with -XX:ReservedCodeCacheSize=
# This output file may be truncated or incomplete.
#
#  Out of Memory Error (os_linux.cpp:2673), pid=8925, tid=140123184240384
#
# JRE version: Java(TM) SE Runtime Environment (8.0_45-b14) (build 1.8.0_45-b14)
# Java VM: Java HotSpot(TM) 64-Bit Server VM (25.45-b02 mixed mode linux-amd64 compressed oops)
# Failed to write core dump. Core dumps have been disabled. To enable core dumping, try "ulimit -c unlimited" before starting Java again
#

---------------  T H R E A D  ---------------

Current thread (0x00007f7110079800):  VMThread [stack: 0x00007f70f88f1000,0x00007f70f89f2000] [id=8936]

Stack: [0x00007f70f88f1000,0x00007f70f89f2000],  sp=0x00007f70f89f0260,  free space=1020k
Native frames: (J=compiled Java code, j=interpreted, Vv=VM code, C=native code)
V  [libjvm.so+0xaac99a]  VMError::report_and_die()+0x2ba
V  [libjvm.so+0x4f333b]  report_vm_out_of_memory(char const*, int, unsigned long, VMErrorType, char const*)+0x8b
V  [libjvm.so+0x90e7c3]  os::Linux::commit_memory_impl(char*, unsigned long, bool)+0x103
V  [libjvm.so+0x90ed19]  os::pd_commit_memory(char*, unsigned long, unsigned long, bool)+0x29
V  [libjvm.so+0x90867a]  os::commit_memory(char*, unsigned long, unsigned long, bool)+0x2a
V  [libjvm.so+0x97bac3]  PSVirtualSpace::expand_by(unsigned long)+0x53
V  [libjvm.so+0x97cec8]  PSYoungGen::resize_generation(unsigned long, unsigned long)+0xf8
V  [libjvm.so+0x97c022]  PSYoungGen::resize(unsigned long, unsigned long)+0x22
V  [libjvm.so+0x9792fb]  PSScavenge::invoke_no_policy()+0xf7b
V  [libjvm.so+0x979a81]  PSScavenge::invoke()+0x41
V  [libjvm.so+0x932050]  ParallelScavengeHeap::failed_mem_allocate(unsigned long)+0x70
V  [libjvm.so+0xaae1d7]  VM_ParallelGCFailedAllocation::doit()+0x97
V  [libjvm.so+0xab59c5]  VM_Operation::evaluate()+0x55
V  [libjvm.so+0xab3d9a]  VMThread::evaluate_operation(VM_Operation*)+0xba
V  [libjvm.so+0xab411e]  VMThread::loop()+0x1ce
V  [libjvm.so+0xab4590]  VMThread::run()+0x70
V  [libjvm.so+0x910de8]  java_start(Thread*)+0x108

VM_Operation (0x00007f71170a8300): ParallelGCFailedAllocation, mode: safepoint, requested by thread 0x00007f711000c000


---------------  P R O C E S S  ---------------

Java Threads: ( => current thread )
  0x00007f71100da000 JavaThread "Service Thread" daemon [_thread_blocked, id=8943, stack(0x00007f70f3bfc000,0x00007f70f3cfd000)]
  0x00007f71100bd000 JavaThread "C1 CompilerThread2" daemon [_thread_blocked, id=8942, stack(0x00007f70f3cfd000,0x00007f70f3dfe000)]
  0x00007f71100bb000 JavaThread "C2 CompilerThread1" daemon [_thread_blocked, id=8941, stack(0x00007f70f3dfe000,0x00007f70f3eff000)]
  0x00007f71100b8000 JavaThread "C2 CompilerThread0" daemon [_thread_blocked, id=8940, stack(0x00007f70f3eff000,0x00007f70f4000000)]
  0x00007f71100b7000 JavaThread "Signal Dispatcher" daemon [_thread_blocked, id=8939, stack(0x00007f70f80b0000,0x00007f70f81b1000)]
  0x00007f7110081000 JavaThread "Finalizer" daemon [_thread_blocked, id=8938, stack(0x00007f70f86ef000,0x00007f70f87f0000)]
  0x00007f711007e800 JavaThread "Reference Handler" daemon [_thread_blocked, id=8937, stack(0x00007f70f87f0000,0x00007f70f88f1000)]
  0x00007f711000c000 JavaThread "main" [_thread_blocked, id=8931, stack(0x00007f7116fa9000,0x00007f71170aa000)]

Other Threads:
=>0x00007f7110079800 VMThread [stack: 0x00007f70f88f1000,0x00007f70f89f2000] [id=8936]
  0x00007f71100dd000 WatcherThread [stack: 0x00007f70f3afb000,0x00007f70f3bfc000] [id=8944]

VM state:at safepoint (normal execution)

VM Mutex/Monitor currently owned by a thread:  ([mutex/lock_event])
[0x00007f71100083a0] Threads_lock - owner thread: 0x00007f7110079800
[0x00007f71100088a0] Heap_lock - owner thread: 0x00007f711000c000

Heap:
 PSYoungGen      total 260096K, used 17344K [0x00000000eab00000, 0x00000000fbc00000, 0x0000000100000000)
  eden space 242688K, 0% used [0x00000000eab00000,0x00000000eab00000,0x00000000f9800000)
  from space 17408K, 99% used [0x00000000f9800000,0x00000000fa8f0340,0x00000000fa900000)
  to   space 15360K, 0% used [0x00000000fa900000,0x00000000fa900000,0x00000000fb800000)
 ParOldGen       total 59904K, used 27664K [0x00000000c0000000, 0x00000000c3a80000, 0x00000000eab00000)
  object space 59904K, 46% used [0x00000000c0000000,0x00000000c1b042b0,0x00000000c3a80000)
 Metaspace       used 7825K, capacity 8106K, committed 8320K, reserved 1056768K
  class space    used 754K, capacity 789K, committed 896K, reserved 1048576K

Card table byte_map: [0x00007f7100a3f000,0x00007f7100c40000] byte_map_base: 0x00007f710043f000

Marking Bits: (ParMarkBitMap*) 0x00007f7116489760
 Begin Bits: [0x00007f70fa000000, 0x00007f70fb000000)
 End Bits:   [0x00007f70fb000000, 0x00007f70fc000000)

Polling page: 0x00007f71170d0000

CodeCache: size=245760Kb used=9127Kb max_used=9138Kb free=236632Kb
 bounds [0x00007f7101000000, 0x00007f7101900000, 0x00007f7110000000]
 total_blobs=2954 nmethods=2658 adapters=210
 compilation: enabled

Compilation events (10 events):
Event: 5,776 Thread 0x00007f71100b8000 nmethod 2720 0x00007f71018f8810 code [0x00007f71018f8a20, 0x00007f71018f9798]
Event: 5,776 Thread 0x00007f71100b8000 2723       4       java.security.MessageDigest$Delegate::engineUpdate (11 bytes)
Event: 5,784 Thread 0x00007f71100b8000 nmethod 2723 0x00007f71018d2890 code [0x00007f71018d2a20, 0x00007f71018d2ef8]
Event: 5,785 Thread 0x00007f71100bb000 nmethod 2722 0x00007f71018c9490 code [0x00007f71018c9620, 0x00007f71018c9b58]
Event: 5,803 Thread 0x00007f71100b8000 2724       4       java.util.zip.Adler32::update (51 bytes)
Event: 5,804 Thread 0x00007f71100b8000 nmethod 2724 0x00007f71018c9050 code [0x00007f71018c91a0, 0x00007f71018c92c8]
Event: 5,806 Thread 0x00007f71100bd000 2725       3       java.util.regex.Pattern$Start::match (90 bytes)
Event: 5,812 Thread 0x00007f71100bd000 nmethod 2725 0x00007f71018c5010 code [0x00007f71018c51a0, 0x00007f71018c55a8]
Event: 5,857 Thread 0x00007f71100bb000 2726       4       java.util.ComparableTimSort::binarySort (223 bytes)
Event: 5,871 Thread 0x00007f71100b8000 2727       4       com.android.dex.EncodedValueReader::readMethod (24 bytes)

GC Heap History (10 events):
Event: 3,487 GC heap after
Heap after GC invocations=5 (full 0):
 PSYoungGen      total 64000K, used 2543K [0x00000000eab00000, 0x00000000f3c00000, 0x0000000100000000)
  eden space 61440K, 0% used [0x00000000eab00000,0x00000000eab00000,0x00000000ee700000)
  from space 2560K, 99% used [0x00000000ee700000,0x00000000ee97beb8,0x00000000ee980000)
  to   space 12800K, 0% used [0x00000000f2f80000,0x00000000f2f80000,0x00000000f3c00000)
 ParOldGen       total 40960K, used 23727K [0x00000000c0000000, 0x00000000c2800000, 0x00000000eab00000)
  object space 40960K, 57% used [0x00000000c0000000,0x00000000c172bff8,0x00000000c2800000)
 Metaspace       used 7705K, capacity 8004K, committed 8192K, reserved 1056768K
  class space    used 746K, capacity 756K, committed 768K, reserved 1048576K
}
Event: 3,738 GC heap before
{Heap before GC invocations=6 (full 0):
 PSYoungGen      total 64000K, used 63983K [0x00000000eab00000, 0x00000000f3c00000, 0x0000000100000000)
  eden space 61440K, 100% used [0x00000000eab00000,0x00000000ee700000,0x00000000ee700000)
  from space 2560K, 99% used [0x00000000ee700000,0x00000000ee97beb8,0x00000000ee980000)
  to   space 12800K, 0% used [0x00000000f2f80000,0x00000000f2f80000,0x00000000f3c00000)
 ParOldGen       total 40960K, used 23727K [0x00000000c0000000, 0x00000000c2800000, 0x00000000eab00000)
  object space 40960K, 57% used [0x00000000c0000000,0x00000000c172bff8,0x00000000c2800000)
 Metaspace       used 7799K, capacity 8042K, committed 8320K, reserved 1056768K
  class space    used 754K, capacity 789K, committed 896K, reserved 1048576K
Event: 3,776 GC heap after
Heap after GC invocations=6 (full 0):
 PSYoungGen      total 135168K, used 9668K [0x00000000eab00000, 0x00000000f3d00000, 0x0000000100000000)
  eden space 122368K, 0% used [0x00000000eab00000,0x00000000eab00000,0x00000000f2280000)
  from space 12800K, 75% used [0x00000000f2f80000,0x00000000f38f10c0,0x00000000f3c00000)
  to   space 13312K, 0% used [0x00000000f2280000,0x00000000f2280000,0x00000000f2f80000)
 ParOldGen       total 40960K, used 23727K [0x00000000c0000000, 0x00000000c2800000, 0x00000000eab00000)
  object space 40960K, 57% used [0x00000000c0000000,0x00000000c172bff8,0x00000000c2800000)
 Metaspace       used 7799K, capacity 8042K, committed 8320K, reserved 1056768K
  class space    used 754K, capacity 789K, committed 896K, reserved 1048576K
}
Event: 4,367 GC heap before
{Heap before GC invocations=7 (full 0):
 PSYoungGen      total 135168K, used 132036K [0x00000000eab00000, 0x00000000f3d00000, 0x0000000100000000)
  eden space 122368K, 100% used [0x00000000eab00000,0x00000000f2280000,0x00000000f2280000)
  from space 12800K, 75% used [0x00000000f2f80000,0x00000000f38f10c0,0x00000000f3c00000)
  to   space 13312K, 0% used [0x00000000f2280000,0x00000000f2280000,0x00000000f2f80000)
 ParOldGen       total 40960K, used 23727K [0x00000000c0000000, 0x00000000c2800000, 0x00000000eab00000)
  object space 40960K, 57% used [0x00000000c0000000,0x00000000c172bff8,0x00000000c2800000)
 Metaspace       used 7806K, capacity 8042K, committed 8320K, reserved 1056768K
  class space    used 754K, capacity 789K, committed 896K, reserved 1048576K
Event: 4,385 GC heap after
Heap after GC invocations=7 (full 0):
 PSYoungGen      total 135680K, used 13023K [0x00000000eab00000, 0x00000000fb800000, 0x0000000100000000)
  eden space 122368K, 0% used [0x00000000eab00000,0x00000000eab00000,0x00000000f2280000)
  from space 13312K, 97% used [0x00000000f2280000,0x00000000f2f37d28,0x00000000f2f80000)
  to   space 15360K, 0% used [0x00000000fa900000,0x00000000fa900000,0x00000000fb800000)
 ParOldGen       total 40960K, used 24513K [0x00000000c0000000, 0x00000000c2800000, 0x00000000eab00000)
  object space 40960K, 59% used [0x00000000c0000000,0x00000000c17f0688,0x00000000c2800000)
 Metaspace       used 7806K, capacity 8042K, committed 8320K, reserved 1056768K
  class space    used 754K, capacity 789K, committed 896K, reserved 1048576K
}
Event: 4,901 GC heap before
{Heap before GC invocations=8 (full 0):
 PSYoungGen      total 135680K, used 135391K [0x00000000eab00000, 0x00000000fb800000, 0x0000000100000000)
  eden space 122368K, 100% used [0x00000000eab00000,0x00000000f2280000,0x00000000f2280000)
  from space 13312K, 97% used [0x00000000f2280000,0x00000000f2f37d28,0x00000000f2f80000)
  to   space 15360K, 0% used [0x00000000fa900000,0x00000000fa900000,0x00000000fb800000)
 ParOldGen       total 40960K, used 24513K [0x00000000c0000000, 0x00000000c2800000, 0x00000000eab00000)
  object space 40960K, 59% used [0x00000000c0000000,0x00000000c17f0688,0x00000000c2800000)
 Metaspace       used 7814K, capacity 8106K, committed 8320K, reserved 1056768K
  class space    used 754K, capacity 789K, committed 896K, reserved 1048576K
Event: 4,940 GC heap after
Heap after GC invocations=8 (full 0):
 PSYoungGen      total 258048K, used 14863K [0x00000000eab00000, 0x00000000fbc00000, 0x0000000100000000)
  eden space 242688K, 0% used [0x00000000eab00000,0x00000000eab00000,0x00000000f9800000)
  from space 15360K, 96% used [0x00000000fa900000,0x00000000fb783ee0,0x00000000fb800000)
  to   space 17408K, 0% used [0x00000000f9800000,0x00000000f9800000,0x00000000fa900000)
 ParOldGen       total 40960K, used 36372K [0x00000000c0000000, 0x00000000c2800000, 0x00000000eab00000)
  object space 40960K, 88% used [0x00000000c0000000,0x00000000c23850c0,0x00000000c2800000)
 Metaspace       used 7814K, capacity 8106K, committed 8320K, reserved 1056768K
  class space    used 754K, capacity 789K, committed 896K, reserved 1048576K
}
Event: 4,941 GC heap before
{Heap before GC invocations=9 (full 1):
 PSYoungGen      total 258048K, used 14863K [0x00000000eab00000, 0x00000000fbc00000, 0x0000000100000000)
  eden space 242688K, 0% used [0x00000000eab00000,0x00000000eab00000,0x00000000f9800000)
  from space 15360K, 96% used [0x00000000fa900000,0x00000000fb783ee0,0x00000000fb800000)
  to   space 17408K, 0% used [0x00000000f9800000,0x00000000f9800000,0x00000000fa900000)
 ParOldGen       total 40960K, used 36372K [0x00000000c0000000, 0x00000000c2800000, 0x00000000eab00000)
  object space 40960K, 88% used [0x00000000c0000000,0x00000000c23850c0,0x00000000c2800000)
 Metaspace       used 7814K, capacity 8106K, committed 8320K, reserved 1056768K
  class space    used 754K, capacity 789K, committed 896K, reserved 1048576K
Event: 5,058 GC heap after
Heap after GC invocations=9 (full 1):
 PSYoungGen      total 258048K, used 0K [0x00000000eab00000, 0x00000000fbc00000, 0x0000000100000000)
  eden space 242688K, 0% used [0x00000000eab00000,0x00000000eab00000,0x00000000f9800000)
  from space 15360K, 0% used [0x00000000fa900000,0x00000000fa900000,0x00000000fb800000)
  to   space 17408K, 0% used [0x00000000f9800000,0x00000000f9800000,0x00000000fa900000)
 ParOldGen       total 59904K, used 27664K [0x00000000c0000000, 0x00000000c3a80000, 0x00000000eab00000)
  object space 59904K, 46% used [0x00000000c0000000,0x00000000c1b042b0,0x00000000c3a80000)
 Metaspace       used 7814K, capacity 8106K, committed 8320K, reserved 1056768K
  class space    used 754K, capacity 789K, committed 896K, reserved 1048576K
}
Event: 6,025 GC heap before
{Heap before GC invocations=10 (full 1):
 PSYoungGen      total 258048K, used 242688K [0x00000000eab00000, 0x00000000fbc00000, 0x0000000100000000)
  eden space 242688K, 100% used [0x00000000eab00000,0x00000000f9800000,0x00000000f9800000)
  from space 15360K, 0% used [0x00000000fa900000,0x00000000fa900000,0x00000000fb800000)
  to   space 17408K, 0% used [0x00000000f9800000,0x00000000f9800000,0x00000000fa900000)
 ParOldGen       total 59904K, used 27664K [0x00000000c0000000, 0x00000000c3a80000, 0x00000000eab00000)
  object space 59904K, 46% used [0x00000000c0000000,0x00000000c1b042b0,0x00000000c3a80000)
 Metaspace       used 7825K, capacity 8106K, committed 8320K, reserved 1056768K
  class space    used 754K, capacity 789K, committed 896K, reserved 1048576K

Deoptimization events (10 events):
Event: 2,556 Thread 0x00007f711000c000 Uncommon trap: reason=predicate action=maybe_recompile pc=0x00007f710168c2f0 method=com.android.dex.Leb128.writeUnsignedLeb128(Lcom/android/dex/util/ByteOutput;I)V @ 9
Event: 2,655 Thread 0x00007f711000c000 Uncommon trap: reason=unstable_if action=reinterpret pc=0x00007f710166c138 method=sun.misc.MetaIndex.mayContain(Ljava/lang/String;)Z @ 13
Event: 2,659 Thread 0x00007f711000c000 Uncommon trap: reason=class_check action=maybe_recompile pc=0x00007f71013eb070 method=java.util.ArrayList.<init>(Ljava/util/Collection;)V @ 6
Event: 2,675 Thread 0x00007f711000c000 Uncommon trap: reason=class_check action=maybe_recompile pc=0x00007f71013eb070 method=java.util.ArrayList.<init>(Ljava/util/Collection;)V @ 6
Event: 2,697 Thread 0x00007f711000c000 Uncommon trap: reason=predicate action=maybe_recompile pc=0x00007f71016f6e3c method=com.android.dex.Leb128.readUnsignedLeb128(Lcom/android/dex/util/ByteInput;)I @ 41
Event: 2,703 Thread 0x00007f711000c000 Uncommon trap: reason=unstable_if action=reinterpret pc=0x00007f71016b6b14 method=java.util.HashMap.resize()[Ljava/util/HashMap$Node; @ 206
Event: 2,813 Thread 0x00007f711000c000 Uncommon trap: reason=unstable_if action=reinterpret pc=0x00007f71016a7c20 method=com.android.dex.FieldId.compareTo(Lcom/android/dex/FieldId;)I @ 8
Event: 2,828 Thread 0x00007f711000c000 Uncommon trap: reason=unstable_if action=reinterpret pc=0x00007f71015b2100 method=java.util.HashMap.getNode(ILjava/lang/Object;)Ljava/util/HashMap$Node; @ 84
Event: 3,642 Thread 0x00007f711000c000 Uncommon trap: reason=unstable_if action=reinterpret pc=0x00007f71012a349c method=java.lang.Long.numberOfTrailingZeros(J)I @ 3
Event: 5,815 Thread 0x00007f711000c000 Uncommon trap: reason=predicate action=maybe_recompile pc=0x00007f71018d005c method=java.util.ComparableTimSort.binarySort([Ljava/lang/Object;III)V @ 37

Internal exceptions (6 events):
Event: 0,106 Thread 0x00007f711000c000 Exception <a 'java/lang/NoSuchMethodError': Method sun.misc.Unsafe.defineClass(Ljava/lang/String;[BII)Ljava/lang/Class; name or signature does not match> (0x00000000eab12900) thrown at [/RE-WORK/workspace/8-2-build-linux-amd64/jdk8u45/3457/hotspot/src/sha
Event: 0,106 Thread 0x00007f711000c000 Exception <a 'java/lang/NoSuchMethodError': Method sun.misc.Unsafe.prefetchRead(Ljava/lang/Object;J)V name or signature does not match> (0x00000000eab12b90) thrown at [/RE-WORK/workspace/8-2-build-linux-amd64/jdk8u45/3457/hotspot/src/share/vm/prims/jni.cp
Event: 2,656 Thread 0x00007f711000c000 Exception <a 'java/security/PrivilegedActionException'> (0x00000000eb4afb80) thrown at [/RE-WORK/workspace/8-2-build-linux-amd64/jdk8u45/3457/hotspot/src/share/vm/prims/jvm.cpp, line 1382]
Event: 2,656 Thread 0x00007f711000c000 Exception <a 'java/security/PrivilegedActionException'> (0x00000000eb4afec8) thrown at [/RE-WORK/workspace/8-2-build-linux-amd64/jdk8u45/3457/hotspot/src/share/vm/prims/jvm.cpp, line 1382]
Event: 2,657 Thread 0x00007f711000c000 Exception <a 'java/security/PrivilegedActionException'> (0x00000000eb4b2578) thrown at [/RE-WORK/workspace/8-2-build-linux-amd64/jdk8u45/3457/hotspot/src/share/vm/prims/jvm.cpp, line 1382]
Event: 2,657 Thread 0x00007f711000c000 Exception <a 'java/security/PrivilegedActionException'> (0x00000000eb4b28c0) thrown at [/RE-WORK/workspace/8-2-build-linux-amd64/jdk8u45/3457/hotspot/src/share/vm/prims/jvm.cpp, line 1382]

Events (10 events):
Event: 5,636 Thread 0x00007f711000c000 DEOPT PACKING pc=0x00007f71017db460 sp=0x00007f71170a8350
Event: 5,636 Thread 0x00007f711000c000 DEOPT UNPACKING pc=0x00007f7101047233 sp=0x00007f71170a8098 mode 0
Event: 5,637 Thread 0x00007f711000c000 DEOPT PACKING pc=0x00007f71017db460 sp=0x00007f71170a8350
Event: 5,637 Thread 0x00007f711000c000 DEOPT UNPACKING pc=0x00007f7101047233 sp=0x00007f71170a8098 mode 0
Event: 5,814 Thread 0x00007f711000c000 Uncommon trap: trap_request=0xffffff86 fr.pc=0x00007f71018d005c
Event: 5,815 Thread 0x00007f711000c000 DEOPT PACKING pc=0x00007f71018d005c sp=0x00007f71170a83e0
Event: 5,818 Thread 0x00007f711000c000 DEOPT UNPACKING pc=0x00007f7101005229 sp=0x00007f71170a83a0 mode 2
Event: 5,872 Thread 0x00007f711000c000 DEOPT PACKING pc=0x00007f7101893db3 sp=0x00007f71170a83c0
Event: 5,872 Thread 0x00007f711000c000 DEOPT UNPACKING pc=0x00007f7101047233 sp=0x00007f71170a8198 mode 0
Event: 5,959 Executing VM operation: ParallelGCFailedAllocation


Dynamic libraries:
00400000-00401000 r-xp 00000000 08:05 799416                             /usr/lib/jvm/java-8-oracle/bin/java
00600000-00601000 rw-p 00000000 08:05 799416                             /usr/lib/jvm/java-8-oracle/bin/java
00f48000-00f69000 rw-p 00000000 00:00 0                                  [heap]
c0000000-c3a80000 rw-p 00000000 00:00 0 
c3a80000-eab00000 ---p 00000000 00:00 0 
eab00000-fbc00000 rw-p 00000000 00:00 0 
100000000-1000e0000 rw-p 00000000 00:00 0 
1000e0000-140000000 ---p 00000000 00:00 0 
7f70c4000000-7f70c4021000 rw-p 00000000 00:00 0 
7f70c4021000-7f70c8000000 ---p 00000000 00:00 0 
7f70c8000000-7f70c8021000 rw-p 00000000 00:00 0 
7f70c8021000-7f70cc000000 ---p 00000000 00:00 0 
7f70cc000000-7f70cd239000 rw-p 00000000 00:00 0 
7f70cd239000-7f70d0000000 ---p 00000000 00:00 0 
7f70d0000000-7f70d091e000 rw-p 00000000 00:00 0 
7f70d091e000-7f70d4000000 ---p 00000000 00:00 0 
7f70d4000000-7f70d4021000 rw-p 00000000 00:00 0 
7f70d4021000-7f70d8000000 ---p 00000000 00:00 0 
7f70d8000000-7f70d8a80000 rw-p 00000000 00:00 0 
7f70d8a80000-7f70dc000000 ---p 00000000 00:00 0 
7f70dc000000-7f70dc021000 rw-p 00000000 00:00 0 
7f70dc021000-7f70e0000000 ---p 00000000 00:00 0 
7f70e0000000-7f70e0021000 rw-p 00000000 00:00 0 
7f70e0021000-7f70e4000000 ---p 00000000 00:00 0 
7f70e4000000-7f70e4021000 rw-p 00000000 00:00 0 
7f70e4021000-7f70e8000000 ---p 00000000 00:00 0 
7f70e8000000-7f70e828e000 rw-p 00000000 00:00 0 
7f70e828e000-7f70ec000000 ---p 00000000 00:00 0 
7f70ec000000-7f70ec021000 rw-p 00000000 00:00 0 
7f70ec021000-7f70f0000000 ---p 00000000 00:00 0 
7f70f3afb000-7f70f3afc000 ---p 00000000 00:00 0 
7f70f3afc000-7f70f3bfc000 rw-p 00000000 00:00 0                          [stack:8944]
7f70f3bfc000-7f70f3bff000 ---p 00000000 00:00 0 
7f70f3bff000-7f70f3cfd000 rw-p 00000000 00:00 0                          [stack:8943]
7f70f3cfd000-7f70f3d00000 ---p 00000000 00:00 0 
7f70f3d00000-7f70f3dfe000 rw-p 00000000 00:00 0                          [stack:8942]
7f70f3dfe000-7f70f3e01000 ---p 00000000 00:00 0 
7f70f3e01000-7f70f3eff000 rw-p 00000000 00:00 0                          [stack:8941]
7f70f3eff000-7f70f3f02000 ---p 00000000 00:00 0 
7f70f3f02000-7f70f4000000 rw-p 00000000 00:00 0                          [stack:8940]
7f70f4000000-7f70f4021000 rw-p 00000000 00:00 0 
7f70f4021000-7f70f8000000 ---p 00000000 00:00 0 
7f70f807f000-7f70f80a5000 r--p 00000000 08:05 155594                     /usr/share/locale-langpack/es/LC_MESSAGES/libc.mo
7f70f80a5000-7f70f80b0000 r--s 00116000 08:05 798587                     /usr/lib/jvm/java-8-oracle/jre/lib/ext/localedata.jar
7f70f80b0000-7f70f80b3000 ---p 00000000 00:00 0 
7f70f80b3000-7f70f81b1000 rw-p 00000000 00:00 0                          [stack:8939]
7f70f81b1000-7f70f86ef000 r--p 00000000 08:05 793953                     /usr/lib/locale/locale-archive
7f70f86ef000-7f70f86f2000 ---p 00000000 00:00 0 
7f70f86f2000-7f70f87f0000 rw-p 00000000 00:00 0                          [stack:8938]
7f70f87f0000-7f70f87f3000 ---p 00000000 00:00 0 
7f70f87f3000-7f70f88f1000 rw-p 00000000 00:00 0                          [stack:8937]
7f70f88f1000-7f70f88f2000 ---p 00000000 00:00 0 
7f70f88f2000-7f70f9f40000 rw-p 00000000 00:00 0                          [stack:8936]
7f70f9f40000-7f70fa000000 ---p 00000000 00:00 0 
7f70fa000000-7f70fc000000 rw-p 00000000 00:00 0 
7f70fc000000-7f70fc021000 rw-p 00000000 00:00 0 
7f70fc021000-7f7100000000 ---p 00000000 00:00 0 
7f7100008000-7f7100024000 r--s 00393000 08:05 798559                     /usr/lib/jvm/java-8-oracle/jre/lib/ext/cldrdata.jar
7f7100024000-7f7100033000 r--s 000dd000 08:06 1050226                    /home/xtiti/Android/Sdk/build-tools/22.0.1/lib/dx.jar
7f7100033000-7f7100197000 rw-p 00000000 00:00 0 
7f7100197000-7f7100370000 r--s 03d09000 08:05 794981                     /usr/lib/jvm/java-8-oracle/jre/lib/rt.jar
7f7100370000-7f71005e6000 rw-p 00000000 00:00 0 
7f71005e6000-7f71005e7000 ---p 00000000 00:00 0 
7f71005e7000-7f71006e7000 rw-p 00000000 00:00 0                          [stack:8935]
7f71006e7000-7f71006e8000 ---p 00000000 00:00 0 
7f71006e8000-7f71007e8000 rw-p 00000000 00:00 0                          [stack:8934]
7f71007e8000-7f71007e9000 ---p 00000000 00:00 0 
7f71007e9000-7f7100907000 rw-p 00000000 00:00 0                          [stack:8933]
7f7100907000-7f7100a3f000 ---p 00000000 00:00 0 
7f7100a3f000-7f7100a5d000 rw-p 00000000 00:00 0 
7f7100a5d000-7f7100b94000 ---p 00000000 00:00 0 
7f7100b94000-7f7100c1d000 rw-p 00000000 00:00 0 
7f7100c1d000-7f7100c3f000 ---p 00000000 00:00 0 
7f7100c3f000-7f7100c64000 rw-p 00000000 00:00 0 
7f7100c64000-7f7101000000 ---p 00000000 00:00 0 
7f7101000000-7f7101900000 rwxp 00000000 00:00 0 
7f7101900000-7f7110000000 ---p 00000000 00:00 0 
7f7110000000-7f71103d0000 rw-p 00000000 00:00 0 
7f71103d0000-7f7114000000 ---p 00000000 00:00 0 
7f7114002000-7f7114009000 r--s 00000000 08:05 12678                      /usr/lib/x86_64-linux-gnu/gconv/gconv-modules.cache
7f7114009000-7f711404b000 rw-p 00000000 00:00 0 
7f711404b000-7f711404c000 ---p 00000000 00:00 0 
7f711404c000-7f711414c000 rw-p 00000000 00:00 0                          [stack:8932]
7f711414c000-7f7114166000 r-xp 00000000 08:05 798998                     /usr/lib/jvm/java-8-oracle/jre/lib/amd64/libzip.so
7f7114166000-7f7114366000 ---p 0001a000 08:05 798998                     /usr/lib/jvm/java-8-oracle/jre/lib/amd64/libzip.so
7f7114366000-7f7114367000 rw-p 0001a000 08:05 798998                     /usr/lib/jvm/java-8-oracle/jre/lib/amd64/libzip.so
7f7114367000-7f7114372000 r-xp 00000000 08:05 916448                     /lib/x86_64-linux-gnu/libnss_files-2.19.so
7f7114372000-7f7114571000 ---p 0000b000 08:05 916448                     /lib/x86_64-linux-gnu/libnss_files-2.19.so
7f7114571000-7f7114572000 r--p 0000a000 08:05 916448                     /lib/x86_64-linux-gnu/libnss_files-2.19.so
7f7114572000-7f7114573000 rw-p 0000b000 08:05 916448                     /lib/x86_64-linux-gnu/libnss_files-2.19.so
7f7114573000-7f711457e000 r-xp 00000000 08:05 916486                     /lib/x86_64-linux-gnu/libnss_nis-2.19.so
7f711457e000-7f711477d000 ---p 0000b000 08:05 916486                     /lib/x86_64-linux-gnu/libnss_nis-2.19.so
7f711477d000-7f711477e000 r--p 0000a000 08:05 916486                     /lib/x86_64-linux-gnu/libnss_nis-2.19.so
7f711477e000-7f711477f000 rw-p 0000b000 08:05 916486                     /lib/x86_64-linux-gnu/libnss_nis-2.19.so
7f711477f000-7f7114796000 r-xp 00000000 08:05 916466                     /lib/x86_64-linux-gnu/libnsl-2.19.so
7f7114796000-7f7114995000 ---p 00017000 08:05 916466                     /lib/x86_64-linux-gnu/libnsl-2.19.so
7f7114995000-7f7114996000 r--p 00016000 08:05 916466                     /lib/x86_64-linux-gnu/libnsl-2.19.so
7f7114996000-7f7114997000 rw-p 00017000 08:05 916466                     /lib/x86_64-linux-gnu/libnsl-2.19.so
7f7114997000-7f7114999000 rw-p 00000000 00:00 0 
7f7114999000-7f71149a2000 r-xp 00000000 08:05 916464                     /lib/x86_64-linux-gnu/libnss_compat-2.19.so
7f71149a2000-7f7114ba1000 ---p 00009000 08:05 916464                     /lib/x86_64-linux-gnu/libnss_compat-2.19.so
7f7114ba1000-7f7114ba2000 r--p 00008000 08:05 916464                     /lib/x86_64-linux-gnu/libnss_compat-2.19.so
7f7114ba2000-7f7114ba3000 rw-p 00009000 08:05 916464                     /lib/x86_64-linux-gnu/libnss_compat-2.19.so
7f7114ba3000-7f7114bcd000 r-xp 00000000 08:05 798995                     /usr/lib/jvm/java-8-oracle/jre/lib/amd64/libjava.so
7f7114bcd000-7f7114dcd000 ---p 0002a000 08:05 798995                     /usr/lib/jvm/java-8-oracle/jre/lib/amd64/libjava.so
7f7114dcd000-7f7114dcf000 rw-p 0002a000 08:05 798995                     /usr/lib/jvm/java-8-oracle/jre/lib/amd64/libjava.so
7f7114dcf000-7f7114ddc000 r-xp 00000000 08:05 798604                     /usr/lib/jvm/java-8-oracle/jre/lib/amd64/libverify.so
7f7114ddc000-7f7114fdc000 ---p 0000d000 08:05 798604                     /usr/lib/jvm/java-8-oracle/jre/lib/amd64/libverify.so
7f7114fdc000-7f7114fde000 rw-p 0000d000 08:05 798604                     /usr/lib/jvm/java-8-oracle/jre/lib/amd64/libverify.so
7f7114fde000-7f7114fe5000 r-xp 00000000 08:05 916482                     /lib/x86_64-linux-gnu/librt-2.19.so
7f7114fe5000-7f71151e4000 ---p 00007000 08:05 916482                     /lib/x86_64-linux-gnu/librt-2.19.so
7f71151e4000-7f71151e5000 r--p 00006000 08:05 916482                     /lib/x86_64-linux-gnu/librt-2.19.so
7f71151e5000-7f71151e6000 rw-p 00007000 08:05 916482                     /lib/x86_64-linux-gnu/librt-2.19.so
7f71151e6000-7f71152eb000 r-xp 00000000 08:05 916446                     /lib/x86_64-linux-gnu/libm-2.19.so
7f71152eb000-7f71154ea000 ---p 00105000 08:05 916446                     /lib/x86_64-linux-gnu/libm-2.19.so
7f71154ea000-7f71154eb000 r--p 00104000 08:05 916446                     /lib/x86_64-linux-gnu/libm-2.19.so
7f71154eb000-7f71154ec000 rw-p 00105000 08:05 916446                     /lib/x86_64-linux-gnu/libm-2.19.so
7f71154ec000-7f711619a000 r-xp 00000000 08:05 798976                     /usr/lib/jvm/java-8-oracle/jre/lib/amd64/server/libjvm.so
7f711619a000-7f7116399000 ---p 00cae000 08:05 798976                     /usr/lib/jvm/java-8-oracle/jre/lib/amd64/server/libjvm.so
7f7116399000-7f7116470000 rw-p 00cad000 08:05 798976                     /usr/lib/jvm/java-8-oracle/jre/lib/amd64/server/libjvm.so
7f7116470000-7f71164b4000 rw-p 00000000 00:00 0 
7f71164b4000-7f711666f000 r-xp 00000000 08:05 916476                     /lib/x86_64-linux-gnu/libc-2.19.so
7f711666f000-7f711686e000 ---p 001bb000 08:05 916476                     /lib/x86_64-linux-gnu/libc-2.19.so
7f711686e000-7f7116872000 r--p 001ba000 08:05 916476                     /lib/x86_64-linux-gnu/libc-2.19.so
7f7116872000-7f7116874000 rw-p 001be000 08:05 916476                     /lib/x86_64-linux-gnu/libc-2.19.so
7f7116874000-7f7116879000 rw-p 00000000 00:00 0 
7f7116879000-7f711687c000 r-xp 00000000 08:05 916454                     /lib/x86_64-linux-gnu/libdl-2.19.so
7f711687c000-7f7116a7b000 ---p 00003000 08:05 916454                     /lib/x86_64-linux-gnu/libdl-2.19.so
7f7116a7b000-7f7116a7c000 r--p 00002000 08:05 916454                     /lib/x86_64-linux-gnu/libdl-2.19.so
7f7116a7c000-7f7116a7d000 rw-p 00003000 08:05 916454                     /lib/x86_64-linux-gnu/libdl-2.19.so
7f7116a7d000-7f7116a92000 r-xp 00000000 08:05 811476                     /usr/lib/jvm/java-8-oracle/lib/amd64/jli/libjli.so
7f7116a92000-7f7116c92000 ---p 00015000 08:05 811476                     /usr/lib/jvm/java-8-oracle/lib/amd64/jli/libjli.so
7f7116c92000-7f7116c93000 rw-p 00015000 08:05 811476                     /usr/lib/jvm/java-8-oracle/lib/amd64/jli/libjli.so
7f7116c93000-7f7116cac000 r-xp 00000000 08:05 916478                     /lib/x86_64-linux-gnu/libpthread-2.19.so
7f7116cac000-7f7116eab000 ---p 00019000 08:05 916478                     /lib/x86_64-linux-gnu/libpthread-2.19.so
7f7116eab000-7f7116eac000 r--p 00018000 08:05 916478                     /lib/x86_64-linux-gnu/libpthread-2.19.so
7f7116eac000-7f7116ead000 rw-p 00019000 08:05 916478                     /lib/x86_64-linux-gnu/libpthread-2.19.so
7f7116ead000-7f7116eb1000 rw-p 00000000 00:00 0 
7f7116eb1000-7f7116ed4000 r-xp 00000000 08:05 916470                     /lib/x86_64-linux-gnu/ld-2.19.so
7f7116ed6000-7f7116fa9000 rw-p 00000000 00:00 0 
7f7116fa9000-7f7116fac000 ---p 00000000 00:00 0 
7f7116fac000-7f71170ae000 rw-p 00000000 00:00 0                          [stack:8931]
7f71170ae000-7f71170b3000 r--s 00094000 08:05 789141                     /usr/lib/jvm/java-8-oracle/jre/lib/jsse.jar
7f71170b3000-7f71170c7000 rw-p 00000000 00:00 0 
7f71170c7000-7f71170cf000 rw-s 00000000 08:05 1075388                    /tmp/hsperfdata_xtiti/8925
7f71170cf000-7f71170d0000 rw-p 00000000 00:00 0 
7f71170d0000-7f71170d1000 ---p 00000000 00:00 0 
7f71170d1000-7f71170d3000 rw-p 00000000 00:00 0 
7f71170d3000-7f71170d4000 r--p 00022000 08:05 916470                     /lib/x86_64-linux-gnu/ld-2.19.so
7f71170d4000-7f71170d5000 rw-p 00023000 08:05 916470                     /lib/x86_64-linux-gnu/ld-2.19.so
7f71170d5000-7f71170d6000 rw-p 00000000 00:00 0 
7ffd2b1a2000-7ffd2b1c4000 rw-p 00000000 00:00 0                          [stack]
7ffd2b1fc000-7ffd2b1fe000 r-xp 00000000 00:00 0                          [vdso]
7ffd2b1fe000-7ffd2b200000 r--p 00000000 00:00 0                          [vvar]
ffffffffff600000-ffffffffff601000 r-xp 00000000 00:00 0                  [vsyscall]

VM Arguments:
jvm_args: -Xmx1024M -Dfile.encoding=UTF-8 -Duser.country=ES -Duser.language=es -Duser.variant 
java_command: com.android.dx.command.Main --dex --output /home/xtiti/AndroidStudioProjects/Hammock_Rent/app/build/intermediates/dex/debug /home/xtiti/AndroidStudioProjects/Hammock_Rent/app/build/intermediates/classes/debug /home/xtiti/AndroidStudioProjects/Hammock_Rent/app/build/intermediates/pre-dexed/debug/support-annotations-22.2.0-153de45ecafc3e786867ee362fc621c597a9868e.jar /home/xtiti/AndroidStudioProjects/Hammock_Rent/app/build/intermediates/pre-dexed/debug/classes-17a2b6074a1e4c2a9a305f8448bd2ed9e90dd5bb.jar /home/xtiti/AndroidStudioProjects/Hammock_Rent/app/build/intermediates/pre-dexed/debug/classes-e045691255ccbaee961aef90bdc2b85b30c4779e.jar /home/xtiti/AndroidStudioProjects/Hammock_Rent/app/build/intermediates/pre-dexed/debug/classes-4ab081ea7ef13a0adb439613d2fd4155079c95e7.jar /home/xtiti/AndroidStudioProjects/Hammock_Rent/app/build/intermediates/pre-dexed/debug/internal_impl-22.0.0-1aebf6f9ea11561b618b0aaea00ea92b42c6596a.jar /home/xtiti/AndroidStudioProjects/Hammock_Rent/app/build/intermediates/pre-dexed/debug/classes-eac630d588a0637f0359eb54cc17d04c944ad493.jar /home/xtiti/AndroidStudioProjects/Hammock_Rent/app/build/intermediates/pre-dexed/debug/classes-96add56222c1b0147af2d2693974f522b17935be.jar /home/xtiti/AndroidStudioProjects/Hammock_Rent/app/build/intermediates/pre-dexed/debug/classes-bdcc3d2e2f40bee8fa35de984e05e1252de17a41.jar /home/xtiti/AndroidStudioProjects/Hammock_Rent/app/build/intermediates/pre-dexed/debug/classes-eff8b29742106984a858f64268e41b46e99d2fad.jar /home/xtiti/AndroidStudioProjects/Hammock_Rent/app/build/intermediates/pre-dexed/debug/classes-9383dff18c7f52d12ab5f8757a5eccfd36697cab.jar /home/xtiti/AndroidStudioProjects/Hammock_Rent/app/build/intermediates/pre-dexed/debug/classes-e571f1f4223630a82993e3ad06272f189395c2b4.jar /home/xtiti/AndroidStudioProjects/Hammock_Rent/app/build/intermediates/pre-dexed/debug/classes-2f2e1b712d3c5808a7724adc61be50d42c507044.jar /home/xtiti/AndroidStudioProjects/Hammock_Rent/app/build/interm
java_class_path (initial): /home/xtiti/Android/Sdk/build-tools/22.0.1/lib/dx.jar
Launcher Type: SUN_STANDARD

Environment Variables:
JAVA_HOME=JAVA_HOME=/usr/lib/jvm/java-8-oracle
PATH=/usr/games:/usr/local/sbin:/usr/local/bin:/usr/sbin:/usr/bin:/sbin:/bin:/usr/games:/usr/local/games
USERNAME=xtiti
LD_LIBRARY_PATH=/home/xtiti/Programas/android-studio/bin:
SHELL=/bin/bash
DISPLAY=:0

Signal Handlers:
SIGSEGV: [libjvm.so+0xaad1e0], sa_mask[0]=11111111011111111101111111111110, sa_flags=SA_RESTART|SA_SIGINFO
SIGBUS: [libjvm.so+0xaad1e0], sa_mask[0]=11111111011111111101111111111110, sa_flags=SA_RESTART|SA_SIGINFO
SIGFPE: [libjvm.so+0x90b450], sa_mask[0]=11111111011111111101111111111110, sa_flags=SA_RESTART|SA_SIGINFO
SIGPIPE: [libjvm.so+0x90b450], sa_mask[0]=11111111011111111101111111111110, sa_flags=SA_RESTART|SA_SIGINFO
SIGXFSZ: [libjvm.so+0x90b450], sa_mask[0]=11111111011111111101111111111110, sa_flags=SA_RESTART|SA_SIGINFO
SIGILL: [libjvm.so+0x90b450], sa_mask[0]=11111111011111111101111111111110, sa_flags=SA_RESTART|SA_SIGINFO
SIGUSR1: SIG_DFL, sa_mask[0]=00000000000000000000000000000000, sa_flags=none
SIGUSR2: [libjvm.so+0x90ca90], sa_mask[0]=00100000000000000000000000000000, sa_flags=SA_RESTART|SA_SIGINFO
SIGHUP: [libjvm.so+0x90dde0], sa_mask[0]=11111111011111111101111111111110, sa_flags=SA_RESTART|SA_SIGINFO
SIGINT: [libjvm.so+0x90dde0], sa_mask[0]=11111111011111111101111111111110, sa_flags=SA_RESTART|SA_SIGINFO
SIGTERM: [libjvm.so+0x90dde0], sa_mask[0]=11111111011111111101111111111110, sa_flags=SA_RESTART|SA_SIGINFO
SIGQUIT: [libjvm.so+0x90dde0], sa_mask[0]=11111111011111111101111111111110, sa_flags=SA_RESTART|SA_SIGINFO


---------------  S Y S T E M  ---------------

OS:DISTRIB_ID=LinuxMint
DISTRIB_RELEASE=17.2
DISTRIB_CODENAME=rafaela
DISTRIB_DESCRIPTION="Linux Mint 17.2 Rafaela"

uname:Linux 3.16.0-38-generic #52~14.04.1-Ubuntu SMP Fri May 8 09:43:57 UTC 2015 x86_64
libc:glibc 2.19 NPTL 2.19 
rlimit: STACK 8192k, CORE 0k, NPROC 15149, NOFILE 4096, AS infinity
load average:16,85 4,81 2,08

/proc/meminfo:
MemTotal:        3909244 kB
MemFree:           94724 kB
MemAvailable:      40284 kB
Buffers:             256 kB
Cached:           132324 kB
SwapCached:         2384 kB
Active:          2894388 kB
Inactive:         641964 kB
Active(anon):    2883252 kB
Inactive(anon):   629704 kB
Active(file):      11136 kB
Inactive(file):    12260 kB
Unevictable:         136 kB
Mlocked:             136 kB
SwapTotal:       3998716 kB
SwapFree:              0 kB
Dirty:                52 kB
Writeback:            16 kB
AnonPages:       3403904 kB
Mapped:           155696 kB
Shmem:            108444 kB
Slab:              75884 kB
SReclaimable:      36656 kB
SUnreclaim:        39228 kB
KernelStack:       17728 kB
PageTables:        55852 kB
NFS_Unstable:          0 kB
Bounce:                0 kB
WritebackTmp:          0 kB
CommitLimit:     5953336 kB
Committed_AS:   12902816 kB
VmallocTotal:   34359738367 kB
VmallocUsed:      308184 kB
VmallocChunk:   34359423996 kB
HardwareCorrupted:     0 kB
AnonHugePages:   1222656 kB
HugePages_Total:       0
HugePages_Free:        0
HugePages_Rsvd:        0
HugePages_Surp:        0
Hugepagesize:       2048 kB
DirectMap4k:      199780 kB
DirectMap2M:     3854336 kB


CPU:total 4 (2 cores per cpu, 2 threads per core) family 6 model 37 stepping 2, cmov, cx8, fxsr, mmx, sse, sse2, sse3, ssse3, sse4.1, sse4.2, popcnt, ht, tsc, tscinvbit

/proc/cpuinfo:
processor	: 0
vendor_id	: GenuineIntel
cpu family	: 6
model		: 37
model name	: Intel(R) Core(TM) i5 CPU       M 430  @ 2.27GHz
stepping	: 2
microcode	: 0x9
cpu MHz		: 2267.000
cache size	: 3072 KB
physical id	: 0
siblings	: 4
core id		: 0
cpu cores	: 2
apicid		: 0
initial apicid	: 0
fpu		: yes
fpu_exception	: yes
cpuid level	: 11
wp		: yes
flags		: fpu vme de pse tsc msr pae mce cx8 apic sep mtrr pge mca cmov pat pse36 clflush dts acpi mmx fxsr sse sse2 ss ht tm pbe syscall nx rdtscp lm constant_tsc arch_perfmon pebs bts rep_good nopl xtopology nonstop_tsc aperfmperf pni dtes64 monitor ds_cpl vmx est tm2 ssse3 cx16 xtpr pdcm sse4_1 sse4_2 popcnt lahf_lm ida arat dtherm tpr_shadow vnmi flexpriority ept vpid
bogomips	: 4522.66
clflush size	: 64
cache_alignment	: 64
address sizes	: 36 bits physical, 48 bits virtual
power management:

processor	: 1
vendor_id	: GenuineIntel
cpu family	: 6
model		: 37
model name	: Intel(R) Core(TM) i5 CPU       M 430  @ 2.27GHz
stepping	: 2
microcode	: 0x9
cpu MHz		: 2267.000
cache size	: 3072 KB
physical id	: 0
siblings	: 4
core id		: 0
cpu cores	: 2
apicid		: 1
initial apicid	: 1
fpu		: yes
fpu_exception	: yes
cpuid level	: 11
wp		: yes
flags		: fpu vme de pse tsc msr pae mce cx8 apic sep mtrr pge mca cmov pat pse36 clflush dts acpi mmx fxsr sse sse2 ss ht tm pbe syscall nx rdtscp lm constant_tsc arch_perfmon pebs bts rep_good nopl xtopology nonstop_tsc aperfmperf pni dtes64 monitor ds_cpl vmx est tm2 ssse3 cx16 xtpr pdcm sse4_1 sse4_2 popcnt lahf_lm ida arat dtherm tpr_shadow vnmi flexpriority ept vpid
bogomips	: 4522.66
clflush size	: 64
cache_alignment	: 64
address sizes	: 36 bits physical, 48 bits virtual
power management:

processor	: 2
vendor_id	: GenuineIntel
cpu family	: 6
model		: 37
model name	: Intel(R) Core(TM) i5 CPU       M 430  @ 2.27GHz
stepping	: 2
microcode	: 0x9
cpu MHz		: 2267.000
cache size	: 3072 KB
physical id	: 0
siblings	: 4
core id		: 2
cpu cores	: 2
apicid		: 4
initial apicid	: 4
fpu		: yes
fpu_exception	: yes
cpuid level	: 11
wp		: yes
flags		: fpu vme de pse tsc msr pae mce cx8 apic sep mtrr pge mca cmov pat pse36 clflush dts acpi mmx fxsr sse sse2 ss ht tm pbe syscall nx rdtscp lm constant_tsc arch_perfmon pebs bts rep_good nopl xtopology nonstop_tsc aperfmperf pni dtes64 monitor ds_cpl vmx est tm2 ssse3 cx16 xtpr pdcm sse4_1 sse4_2 popcnt lahf_lm ida arat dtherm tpr_shadow vnmi flexpriority ept vpid
bogomips	: 4522.66
clflush size	: 64
cache_alignment	: 64
address sizes	: 36 bits physical, 48 bits virtual
power management:

processor	: 3
vendor_id	: GenuineIntel
cpu family	: 6
model		: 37
model name	: Intel(R) Core(TM) i5 CPU       M 430  @ 2.27GHz
stepping	: 2
microcode	: 0x9
cpu MHz		: 2267.000
cache size	: 3072 KB
physical id	: 0
siblings	: 4
core id		: 2
cpu cores	: 2
apicid		: 5
initial apicid	: 5
fpu		: yes
fpu_exception	: yes
cpuid level	: 11
wp		: yes
flags		: fpu vme de pse tsc msr pae mce cx8 apic sep mtrr pge mca cmov pat pse36 clflush dts acpi mmx fxsr sse sse2 ss ht tm pbe syscall nx rdtscp lm constant_tsc arch_perfmon pebs bts rep_good nopl xtopology nonstop_tsc aperfmperf pni dtes64 monitor ds_cpl vmx est tm2 ssse3 cx16 xtpr pdcm sse4_1 sse4_2 popcnt lahf_lm ida arat dtherm tpr_shadow vnmi flexpriority ept vpid
bogomips	: 4522.66
clflush size	: 64
cache_alignment	: 64
address sizes	: 36 bits physical, 48 bits virtual
power management:



Memory: 4k page, physical 3909244k(94724k free), swap 3998716k(0k free)

vm_info: Java HotSpot(TM) 64-Bit Server VM (25.45-b02) for linux-amd64 JRE (1.8.0_45-b14), built on Apr 10 2015 10:07:45 by "java_re" with gcc 4.3.0 20080428 (Red Hat 4.3.0-8)

time: Mon Jul 13 14:58:05 2015
elapsed time: 23 seconds (0d 0h 0m 23s)

