#
# There is insufficient memory for the Java Runtime Environment to continue.
# Native memory allocation (mmap) failed to map 128974848 bytes for committing reserved memory.
# Possible reasons:
#   The system is out of physical RAM or swap space
#   In 32 bit mode, the process size limit was hit
# Possible solutions:
#   Reduce memory load on the system
#   Increase physical memory or swap space
#   Check if swap backing store is full
#   Use 64 bit Java on a 64 bit OS
#   Decrease Java heap size (-Xmx/-Xms)
#   Decrease number of Java threads
#   Decrease Java thread stack sizes (-Xss)
#   Set larger code cache with -XX:ReservedCodeCacheSize=
# This output file may be truncated or incomplete.
#
#  Out of Memory Error (os_linux.cpp:2673), pid=11358, tid=139800206087936
#
# JRE version: Java(TM) SE Runtime Environment (8.0_45-b14) (build 1.8.0_45-b14)
# Java VM: Java HotSpot(TM) 64-Bit Server VM (25.45-b02 mixed mode linux-amd64 compressed oops)
# Failed to write core dump. Core dumps have been disabled. To enable core dumping, try "ulimit -c unlimited" before starting Java again
#

---------------  T H R E A D  ---------------

Current thread (0x00007f25dc07a000):  VMThread [stack: 0x00007f25c58f9000,0x00007f25c59fa000] [id=11369]

Stack: [0x00007f25c58f9000,0x00007f25c59fa000],  sp=0x00007f25c59f81e0,  free space=1020k
Native frames: (J=compiled Java code, j=interpreted, Vv=VM code, C=native code)
V  [libjvm.so+0xaac99a]  VMError::report_and_die()+0x2ba
V  [libjvm.so+0x4f333b]  report_vm_out_of_memory(char const*, int, unsigned long, VMErrorType, char const*)+0x8b
V  [libjvm.so+0x90e7c3]  os::Linux::commit_memory_impl(char*, unsigned long, bool)+0x103
V  [libjvm.so+0x90ed19]  os::pd_commit_memory(char*, unsigned long, unsigned long, bool)+0x29
V  [libjvm.so+0x90867a]  os::commit_memory(char*, unsigned long, unsigned long, bool)+0x2a
V  [libjvm.so+0x97bac3]  PSVirtualSpace::expand_by(unsigned long)+0x53
V  [libjvm.so+0x97cec8]  PSYoungGen::resize_generation(unsigned long, unsigned long)+0xf8
V  [libjvm.so+0x97c022]  PSYoungGen::resize(unsigned long, unsigned long)+0x22
V  [libjvm.so+0x9792fb]  PSScavenge::invoke_no_policy()+0xf7b
V  [libjvm.so+0x979a81]  PSScavenge::invoke()+0x41
V  [libjvm.so+0x932050]  ParallelScavengeHeap::failed_mem_allocate(unsigned long)+0x70
V  [libjvm.so+0xaae1d7]  VM_ParallelGCFailedAllocation::doit()+0x97
V  [libjvm.so+0xab59c5]  VM_Operation::evaluate()+0x55
V  [libjvm.so+0xab3d9a]  VMThread::evaluate_operation(VM_Operation*)+0xba
V  [libjvm.so+0xab411e]  VMThread::loop()+0x1ce
V  [libjvm.so+0xab4590]  VMThread::run()+0x70
V  [libjvm.so+0x910de8]  java_start(Thread*)+0x108

VM_Operation (0x00007f25e41a3070): ParallelGCFailedAllocation, mode: safepoint, requested by thread 0x00007f25dc00c000


---------------  P R O C E S S  ---------------

Java Threads: ( => current thread )
  0x00007f25dc0cc800 JavaThread "Service Thread" daemon [_thread_blocked, id=11376, stack(0x00007f25c4cb4000,0x00007f25c4db5000)]
  0x00007f25dc0bf000 JavaThread "C1 CompilerThread2" daemon [_thread_blocked, id=11375, stack(0x00007f25c4db5000,0x00007f25c4eb6000)]
  0x00007f25dc0bd800 JavaThread "C2 CompilerThread1" daemon [_thread_blocked, id=11374, stack(0x00007f25c4eb6000,0x00007f25c4fb7000)]
  0x00007f25dc0ba800 JavaThread "C2 CompilerThread0" daemon [_thread_blocked, id=11373, stack(0x00007f25c4fb7000,0x00007f25c50b8000)]
  0x00007f25dc0b9000 JavaThread "Signal Dispatcher" daemon [_thread_blocked, id=11372, stack(0x00007f25c50b8000,0x00007f25c51b9000)]
  0x00007f25dc081000 JavaThread "Finalizer" daemon [_thread_blocked, id=11371, stack(0x00007f25c56f7000,0x00007f25c57f8000)]
  0x00007f25dc07f000 JavaThread "Reference Handler" daemon [_thread_blocked, id=11370, stack(0x00007f25c57f8000,0x00007f25c58f9000)]
  0x00007f25dc00c000 JavaThread "main" [_thread_blocked, id=11364, stack(0x00007f25e40a4000,0x00007f25e41a5000)]

Other Threads:
=>0x00007f25dc07a000 VMThread [stack: 0x00007f25c58f9000,0x00007f25c59fa000] [id=11369]
  0x00007f25dc0cf000 WatcherThread [stack: 0x00007f25c4bb3000,0x00007f25c4cb4000] [id=11377]

VM state:at safepoint (normal execution)

VM Mutex/Monitor currently owned by a thread:  ([mutex/lock_event])
[0x00007f25dc0085e0] Threads_lock - owner thread: 0x00007f25dc07a000
[0x00007f25dc008ae0] Heap_lock - owner thread: 0x00007f25dc00c000

Heap:
 PSYoungGen      total 134144K, used 10614K [0x00000000eab00000, 0x00000000f3900000, 0x0000000100000000)
  eden space 122880K, 0% used [0x00000000eab00000,0x00000000eab00000,0x00000000f2300000)
  from space 11264K, 94% used [0x00000000f2300000,0x00000000f2d5d888,0x00000000f2e00000)
  to   space 11264K, 0% used [0x00000000f2e00000,0x00000000f2e00000,0x00000000f3900000)
 ParOldGen       total 40960K, used 24536K [0x00000000c0000000, 0x00000000c2800000, 0x00000000eab00000)
  object space 40960K, 59% used [0x00000000c0000000,0x00000000c17f6068,0x00000000c2800000)
 Metaspace       used 7791K, capacity 8074K, committed 8320K, reserved 1056768K
  class space    used 757K, capacity 821K, committed 896K, reserved 1048576K

Card table byte_map: [0x00007f25e0c86000,0x00007f25e0e87000] byte_map_base: 0x00007f25e0686000

Marking Bits: (ParMarkBitMap*) 0x00007f25e3584760
 Begin Bits: [0x00007f25c6000000, 0x00007f25c7000000)
 End Bits:   [0x00007f25c7000000, 0x00007f25c8000000)

Polling page: 0x00007f25e41cb000

CodeCache: size=245760Kb used=8703Kb max_used=8703Kb free=237056Kb
 bounds [0x00007f25cd000000, 0x00007f25cd890000, 0x00007f25dc000000]
 total_blobs=2871 nmethods=2575 adapters=210
 compilation: enabled

Compilation events (10 events):
Event: 4,545 Thread 0x00007f25dc0bf000 nmethod 2627 0x00007f25cd87d910 code [0x00007f25cd87daa0, 0x00007f25cd87de18]
Event: 4,564 Thread 0x00007f25dc0bf000 2636       3       com.android.dx.io.instructions.InstructionCodec$7::decode (50 bytes)
Event: 4,566 Thread 0x00007f25dc0bf000 nmethod 2636 0x00007f25cd887810 code [0x00007f25cd8879e0, 0x00007f25cd888238]
Event: 4,566 Thread 0x00007f25dc0bf000 2637       3       com.android.dx.io.instructions.InstructionCodec$7::encode (23 bytes)
Event: 4,567 Thread 0x00007f25dc0bf000 nmethod 2637 0x00007f25cd888790 code [0x00007f25cd888940, 0x00007f25cd8892a8]
Event: 4,580 Thread 0x00007f25dc0bf000 2638       3       com.android.dx.merge.DexMerger::transformEncodedCatchHandler (105 bytes)
Event: 4,583 Thread 0x00007f25dc0bf000 nmethod 2638 0x00007f25cd889690 code [0x00007f25cd889880, 0x00007f25cd88a108]
Event: 4,583 Thread 0x00007f25dc0bf000 2639       3       com.android.dex.Dex$Section::readCatchHandler (82 bytes)
Event: 4,588 Thread 0x00007f25dc0bf000 nmethod 2639 0x00007f25cd88a610 code [0x00007f25cd88a800, 0x00007f25cd88b218]
Event: 5,823 Thread 0x00007f25dc0bf000 2640       3       com.android.dx.io.instructions.FiveRegisterDecodedInstruction::withIndex (49 bytes)

GC Heap History (10 events):
Event: 1,492 GC heap after
Heap after GC invocations=2 (full 0):
 PSYoungGen      total 33280K, used 2530K [0x00000000eab00000, 0x00000000ece00000, 0x0000000100000000)
  eden space 30720K, 0% used [0x00000000eab00000,0x00000000eab00000,0x00000000ec900000)
  from space 2560K, 98% used [0x00000000ecb80000,0x00000000ecdf8ac0,0x00000000ece00000)
  to   space 2560K, 0% used [0x00000000ec900000,0x00000000ec900000,0x00000000ecb80000)
 ParOldGen       total 40960K, used 5037K [0x00000000c0000000, 0x00000000c2800000, 0x00000000eab00000)
  object space 40960K, 12% used [0x00000000c0000000,0x00000000c04eb428,0x00000000c2800000)
 Metaspace       used 5554K, capacity 6896K, committed 7040K, reserved 1056768K
  class space    used 544K, capacity 616K, committed 640K, reserved 1048576K
}
Event: 1,759 GC heap before
{Heap before GC invocations=3 (full 0):
 PSYoungGen      total 33280K, used 32801K [0x00000000eab00000, 0x00000000ece00000, 0x0000000100000000)
  eden space 30720K, 98% used [0x00000000eab00000,0x00000000ec88fad8,0x00000000ec900000)
  from space 2560K, 98% used [0x00000000ecb80000,0x00000000ecdf8ac0,0x00000000ece00000)
  to   space 2560K, 0% used [0x00000000ec900000,0x00000000ec900000,0x00000000ecb80000)
 ParOldGen       total 40960K, used 5037K [0x00000000c0000000, 0x00000000c2800000, 0x00000000eab00000)
  object space 40960K, 12% used [0x00000000c0000000,0x00000000c04eb428,0x00000000c2800000)
 Metaspace       used 5618K, capacity 6896K, committed 7040K, reserved 1056768K
  class space    used 544K, capacity 616K, committed 640K, reserved 1048576K
Event: 1,775 GC heap after
Heap after GC invocations=3 (full 0):
 PSYoungGen      total 33280K, used 2542K [0x00000000eab00000, 0x00000000eec00000, 0x0000000100000000)
  eden space 30720K, 0% used [0x00000000eab00000,0x00000000eab00000,0x00000000ec900000)
  from space 2560K, 99% used [0x00000000ec900000,0x00000000ecb7bbe0,0x00000000ecb80000)
  to   space 2560K, 0% used [0x00000000ee980000,0x00000000ee980000,0x00000000eec00000)
 ParOldGen       total 40960K, used 13570K [0x00000000c0000000, 0x00000000c2800000, 0x00000000eab00000)
  object space 40960K, 33% used [0x00000000c0000000,0x00000000c0d40b28,0x00000000c2800000)
 Metaspace       used 5618K, capacity 6896K, committed 7040K, reserved 1056768K
  class space    used 544K, capacity 616K, committed 640K, reserved 1048576K
}
Event: 2,570 GC heap before
{Heap before GC invocations=4 (full 0):
 PSYoungGen      total 33280K, used 33262K [0x00000000eab00000, 0x00000000eec00000, 0x0000000100000000)
  eden space 30720K, 100% used [0x00000000eab00000,0x00000000ec900000,0x00000000ec900000)
  from space 2560K, 99% used [0x00000000ec900000,0x00000000ecb7bbe0,0x00000000ecb80000)
  to   space 2560K, 0% used [0x00000000ee980000,0x00000000ee980000,0x00000000eec00000)
 ParOldGen       total 40960K, used 13570K [0x00000000c0000000, 0x00000000c2800000, 0x00000000eab00000)
  object space 40960K, 33% used [0x00000000c0000000,0x00000000c0d40b28,0x00000000c2800000)
 Metaspace       used 7632K, capacity 8036K, committed 8320K, reserved 1056768K
  class space    used 748K, capacity 788K, committed 896K, reserved 1048576K
Event: 2,602 GC heap after
Heap after GC invocations=4 (full 0):
 PSYoungGen      total 64000K, used 2550K [0x00000000eab00000, 0x00000000eec00000, 0x0000000100000000)
  eden space 61440K, 0% used [0x00000000eab00000,0x00000000eab00000,0x00000000ee700000)
  from space 2560K, 99% used [0x00000000ee980000,0x00000000eebfd9b0,0x00000000eec00000)
  to   space 2560K, 0% used [0x00000000ee700000,0x00000000ee700000,0x00000000ee980000)
 ParOldGen       total 40960K, used 19455K [0x00000000c0000000, 0x00000000c2800000, 0x00000000eab00000)
  object space 40960K, 47% used [0x00000000c0000000,0x00000000c12ffe18,0x00000000c2800000)
 Metaspace       used 7632K, capacity 8036K, committed 8320K, reserved 1056768K
  class space    used 748K, capacity 788K, committed 896K, reserved 1048576K
}
Event: 3,159 GC heap before
{Heap before GC invocations=5 (full 0):
 PSYoungGen      total 64000K, used 63990K [0x00000000eab00000, 0x00000000eec00000, 0x0000000100000000)
  eden space 61440K, 100% used [0x00000000eab00000,0x00000000ee700000,0x00000000ee700000)
  from space 2560K, 99% used [0x00000000ee980000,0x00000000eebfd9b0,0x00000000eec00000)
  to   space 2560K, 0% used [0x00000000ee700000,0x00000000ee700000,0x00000000ee980000)
 ParOldGen       total 40960K, used 19455K [0x00000000c0000000, 0x00000000c2800000, 0x00000000eab00000)
  object space 40960K, 47% used [0x00000000c0000000,0x00000000c12ffe18,0x00000000c2800000)
 Metaspace       used 7691K, capacity 8036K, committed 8320K, reserved 1056768K
  class space    used 748K, capacity 788K, committed 896K, reserved 1048576K
Event: 3,202 GC heap after
Heap after GC invocations=5 (full 0):
 PSYoungGen      total 64000K, used 2532K [0x00000000eab00000, 0x00000000f3900000, 0x0000000100000000)
  eden space 61440K, 0% used [0x00000000eab00000,0x00000000eab00000,0x00000000ee700000)
  from space 2560K, 98% used [0x00000000ee700000,0x00000000ee9792f8,0x00000000ee980000)
  to   space 11264K, 0% used [0x00000000f2e00000,0x00000000f2e00000,0x00000000f3900000)
 ParOldGen       total 40960K, used 23246K [0x00000000c0000000, 0x00000000c2800000, 0x00000000eab00000)
  object space 40960K, 56% used [0x00000000c0000000,0x00000000c16b3830,0x00000000c2800000)
 Metaspace       used 7691K, capacity 8036K, committed 8320K, reserved 1056768K
  class space    used 748K, capacity 788K, committed 896K, reserved 1048576K
}
Event: 3,879 GC heap before
{Heap before GC invocations=6 (full 0):
 PSYoungGen      total 64000K, used 63972K [0x00000000eab00000, 0x00000000f3900000, 0x0000000100000000)
  eden space 61440K, 100% used [0x00000000eab00000,0x00000000ee700000,0x00000000ee700000)
  from space 2560K, 98% used [0x00000000ee700000,0x00000000ee9792f8,0x00000000ee980000)
  to   space 11264K, 0% used [0x00000000f2e00000,0x00000000f2e00000,0x00000000f3900000)
 ParOldGen       total 40960K, used 23246K [0x00000000c0000000, 0x00000000c2800000, 0x00000000eab00000)
  object space 40960K, 56% used [0x00000000c0000000,0x00000000c16b3830,0x00000000c2800000)
 Metaspace       used 7784K, capacity 8074K, committed 8320K, reserved 1056768K
  class space    used 757K, capacity 821K, committed 896K, reserved 1048576K
Event: 3,905 GC heap after
Heap after GC invocations=6 (full 0):
 PSYoungGen      total 134144K, used 8420K [0x00000000eab00000, 0x00000000f3900000, 0x0000000100000000)
  eden space 122880K, 0% used [0x00000000eab00000,0x00000000eab00000,0x00000000f2300000)
  from space 11264K, 74% used [0x00000000f2e00000,0x00000000f3639158,0x00000000f3900000)
  to   space 11264K, 0% used [0x00000000f2300000,0x00000000f2300000,0x00000000f2e00000)
 ParOldGen       total 40960K, used 23246K [0x00000000c0000000, 0x00000000c2800000, 0x00000000eab00000)
  object space 40960K, 56% used [0x00000000c0000000,0x00000000c16b3830,0x00000000c2800000)
 Metaspace       used 7784K, capacity 8074K, committed 8320K, reserved 1056768K
  class space    used 757K, capacity 821K, committed 896K, reserved 1048576K
}
Event: 5,871 GC heap before
{Heap before GC invocations=7 (full 0):
 PSYoungGen      total 134144K, used 131300K [0x00000000eab00000, 0x00000000f3900000, 0x0000000100000000)
  eden space 122880K, 100% used [0x00000000eab00000,0x00000000f2300000,0x00000000f2300000)
  from space 11264K, 74% used [0x00000000f2e00000,0x00000000f3639158,0x00000000f3900000)
  to   space 11264K, 0% used [0x00000000f2300000,0x00000000f2300000,0x00000000f2e00000)
 ParOldGen       total 40960K, used 23246K [0x00000000c0000000, 0x00000000c2800000, 0x00000000eab00000)
  object space 40960K, 56% used [0x00000000c0000000,0x00000000c16b3830,0x00000000c2800000)
 Metaspace       used 7791K, capacity 8074K, committed 8320K, reserved 1056768K
  class space    used 757K, capacity 821K, committed 896K, reserved 1048576K

Deoptimization events (10 events):
Event: 2,186 Thread 0x00007f25dc00c000 Uncommon trap: reason=unstable_if action=reinterpret pc=0x00007f25cd64782c method=java.util.HashMap.putVal(ILjava/lang/Object;Ljava/lang/Object;ZZ)Ljava/lang/Object; @ 162
Event: 2,301 Thread 0x00007f25dc00c000 Uncommon trap: reason=unstable_if action=reinterpret pc=0x00007f25cd6547f8 method=sun.misc.MetaIndex.mayContain(Ljava/lang/String;)Z @ 13
Event: 2,304 Thread 0x00007f25dc00c000 Uncommon trap: reason=class_check action=maybe_recompile pc=0x00007f25cd530830 method=java.util.ArrayList.<init>(Ljava/util/Collection;)V @ 6
Event: 2,321 Thread 0x00007f25dc00c000 Uncommon trap: reason=class_check action=maybe_recompile pc=0x00007f25cd530830 method=java.util.ArrayList.<init>(Ljava/util/Collection;)V @ 6
Event: 2,342 Thread 0x00007f25dc00c000 Uncommon trap: reason=predicate action=maybe_recompile pc=0x00007f25cd6e023c method=com.android.dex.Leb128.readUnsignedLeb128(Lcom/android/dex/util/ByteInput;)I @ 41
Event: 2,437 Thread 0x00007f25dc00c000 Uncommon trap: reason=unstable_if action=reinterpret pc=0x00007f25cd708660 method=com.android.dex.FieldId.compareTo(Lcom/android/dex/FieldId;)I @ 8
Event: 2,444 Thread 0x00007f25dc00c000 Uncommon trap: reason=unstable_if action=reinterpret pc=0x00007f25cd55a078 method=java.util.HashMap.getNode(ILjava/lang/Object;)Ljava/util/HashMap$Node; @ 84
Event: 2,444 Thread 0x00007f25dc00c000 Uncommon trap: reason=unstable_if action=reinterpret pc=0x00007f25cd551f44 method=java.util.HashMap.getNode(ILjava/lang/Object;)Ljava/util/HashMap$Node; @ 84
Event: 2,526 Thread 0x00007f25dc00c000 Uncommon trap: reason=unstable_if action=reinterpret pc=0x00007f25cd708954 method=com.android.dex.FieldId.compareTo(Lcom/android/dex/FieldId;)I @ 8
Event: 4,099 Thread 0x00007f25dc00c000 Uncommon trap: reason=unstable_if action=reinterpret pc=0x00007f25cd2a885c method=java.lang.Long.numberOfTrailingZeros(J)I @ 3

Internal exceptions (6 events):
Event: 0,174 Thread 0x00007f25dc00c000 Exception <a 'java/lang/NoSuchMethodError': Method sun.misc.Unsafe.defineClass(Ljava/lang/String;[BII)Ljava/lang/Class; name or signature does not match> (0x00000000eab12a38) thrown at [/RE-WORK/workspace/8-2-build-linux-amd64/jdk8u45/3457/hotspot/src/sha
Event: 0,174 Thread 0x00007f25dc00c000 Exception <a 'java/lang/NoSuchMethodError': Method sun.misc.Unsafe.prefetchRead(Ljava/lang/Object;J)V name or signature does not match> (0x00000000eab12cc8) thrown at [/RE-WORK/workspace/8-2-build-linux-amd64/jdk8u45/3457/hotspot/src/share/vm/prims/jni.cp
Event: 2,301 Thread 0x00007f25dc00c000 Exception <a 'java/security/PrivilegedActionException'> (0x00000000eb570328) thrown at [/RE-WORK/workspace/8-2-build-linux-amd64/jdk8u45/3457/hotspot/src/share/vm/prims/jvm.cpp, line 1382]
Event: 2,301 Thread 0x00007f25dc00c000 Exception <a 'java/security/PrivilegedActionException'> (0x00000000eb570670) thrown at [/RE-WORK/workspace/8-2-build-linux-amd64/jdk8u45/3457/hotspot/src/share/vm/prims/jvm.cpp, line 1382]
Event: 2,302 Thread 0x00007f25dc00c000 Exception <a 'java/security/PrivilegedActionException'> (0x00000000eb572d20) thrown at [/RE-WORK/workspace/8-2-build-linux-amd64/jdk8u45/3457/hotspot/src/share/vm/prims/jvm.cpp, line 1382]
Event: 2,302 Thread 0x00007f25dc00c000 Exception <a 'java/security/PrivilegedActionException'> (0x00000000eb573068) thrown at [/RE-WORK/workspace/8-2-build-linux-amd64/jdk8u45/3457/hotspot/src/share/vm/prims/jvm.cpp, line 1382]

Events (10 events):
Event: 3,643 Thread 0x00007f25dc00c000 DEOPT PACKING pc=0x00007f25cd788c46 sp=0x00007f25e41a3390
Event: 3,644 Thread 0x00007f25dc00c000 DEOPT UNPACKING pc=0x00007f25cd047233 sp=0x00007f25e41a30d0 mode 0
Event: 3,877 Executing VM operation: ParallelGCFailedAllocation
Event: 3,905 Executing VM operation: ParallelGCFailedAllocation done
Event: 4,096 Thread 0x00007f25dc00c000 Uncommon trap: trap_request=0xffffff65 fr.pc=0x00007f25cd2a885c
Event: 4,099 Thread 0x00007f25dc00c000 DEOPT PACKING pc=0x00007f25cd2a885c sp=0x00007f25e41a3170
Event: 4,099 Thread 0x00007f25dc00c000 DEOPT UNPACKING pc=0x00007f25cd005229 sp=0x00007f25e41a3120 mode 2
Event: 4,246 Executing VM operation: EnableBiasedLocking
Event: 4,247 Executing VM operation: EnableBiasedLocking done
Event: 5,810 Executing VM operation: ParallelGCFailedAllocation


Dynamic libraries:
00400000-00401000 r-xp 00000000 08:05 799416                             /usr/lib/jvm/java-8-oracle/bin/java
00600000-00601000 rw-p 00000000 08:05 799416                             /usr/lib/jvm/java-8-oracle/bin/java
01b75000-01b96000 rw-p 00000000 00:00 0                                  [heap]
c0000000-c2800000 rw-p 00000000 00:00 0 
c2800000-eab00000 ---p 00000000 00:00 0 
eab00000-f3900000 rw-p 00000000 00:00 0 
fb400000-100000000 ---p 00000000 00:00 0 
100000000-1000e0000 rw-p 00000000 00:00 0 
1000e0000-140000000 ---p 00000000 00:00 0 
7f2590000000-7f2590021000 rw-p 00000000 00:00 0 
7f2590021000-7f2594000000 ---p 00000000 00:00 0 
7f2598000000-7f2598606000 rw-p 00000000 00:00 0 
7f2598606000-7f259c000000 ---p 00000000 00:00 0 
7f259c000000-7f259c021000 rw-p 00000000 00:00 0 
7f259c021000-7f25a0000000 ---p 00000000 00:00 0 
7f25a0000000-7f25a0890000 rw-p 00000000 00:00 0 
7f25a0890000-7f25a4000000 ---p 00000000 00:00 0 
7f25a4000000-7f25a4a3f000 rw-p 00000000 00:00 0 
7f25a4a3f000-7f25a8000000 ---p 00000000 00:00 0 
7f25a8000000-7f25a8021000 rw-p 00000000 00:00 0 
7f25a8021000-7f25ac000000 ---p 00000000 00:00 0 
7f25ac000000-7f25ac021000 rw-p 00000000 00:00 0 
7f25ac021000-7f25b0000000 ---p 00000000 00:00 0 
7f25b0000000-7f25b028d000 rw-p 00000000 00:00 0 
7f25b028d000-7f25b4000000 ---p 00000000 00:00 0 
7f25b4000000-7f25b4021000 rw-p 00000000 00:00 0 
7f25b4021000-7f25b8000000 ---p 00000000 00:00 0 
7f25b8000000-7f25b8021000 rw-p 00000000 00:00 0 
7f25b8021000-7f25bc000000 ---p 00000000 00:00 0 
7f25bc000000-7f25bc021000 rw-p 00000000 00:00 0 
7f25bc021000-7f25c0000000 ---p 00000000 00:00 0 
7f25c0000000-7f25c0021000 rw-p 00000000 00:00 0 
7f25c0021000-7f25c4000000 ---p 00000000 00:00 0 
7f25c4bb3000-7f25c4bb4000 ---p 00000000 00:00 0 
7f25c4bb4000-7f25c4cb4000 rw-p 00000000 00:00 0                          [stack:11377]
7f25c4cb4000-7f25c4cb7000 ---p 00000000 00:00 0 
7f25c4cb7000-7f25c4db5000 rw-p 00000000 00:00 0                          [stack:11376]
7f25c4db5000-7f25c4db8000 ---p 00000000 00:00 0 
7f25c4db8000-7f25c4eb6000 rw-p 00000000 00:00 0                          [stack:11375]
7f25c4eb6000-7f25c4eb9000 ---p 00000000 00:00 0 
7f25c4eb9000-7f25c4fb7000 rw-p 00000000 00:00 0                          [stack:11374]
7f25c4fb7000-7f25c4fba000 ---p 00000000 00:00 0 
7f25c4fba000-7f25c50b8000 rw-p 00000000 00:00 0                          [stack:11373]
7f25c50b8000-7f25c50bb000 ---p 00000000 00:00 0 
7f25c50bb000-7f25c51b9000 rw-p 00000000 00:00 0                          [stack:11372]
7f25c51b9000-7f25c56f7000 r--p 00000000 08:05 793953                     /usr/lib/locale/locale-archive
7f25c56f7000-7f25c56fa000 ---p 00000000 00:00 0 
7f25c56fa000-7f25c57f8000 rw-p 00000000 00:00 0                          [stack:11371]
7f25c57f8000-7f25c57fb000 ---p 00000000 00:00 0 
7f25c57fb000-7f25c58f9000 rw-p 00000000 00:00 0                          [stack:11370]
7f25c58f9000-7f25c58fa000 ---p 00000000 00:00 0 
7f25c58fa000-7f25c8000000 rw-p 00000000 00:00 0                          [stack:11369]
7f25c8000000-7f25c8021000 rw-p 00000000 00:00 0 
7f25c8021000-7f25cc000000 ---p 00000000 00:00 0 
7f25cc0cc000-7f25cc0d3000 r--s 00000000 08:05 12678                      /usr/lib/x86_64-linux-gnu/gconv/gconv-modules.cache
7f25cc0d3000-7f25cc0f9000 r--p 00000000 08:05 155594                     /usr/share/locale-langpack/es/LC_MESSAGES/libc.mo
7f25cc0f9000-7f25ccf40000 rw-p 00000000 00:00 0 
7f25ccf40000-7f25cd000000 ---p 00000000 00:00 0 
7f25cd000000-7f25cd890000 rwxp 00000000 00:00 0 
7f25cd890000-7f25dc000000 ---p 00000000 00:00 0 
7f25dc000000-7f25dc3ca000 rw-p 00000000 00:00 0 
7f25dc3ca000-7f25e0000000 ---p 00000000 00:00 0 
7f25e0000000-7f25e000b000 r--s 00116000 08:05 798587                     /usr/lib/jvm/java-8-oracle/jre/lib/ext/localedata.jar
7f25e000b000-7f25e0027000 r--s 00393000 08:05 798559                     /usr/lib/jvm/java-8-oracle/jre/lib/ext/cldrdata.jar
7f25e0027000-7f25e0036000 r--s 000dd000 08:06 1050226                    /home/xtiti/Android/Sdk/build-tools/22.0.1/lib/dx.jar
7f25e0036000-7f25e02dd000 rw-p 00000000 00:00 0 
7f25e02dd000-7f25e04b6000 r--s 03d09000 08:05 794981                     /usr/lib/jvm/java-8-oracle/jre/lib/rt.jar
7f25e04b6000-7f25e072c000 rw-p 00000000 00:00 0 
7f25e072c000-7f25e072d000 ---p 00000000 00:00 0 
7f25e072d000-7f25e082d000 rw-p 00000000 00:00 0                          [stack:11368]
7f25e082d000-7f25e082e000 ---p 00000000 00:00 0 
7f25e082e000-7f25e092e000 rw-p 00000000 00:00 0                          [stack:11367]
7f25e092e000-7f25e092f000 ---p 00000000 00:00 0 
7f25e092f000-7f25e0a2f000 rw-p 00000000 00:00 0                          [stack:11366]
7f25e0a2f000-7f25e0a30000 ---p 00000000 00:00 0 
7f25e0a30000-7f25e0b44000 rw-p 00000000 00:00 0                          [stack:11365]
7f25e0b44000-7f25e0c86000 ---p 00000000 00:00 0 
7f25e0c86000-7f25e0c9a000 rw-p 00000000 00:00 0 
7f25e0c9a000-7f25e0ddb000 ---p 00000000 00:00 0 
7f25e0ddb000-7f25e0e23000 rw-p 00000000 00:00 0 
7f25e0e23000-7f25e0e86000 ---p 00000000 00:00 0 
7f25e0e86000-7f25e0eaa000 rw-p 00000000 00:00 0 
7f25e0eaa000-7f25e1247000 ---p 00000000 00:00 0 
7f25e1247000-7f25e1261000 r-xp 00000000 08:05 798998                     /usr/lib/jvm/java-8-oracle/jre/lib/amd64/libzip.so
7f25e1261000-7f25e1461000 ---p 0001a000 08:05 798998                     /usr/lib/jvm/java-8-oracle/jre/lib/amd64/libzip.so
7f25e1461000-7f25e1462000 rw-p 0001a000 08:05 798998                     /usr/lib/jvm/java-8-oracle/jre/lib/amd64/libzip.so
7f25e1462000-7f25e146d000 r-xp 00000000 08:05 916448                     /lib/x86_64-linux-gnu/libnss_files-2.19.so
7f25e146d000-7f25e166c000 ---p 0000b000 08:05 916448                     /lib/x86_64-linux-gnu/libnss_files-2.19.so
7f25e166c000-7f25e166d000 r--p 0000a000 08:05 916448                     /lib/x86_64-linux-gnu/libnss_files-2.19.so
7f25e166d000-7f25e166e000 rw-p 0000b000 08:05 916448                     /lib/x86_64-linux-gnu/libnss_files-2.19.so
7f25e166e000-7f25e1679000 r-xp 00000000 08:05 916486                     /lib/x86_64-linux-gnu/libnss_nis-2.19.so
7f25e1679000-7f25e1878000 ---p 0000b000 08:05 916486                     /lib/x86_64-linux-gnu/libnss_nis-2.19.so
7f25e1878000-7f25e1879000 r--p 0000a000 08:05 916486                     /lib/x86_64-linux-gnu/libnss_nis-2.19.so
7f25e1879000-7f25e187a000 rw-p 0000b000 08:05 916486                     /lib/x86_64-linux-gnu/libnss_nis-2.19.so
7f25e187a000-7f25e1891000 r-xp 00000000 08:05 916466                     /lib/x86_64-linux-gnu/libnsl-2.19.so
7f25e1891000-7f25e1a90000 ---p 00017000 08:05 916466                     /lib/x86_64-linux-gnu/libnsl-2.19.so
7f25e1a90000-7f25e1a91000 r--p 00016000 08:05 916466                     /lib/x86_64-linux-gnu/libnsl-2.19.so
7f25e1a91000-7f25e1a92000 rw-p 00017000 08:05 916466                     /lib/x86_64-linux-gnu/libnsl-2.19.so
7f25e1a92000-7f25e1a94000 rw-p 00000000 00:00 0 
7f25e1a94000-7f25e1a9d000 r-xp 00000000 08:05 916464                     /lib/x86_64-linux-gnu/libnss_compat-2.19.so
7f25e1a9d000-7f25e1c9c000 ---p 00009000 08:05 916464                     /lib/x86_64-linux-gnu/libnss_compat-2.19.so
7f25e1c9c000-7f25e1c9d000 r--p 00008000 08:05 916464                     /lib/x86_64-linux-gnu/libnss_compat-2.19.so
7f25e1c9d000-7f25e1c9e000 rw-p 00009000 08:05 916464                     /lib/x86_64-linux-gnu/libnss_compat-2.19.so
7f25e1c9e000-7f25e1cc8000 r-xp 00000000 08:05 798995                     /usr/lib/jvm/java-8-oracle/jre/lib/amd64/libjava.so
7f25e1cc8000-7f25e1ec8000 ---p 0002a000 08:05 798995                     /usr/lib/jvm/java-8-oracle/jre/lib/amd64/libjava.so
7f25e1ec8000-7f25e1eca000 rw-p 0002a000 08:05 798995                     /usr/lib/jvm/java-8-oracle/jre/lib/amd64/libjava.so
7f25e1eca000-7f25e1ed7000 r-xp 00000000 08:05 798604                     /usr/lib/jvm/java-8-oracle/jre/lib/amd64/libverify.so
7f25e1ed7000-7f25e20d7000 ---p 0000d000 08:05 798604                     /usr/lib/jvm/java-8-oracle/jre/lib/amd64/libverify.so
7f25e20d7000-7f25e20d9000 rw-p 0000d000 08:05 798604                     /usr/lib/jvm/java-8-oracle/jre/lib/amd64/libverify.so
7f25e20d9000-7f25e20e0000 r-xp 00000000 08:05 916482                     /lib/x86_64-linux-gnu/librt-2.19.so
7f25e20e0000-7f25e22df000 ---p 00007000 08:05 916482                     /lib/x86_64-linux-gnu/librt-2.19.so
7f25e22df000-7f25e22e0000 r--p 00006000 08:05 916482                     /lib/x86_64-linux-gnu/librt-2.19.so
7f25e22e0000-7f25e22e1000 rw-p 00007000 08:05 916482                     /lib/x86_64-linux-gnu/librt-2.19.so
7f25e22e1000-7f25e23e6000 r-xp 00000000 08:05 916446                     /lib/x86_64-linux-gnu/libm-2.19.so
7f25e23e6000-7f25e25e5000 ---p 00105000 08:05 916446                     /lib/x86_64-linux-gnu/libm-2.19.so
7f25e25e5000-7f25e25e6000 r--p 00104000 08:05 916446                     /lib/x86_64-linux-gnu/libm-2.19.so
7f25e25e6000-7f25e25e7000 rw-p 00105000 08:05 916446                     /lib/x86_64-linux-gnu/libm-2.19.so
7f25e25e7000-7f25e3295000 r-xp 00000000 08:05 798976                     /usr/lib/jvm/java-8-oracle/jre/lib/amd64/server/libjvm.so
7f25e3295000-7f25e3494000 ---p 00cae000 08:05 798976                     /usr/lib/jvm/java-8-oracle/jre/lib/amd64/server/libjvm.so
7f25e3494000-7f25e356b000 rw-p 00cad000 08:05 798976                     /usr/lib/jvm/java-8-oracle/jre/lib/amd64/server/libjvm.so
7f25e356b000-7f25e35af000 rw-p 00000000 00:00 0 
7f25e35af000-7f25e376a000 r-xp 00000000 08:05 916476                     /lib/x86_64-linux-gnu/libc-2.19.so
7f25e376a000-7f25e3969000 ---p 001bb000 08:05 916476                     /lib/x86_64-linux-gnu/libc-2.19.so
7f25e3969000-7f25e396d000 r--p 001ba000 08:05 916476                     /lib/x86_64-linux-gnu/libc-2.19.so
7f25e396d000-7f25e396f000 rw-p 001be000 08:05 916476                     /lib/x86_64-linux-gnu/libc-2.19.so
7f25e396f000-7f25e3974000 rw-p 00000000 00:00 0 
7f25e3974000-7f25e3977000 r-xp 00000000 08:05 916454                     /lib/x86_64-linux-gnu/libdl-2.19.so
7f25e3977000-7f25e3b76000 ---p 00003000 08:05 916454                     /lib/x86_64-linux-gnu/libdl-2.19.so
7f25e3b76000-7f25e3b77000 r--p 00002000 08:05 916454                     /lib/x86_64-linux-gnu/libdl-2.19.so
7f25e3b77000-7f25e3b78000 rw-p 00003000 08:05 916454                     /lib/x86_64-linux-gnu/libdl-2.19.so
7f25e3b78000-7f25e3b8d000 r-xp 00000000 08:05 811476                     /usr/lib/jvm/java-8-oracle/lib/amd64/jli/libjli.so
7f25e3b8d000-7f25e3d8d000 ---p 00015000 08:05 811476                     /usr/lib/jvm/java-8-oracle/lib/amd64/jli/libjli.so
7f25e3d8d000-7f25e3d8e000 rw-p 00015000 08:05 811476                     /usr/lib/jvm/java-8-oracle/lib/amd64/jli/libjli.so
7f25e3d8e000-7f25e3da7000 r-xp 00000000 08:05 916478                     /lib/x86_64-linux-gnu/libpthread-2.19.so
7f25e3da7000-7f25e3fa6000 ---p 00019000 08:05 916478                     /lib/x86_64-linux-gnu/libpthread-2.19.so
7f25e3fa6000-7f25e3fa7000 r--p 00018000 08:05 916478                     /lib/x86_64-linux-gnu/libpthread-2.19.so
7f25e3fa7000-7f25e3fa8000 rw-p 00019000 08:05 916478                     /lib/x86_64-linux-gnu/libpthread-2.19.so
7f25e3fa8000-7f25e3fac000 rw-p 00000000 00:00 0 
7f25e3fac000-7f25e3fcf000 r-xp 00000000 08:05 916470                     /lib/x86_64-linux-gnu/ld-2.19.so
7f25e3fd1000-7f25e40a4000 rw-p 00000000 00:00 0 
7f25e40a4000-7f25e40a7000 ---p 00000000 00:00 0 
7f25e40a7000-7f25e41a9000 rw-p 00000000 00:00 0                          [stack:11364]
7f25e41a9000-7f25e41ae000 r--s 00094000 08:05 789141                     /usr/lib/jvm/java-8-oracle/jre/lib/jsse.jar
7f25e41ae000-7f25e41c2000 rw-p 00000000 00:00 0 
7f25e41c2000-7f25e41ca000 rw-s 00000000 08:05 1075416                    /tmp/hsperfdata_xtiti/11358
7f25e41ca000-7f25e41cb000 rw-p 00000000 00:00 0 
7f25e41cb000-7f25e41cc000 ---p 00000000 00:00 0 
7f25e41cc000-7f25e41ce000 rw-p 00000000 00:00 0 
7f25e41ce000-7f25e41cf000 r--p 00022000 08:05 916470                     /lib/x86_64-linux-gnu/ld-2.19.so
7f25e41cf000-7f25e41d0000 rw-p 00023000 08:05 916470                     /lib/x86_64-linux-gnu/ld-2.19.so
7f25e41d0000-7f25e41d1000 rw-p 00000000 00:00 0 
7ffc28c41000-7ffc28c63000 rw-p 00000000 00:00 0                          [stack]
7ffc28dc0000-7ffc28dc2000 r-xp 00000000 00:00 0                          [vdso]
7ffc28dc2000-7ffc28dc4000 r--p 00000000 00:00 0                          [vvar]
ffffffffff600000-ffffffffff601000 r-xp 00000000 00:00 0                  [vsyscall]

VM Arguments:
jvm_args: -Xmx1024M -Dfile.encoding=UTF-8 -Duser.country=ES -Duser.language=es -Duser.variant 
java_command: com.android.dx.command.Main --dex --output /home/xtiti/AndroidStudioProjects/Hammock_Rent/app/build/intermediates/dex/debug /home/xtiti/AndroidStudioProjects/Hammock_Rent/app/build/intermediates/classes/debug /home/xtiti/AndroidStudioProjects/Hammock_Rent/app/build/intermediates/pre-dexed/debug/support-annotations-22.2.0-153de45ecafc3e786867ee362fc621c597a9868e.jar /home/xtiti/AndroidStudioProjects/Hammock_Rent/app/build/intermediates/pre-dexed/debug/classes-17a2b6074a1e4c2a9a305f8448bd2ed9e90dd5bb.jar /home/xtiti/AndroidStudioProjects/Hammock_Rent/app/build/intermediates/pre-dexed/debug/classes-e045691255ccbaee961aef90bdc2b85b30c4779e.jar /home/xtiti/AndroidStudioProjects/Hammock_Rent/app/build/intermediates/pre-dexed/debug/classes-4ab081ea7ef13a0adb439613d2fd4155079c95e7.jar /home/xtiti/AndroidStudioProjects/Hammock_Rent/app/build/intermediates/pre-dexed/debug/internal_impl-22.0.0-1aebf6f9ea11561b618b0aaea00ea92b42c6596a.jar /home/xtiti/AndroidStudioProjects/Hammock_Rent/app/build/intermediates/pre-dexed/debug/classes-eac630d588a0637f0359eb54cc17d04c944ad493.jar /home/xtiti/AndroidStudioProjects/Hammock_Rent/app/build/intermediates/pre-dexed/debug/classes-96add56222c1b0147af2d2693974f522b17935be.jar /home/xtiti/AndroidStudioProjects/Hammock_Rent/app/build/intermediates/pre-dexed/debug/classes-bdcc3d2e2f40bee8fa35de984e05e1252de17a41.jar /home/xtiti/AndroidStudioProjects/Hammock_Rent/app/build/intermediates/pre-dexed/debug/classes-eff8b29742106984a858f64268e41b46e99d2fad.jar /home/xtiti/AndroidStudioProjects/Hammock_Rent/app/build/intermediates/pre-dexed/debug/classes-9383dff18c7f52d12ab5f8757a5eccfd36697cab.jar /home/xtiti/AndroidStudioProjects/Hammock_Rent/app/build/intermediates/pre-dexed/debug/library-1.0.17-6fdafe0f09b0b901592acb998cb8e2c9b2075ac8.jar /home/xtiti/AndroidStudioProjects/Hammock_Rent/app/build/intermediates/pre-dexed/debug/classes-e571f1f4223630a82993e3ad06272f189395c2b4.jar /home/xtiti/AndroidStudioProjects/Hammock_Rent/app/build
java_class_path (initial): /home/xtiti/Android/Sdk/build-tools/22.0.1/lib/dx.jar
Launcher Type: SUN_STANDARD

Environment Variables:
JAVA_HOME=JAVA_HOME=/usr/lib/jvm/java-8-oracle
PATH=/usr/games:/usr/local/sbin:/usr/local/bin:/usr/sbin:/usr/bin:/sbin:/bin:/usr/games:/usr/local/games
USERNAME=xtiti
LD_LIBRARY_PATH=/home/xtiti/Programas/android-studio/bin:
SHELL=/bin/bash
DISPLAY=:0

Signal Handlers:
SIGSEGV: [libjvm.so+0xaad1e0], sa_mask[0]=11111111011111111101111111111110, sa_flags=SA_RESTART|SA_SIGINFO
SIGBUS: [libjvm.so+0xaad1e0], sa_mask[0]=11111111011111111101111111111110, sa_flags=SA_RESTART|SA_SIGINFO
SIGFPE: [libjvm.so+0x90b450], sa_mask[0]=11111111011111111101111111111110, sa_flags=SA_RESTART|SA_SIGINFO
SIGPIPE: [libjvm.so+0x90b450], sa_mask[0]=11111111011111111101111111111110, sa_flags=SA_RESTART|SA_SIGINFO
SIGXFSZ: [libjvm.so+0x90b450], sa_mask[0]=11111111011111111101111111111110, sa_flags=SA_RESTART|SA_SIGINFO
SIGILL: [libjvm.so+0x90b450], sa_mask[0]=11111111011111111101111111111110, sa_flags=SA_RESTART|SA_SIGINFO
SIGUSR1: SIG_DFL, sa_mask[0]=00000000000000000000000000000000, sa_flags=none
SIGUSR2: [libjvm.so+0x90ca90], sa_mask[0]=00100000000000000000000000000000, sa_flags=SA_RESTART|SA_SIGINFO
SIGHUP: [libjvm.so+0x90dde0], sa_mask[0]=11111111011111111101111111111110, sa_flags=SA_RESTART|SA_SIGINFO
SIGINT: [libjvm.so+0x90dde0], sa_mask[0]=11111111011111111101111111111110, sa_flags=SA_RESTART|SA_SIGINFO
SIGTERM: [libjvm.so+0x90dde0], sa_mask[0]=11111111011111111101111111111110, sa_flags=SA_RESTART|SA_SIGINFO
SIGQUIT: [libjvm.so+0x90dde0], sa_mask[0]=11111111011111111101111111111110, sa_flags=SA_RESTART|SA_SIGINFO


---------------  S Y S T E M  ---------------

OS:DISTRIB_ID=LinuxMint
DISTRIB_RELEASE=17.2
DISTRIB_CODENAME=rafaela
DISTRIB_DESCRIPTION="Linux Mint 17.2 Rafaela"

uname:Linux 3.16.0-38-generic #52~14.04.1-Ubuntu SMP Fri May 8 09:43:57 UTC 2015 x86_64
libc:glibc 2.19 NPTL 2.19 
rlimit: STACK 8192k, CORE 0k, NPROC 15149, NOFILE 4096, AS infinity
load average:2,30 1,33 0,96

/proc/meminfo:
MemTotal:        3909244 kB
MemFree:           88196 kB
MemAvailable:      33276 kB
Buffers:             656 kB
Cached:            25312 kB
SwapCached:          388 kB
Active:          2858092 kB
Inactive:         714644 kB
Active(anon):    2845168 kB
Inactive(anon):   703932 kB
Active(file):      12924 kB
Inactive(file):    10712 kB
Unevictable:          92 kB
Mlocked:              92 kB
SwapTotal:       3998716 kB
SwapFree:              0 kB
Dirty:                 0 kB
Writeback:           124 kB
AnonPages:       3547212 kB
Mapped:            76768 kB
Shmem:              2012 kB
Slab:              73336 kB
SReclaimable:      35456 kB
SUnreclaim:        37880 kB
KernelStack:       15072 kB
PageTables:        46480 kB
NFS_Unstable:          0 kB
Bounce:                0 kB
WritebackTmp:          0 kB
CommitLimit:     5953336 kB
Committed_AS:   11081176 kB
VmallocTotal:   34359738367 kB
VmallocUsed:      308200 kB
VmallocChunk:   34359423996 kB
HardwareCorrupted:     0 kB
AnonHugePages:   1230848 kB
HugePages_Total:       0
HugePages_Free:        0
HugePages_Rsvd:        0
HugePages_Surp:        0
Hugepagesize:       2048 kB
DirectMap4k:      207972 kB
DirectMap2M:     3846144 kB


CPU:total 4 (2 cores per cpu, 2 threads per core) family 6 model 37 stepping 2, cmov, cx8, fxsr, mmx, sse, sse2, sse3, ssse3, sse4.1, sse4.2, popcnt, ht, tsc, tscinvbit

/proc/cpuinfo:
processor	: 0
vendor_id	: GenuineIntel
cpu family	: 6
model		: 37
model name	: Intel(R) Core(TM) i5 CPU       M 430  @ 2.27GHz
stepping	: 2
microcode	: 0x9
cpu MHz		: 2267.000
cache size	: 3072 KB
physical id	: 0
siblings	: 4
core id		: 0
cpu cores	: 2
apicid		: 0
initial apicid	: 0
fpu		: yes
fpu_exception	: yes
cpuid level	: 11
wp		: yes
flags		: fpu vme de pse tsc msr pae mce cx8 apic sep mtrr pge mca cmov pat pse36 clflush dts acpi mmx fxsr sse sse2 ss ht tm pbe syscall nx rdtscp lm constant_tsc arch_perfmon pebs bts rep_good nopl xtopology nonstop_tsc aperfmperf pni dtes64 monitor ds_cpl vmx est tm2 ssse3 cx16 xtpr pdcm sse4_1 sse4_2 popcnt lahf_lm ida arat dtherm tpr_shadow vnmi flexpriority ept vpid
bogomips	: 4522.69
clflush size	: 64
cache_alignment	: 64
address sizes	: 36 bits physical, 48 bits virtual
power management:

processor	: 1
vendor_id	: GenuineIntel
cpu family	: 6
model		: 37
model name	: Intel(R) Core(TM) i5 CPU       M 430  @ 2.27GHz
stepping	: 2
microcode	: 0x9
cpu MHz		: 2267.000
cache size	: 3072 KB
physical id	: 0
siblings	: 4
core id		: 0
cpu cores	: 2
apicid		: 1
initial apicid	: 1
fpu		: yes
fpu_exception	: yes
cpuid level	: 11
wp		: yes
flags		: fpu vme de pse tsc msr pae mce cx8 apic sep mtrr pge mca cmov pat pse36 clflush dts acpi mmx fxsr sse sse2 ss ht tm pbe syscall nx rdtscp lm constant_tsc arch_perfmon pebs bts rep_good nopl xtopology nonstop_tsc aperfmperf pni dtes64 monitor ds_cpl vmx est tm2 ssse3 cx16 xtpr pdcm sse4_1 sse4_2 popcnt lahf_lm ida arat dtherm tpr_shadow vnmi flexpriority ept vpid
bogomips	: 4522.69
clflush size	: 64
cache_alignment	: 64
address sizes	: 36 bits physical, 48 bits virtual
power management:

processor	: 2
vendor_id	: GenuineIntel
cpu family	: 6
model		: 37
model name	: Intel(R) Core(TM) i5 CPU       M 430  @ 2.27GHz
stepping	: 2
microcode	: 0x9
cpu MHz		: 2267.000
cache size	: 3072 KB
physical id	: 0
siblings	: 4
core id		: 2
cpu cores	: 2
apicid		: 4
initial apicid	: 4
fpu		: yes
fpu_exception	: yes
cpuid level	: 11
wp		: yes
flags		: fpu vme de pse tsc msr pae mce cx8 apic sep mtrr pge mca cmov pat pse36 clflush dts acpi mmx fxsr sse sse2 ss ht tm pbe syscall nx rdtscp lm constant_tsc arch_perfmon pebs bts rep_good nopl xtopology nonstop_tsc aperfmperf pni dtes64 monitor ds_cpl vmx est tm2 ssse3 cx16 xtpr pdcm sse4_1 sse4_2 popcnt lahf_lm ida arat dtherm tpr_shadow vnmi flexpriority ept vpid
bogomips	: 4522.69
clflush size	: 64
cache_alignment	: 64
address sizes	: 36 bits physical, 48 bits virtual
power management:

processor	: 3
vendor_id	: GenuineIntel
cpu family	: 6
model		: 37
model name	: Intel(R) Core(TM) i5 CPU       M 430  @ 2.27GHz
stepping	: 2
microcode	: 0x9
cpu MHz		: 2267.000
cache size	: 3072 KB
physical id	: 0
siblings	: 4
core id		: 2
cpu cores	: 2
apicid		: 5
initial apicid	: 5
fpu		: yes
fpu_exception	: yes
cpuid level	: 11
wp		: yes
flags		: fpu vme de pse tsc msr pae mce cx8 apic sep mtrr pge mca cmov pat pse36 clflush dts acpi mmx fxsr sse sse2 ss ht tm pbe syscall nx rdtscp lm constant_tsc arch_perfmon pebs bts rep_good nopl xtopology nonstop_tsc aperfmperf pni dtes64 monitor ds_cpl vmx est tm2 ssse3 cx16 xtpr pdcm sse4_1 sse4_2 popcnt lahf_lm ida arat dtherm tpr_shadow vnmi flexpriority ept vpid
bogomips	: 4522.69
clflush size	: 64
cache_alignment	: 64
address sizes	: 36 bits physical, 48 bits virtual
power management:



Memory: 4k page, physical 3909244k(88196k free), swap 3998716k(0k free)

vm_info: Java HotSpot(TM) 64-Bit Server VM (25.45-b02) for linux-amd64 JRE (1.8.0_45-b14), built on Apr 10 2015 10:07:45 by "java_re" with gcc 4.3.0 20080428 (Red Hat 4.3.0-8)

time: Tue Jul 14 14:17:34 2015
elapsed time: 7 seconds (0d 0h 0m 7s)

