#
# There is insufficient memory for the Java Runtime Environment to continue.
# Native memory allocation (mmap) failed to map 68157440 bytes for committing reserved memory.
# Possible reasons:
#   The system is out of physical RAM or swap space
#   In 32 bit mode, the process size limit was hit
# Possible solutions:
#   Reduce memory load on the system
#   Increase physical memory or swap space
#   Check if swap backing store is full
#   Use 64 bit Java on a 64 bit OS
#   Decrease Java heap size (-Xmx/-Xms)
#   Decrease number of Java threads
#   Decrease Java thread stack sizes (-Xss)
#   Set larger code cache with -XX:ReservedCodeCacheSize=
# This output file may be truncated or incomplete.
#
#  Out of Memory Error (os_linux.cpp:2673), pid=9324, tid=139690664621824
#
# JRE version: Java(TM) SE Runtime Environment (8.0_45-b14) (build 1.8.0_45-b14)
# Java VM: Java HotSpot(TM) 64-Bit Server VM (25.45-b02 mixed mode linux-amd64 compressed oops)
# Failed to write core dump. Core dumps have been disabled. To enable core dumping, try "ulimit -c unlimited" before starting Java again
#

---------------  T H R E A D  ---------------

Current thread (0x00007f0c5c079800):  VMThread [stack: 0x00007f0c44617000,0x00007f0c44718000] [id=9335]

Stack: [0x00007f0c44617000,0x00007f0c44718000],  sp=0x00007f0c447162e0,  free space=1020k
Native frames: (J=compiled Java code, j=interpreted, Vv=VM code, C=native code)
V  [libjvm.so+0xaac99a]  VMError::report_and_die()+0x2ba
V  [libjvm.so+0x4f333b]  report_vm_out_of_memory(char const*, int, unsigned long, VMErrorType, char const*)+0x8b
V  [libjvm.so+0x90e7c3]  os::Linux::commit_memory_impl(char*, unsigned long, bool)+0x103
V  [libjvm.so+0x90ed19]  os::pd_commit_memory(char*, unsigned long, unsigned long, bool)+0x29
V  [libjvm.so+0x90867a]  os::commit_memory(char*, unsigned long, unsigned long, bool)+0x2a
V  [libjvm.so+0x97bac3]  PSVirtualSpace::expand_by(unsigned long)+0x53
V  [libjvm.so+0x97cec8]  PSYoungGen::resize_generation(unsigned long, unsigned long)+0xf8
V  [libjvm.so+0x97c022]  PSYoungGen::resize(unsigned long, unsigned long)+0x22
V  [libjvm.so+0x9792fb]  PSScavenge::invoke_no_policy()+0xf7b
V  [libjvm.so+0x979a81]  PSScavenge::invoke()+0x41
V  [libjvm.so+0x932050]  ParallelScavengeHeap::failed_mem_allocate(unsigned long)+0x70
V  [libjvm.so+0xaae1d7]  VM_ParallelGCFailedAllocation::doit()+0x97
V  [libjvm.so+0xab59c5]  VM_Operation::evaluate()+0x55
V  [libjvm.so+0xab3d9a]  VMThread::evaluate_operation(VM_Operation*)+0xba
V  [libjvm.so+0xab411e]  VMThread::loop()+0x1ce
V  [libjvm.so+0xab4590]  VMThread::run()+0x70
V  [libjvm.so+0x910de8]  java_start(Thread*)+0x108

VM_Operation (0x00007f0c62de1460): ParallelGCFailedAllocation, mode: safepoint, requested by thread 0x00007f0c5c00c000


---------------  P R O C E S S  ---------------

Java Threads: ( => current thread )
  0x00007f0c5c0cc800 JavaThread "Service Thread" daemon [_thread_blocked, id=9342, stack(0x00007f0c3f9c1000,0x00007f0c3fac2000)]
  0x00007f0c5c0bf000 JavaThread "C1 CompilerThread2" daemon [_thread_blocked, id=9341, stack(0x00007f0c44011000,0x00007f0c44112000)]
  0x00007f0c5c0bd800 JavaThread "C2 CompilerThread1" daemon [_thread_blocked, id=9340, stack(0x00007f0c44112000,0x00007f0c44213000)]
  0x00007f0c5c0ba800 JavaThread "C2 CompilerThread0" daemon [_thread_blocked, id=9339, stack(0x00007f0c44213000,0x00007f0c44314000)]
  0x00007f0c5c0b9000 JavaThread "Signal Dispatcher" daemon [_thread_blocked, id=9338, stack(0x00007f0c44314000,0x00007f0c44415000)]
  0x00007f0c5c081000 JavaThread "Finalizer" daemon [_thread_blocked, id=9337, stack(0x00007f0c44415000,0x00007f0c44516000)]
  0x00007f0c5c07e800 JavaThread "Reference Handler" daemon [_thread_blocked, id=9336, stack(0x00007f0c44516000,0x00007f0c44617000)]
  0x00007f0c5c00c000 JavaThread "main" [_thread_blocked, id=9330, stack(0x00007f0c62ce2000,0x00007f0c62de3000)]

Other Threads:
=>0x00007f0c5c079800 VMThread [stack: 0x00007f0c44617000,0x00007f0c44718000] [id=9335]
  0x00007f0c5c0ce800 WatcherThread [stack: 0x00007f0c3f8c0000,0x00007f0c3f9c1000] [id=9343]

VM state:at safepoint (normal execution)

VM Mutex/Monitor currently owned by a thread:  ([mutex/lock_event])
[0x00007f0c5c0083a0] Threads_lock - owner thread: 0x00007f0c5c079800
[0x00007f0c5c0088a0] Heap_lock - owner thread: 0x00007f0c5c00c000

Heap:
 PSYoungGen      total 256512K, used 8552K [0x00000000eab00000, 0x00000000fbf00000, 0x0000000100000000)
  eden space 236544K, 0% used [0x00000000eab00000,0x00000000eab00000,0x00000000f9200000)
  from space 19968K, 42% used [0x00000000f9200000,0x00000000f9a5a200,0x00000000fa580000)
  to   space 13824K, 0% used [0x00000000fa580000,0x00000000fa580000,0x00000000fb300000)
 ParOldGen       total 58880K, used 27750K [0x00000000c0000000, 0x00000000c3980000, 0x00000000eab00000)
  object space 58880K, 47% used [0x00000000c0000000,0x00000000c1b19a50,0x00000000c3980000)
 Metaspace       used 7860K, capacity 8106K, committed 8320K, reserved 1056768K
  class space    used 755K, capacity 789K, committed 896K, reserved 1048576K

Card table byte_map: [0x00007f0c4c824000,0x00007f0c4ca25000] byte_map_base: 0x00007f0c4c224000

Marking Bits: (ParMarkBitMap*) 0x00007f0c621c2760
 Begin Bits: [0x00007f0c46000000, 0x00007f0c47000000)
 End Bits:   [0x00007f0c47000000, 0x00007f0c48000000)

Polling page: 0x00007f0c62e09000

CodeCache: size=245760Kb used=9497Kb max_used=9506Kb free=236263Kb
 bounds [0x00007f0c4cde5000, 0x00007f0c4d745000, 0x00007f0c5bde5000]
 total_blobs=3066 nmethods=2770 adapters=210
 compilation: enabled

Compilation events (10 events):
Event: 5,093 Thread 0x00007f0c5c0bd800 2792       4       java.util.TimSort::binarySort (223 bytes)
Event: 5,109 Thread 0x00007f0c5c0bd800 nmethod 2792 0x00007f0c4d7327d0 code [0x00007f0c4d732960, 0x00007f0c4d733038]
Event: 5,109 Thread 0x00007f0c5c0bd800 2794       4       com.android.dx.io.instructions.InstructionCodec$14::decode (53 bytes)
Event: 5,113 Thread 0x00007f0c5c0bd800 nmethod 2794 0x00007f0c4d730810 code [0x00007f0c4d730980, 0x00007f0c4d730bb8]
Event: 5,113 Thread 0x00007f0c5c0bd800 2793       4       com.android.dx.io.instructions.FourRegisterDecodedInstruction::withIndex (45 bytes)
Event: 5,117 Thread 0x00007f0c5c0bd800 nmethod 2793 0x00007f0c4d7334d0 code [0x00007f0c4d733620, 0x00007f0c4d7338d8]
Event: 5,124 Thread 0x00007f0c5c0bd800 2795       4       com.android.dx.io.instructions.InstructionCodec$33::decode (99 bytes)
Event: 5,176 Thread 0x00007f0c5c0bd800 nmethod 2795 0x00007f0c4d736290 code [0x00007f0c4d7364a0, 0x00007f0c4d737498]
Event: 5,176 Thread 0x00007f0c5c0bd800 2796       4       com.android.dx.io.instructions.InstructionCodec$33::encode (131 bytes)
Event: 6,401 Thread 0x00007f0c5c0bf000 2800       3       java.util.regex.Pattern$Start::match (90 bytes)

GC Heap History (10 events):
Event: 3,102 GC heap after
Heap after GC invocations=5 (full 0):
 PSYoungGen      total 64000K, used 2546K [0x00000000eab00000, 0x00000000f3c00000, 0x0000000100000000)
  eden space 61440K, 0% used [0x00000000eab00000,0x00000000eab00000,0x00000000ee700000)
  from space 2560K, 99% used [0x00000000ee700000,0x00000000ee97cac8,0x00000000ee980000)
  to   space 12800K, 0% used [0x00000000f2f80000,0x00000000f2f80000,0x00000000f3c00000)
 ParOldGen       total 40960K, used 23795K [0x00000000c0000000, 0x00000000c2800000, 0x00000000eab00000)
  object space 40960K, 58% used [0x00000000c0000000,0x00000000c173cc48,0x00000000c2800000)
 Metaspace       used 7727K, capacity 8068K, committed 8192K, reserved 1056768K
  class space    used 746K, capacity 756K, committed 768K, reserved 1048576K
}
Event: 3,407 GC heap before
{Heap before GC invocations=6 (full 0):
 PSYoungGen      total 64000K, used 63986K [0x00000000eab00000, 0x00000000f3c00000, 0x0000000100000000)
  eden space 61440K, 100% used [0x00000000eab00000,0x00000000ee700000,0x00000000ee700000)
  from space 2560K, 99% used [0x00000000ee700000,0x00000000ee97cac8,0x00000000ee980000)
  to   space 12800K, 0% used [0x00000000f2f80000,0x00000000f2f80000,0x00000000f3c00000)
 ParOldGen       total 40960K, used 23795K [0x00000000c0000000, 0x00000000c2800000, 0x00000000eab00000)
  object space 40960K, 58% used [0x00000000c0000000,0x00000000c173cc48,0x00000000c2800000)
 Metaspace       used 7822K, capacity 8106K, committed 8320K, reserved 1056768K
  class space    used 755K, capacity 789K, committed 896K, reserved 1048576K
Event: 3,454 GC heap after
Heap after GC invocations=6 (full 0):
 PSYoungGen      total 134144K, used 11078K [0x00000000eab00000, 0x00000000f3f00000, 0x0000000100000000)
  eden space 121344K, 0% used [0x00000000eab00000,0x00000000eab00000,0x00000000f2180000)
  from space 12800K, 86% used [0x00000000f2f80000,0x00000000f3a518d0,0x00000000f3c00000)
  to   space 14336K, 0% used [0x00000000f2180000,0x00000000f2180000,0x00000000f2f80000)
 ParOldGen       total 40960K, used 26565K [0x00000000c0000000, 0x00000000c2800000, 0x00000000eab00000)
  object space 40960K, 64% used [0x00000000c0000000,0x00000000c19f1468,0x00000000c2800000)
 Metaspace       used 7822K, capacity 8106K, committed 8320K, reserved 1056768K
  class space    used 755K, capacity 789K, committed 896K, reserved 1048576K
}
Event: 3,999 GC heap before
{Heap before GC invocations=7 (full 0):
 PSYoungGen      total 134144K, used 131339K [0x00000000eab00000, 0x00000000f3f00000, 0x0000000100000000)
  eden space 121344K, 99% used [0x00000000eab00000,0x00000000f20715a8,0x00000000f2180000)
  from space 12800K, 86% used [0x00000000f2f80000,0x00000000f3a518d0,0x00000000f3c00000)
  to   space 14336K, 0% used [0x00000000f2180000,0x00000000f2180000,0x00000000f2f80000)
 ParOldGen       total 40960K, used 26565K [0x00000000c0000000, 0x00000000c2800000, 0x00000000eab00000)
  object space 40960K, 64% used [0x00000000c0000000,0x00000000c19f1468,0x00000000c2800000)
 Metaspace       used 7844K, capacity 8106K, committed 8320K, reserved 1056768K
  class space    used 755K, capacity 789K, committed 896K, reserved 1048576K
Event: 4,019 GC heap after
Heap after GC invocations=7 (full 0):
 PSYoungGen      total 135680K, used 4637K [0x00000000eab00000, 0x00000000fb300000, 0x0000000100000000)
  eden space 121344K, 0% used [0x00000000eab00000,0x00000000eab00000,0x00000000f2180000)
  from space 14336K, 32% used [0x00000000f2180000,0x00000000f26077c8,0x00000000f2f80000)
  to   space 13824K, 0% used [0x00000000fa580000,0x00000000fa580000,0x00000000fb300000)
 ParOldGen       total 40960K, used 28153K [0x00000000c0000000, 0x00000000c2800000, 0x00000000eab00000)
  object space 40960K, 68% used [0x00000000c0000000,0x00000000c1b7e708,0x00000000c2800000)
 Metaspace       used 7844K, capacity 8106K, committed 8320K, reserved 1056768K
  class space    used 755K, capacity 789K, committed 896K, reserved 1048576K
}
Event: 4,408 GC heap before
{Heap before GC invocations=8 (full 0):
 PSYoungGen      total 135680K, used 125981K [0x00000000eab00000, 0x00000000fb300000, 0x0000000100000000)
  eden space 121344K, 100% used [0x00000000eab00000,0x00000000f2180000,0x00000000f2180000)
  from space 14336K, 32% used [0x00000000f2180000,0x00000000f26077c8,0x00000000f2f80000)
  to   space 13824K, 0% used [0x00000000fa580000,0x00000000fa580000,0x00000000fb300000)
 ParOldGen       total 40960K, used 28153K [0x00000000c0000000, 0x00000000c2800000, 0x00000000eab00000)
  object space 40960K, 68% used [0x00000000c0000000,0x00000000c1b7e708,0x00000000c2800000)
 Metaspace       used 7852K, capacity 8106K, committed 8320K, reserved 1056768K
  class space    used 755K, capacity 789K, committed 896K, reserved 1048576K
Event: 4,442 GC heap after
Heap after GC invocations=8 (full 0):
 PSYoungGen      total 250368K, used 13800K [0x00000000eab00000, 0x00000000fbf00000, 0x0000000100000000)
  eden space 236544K, 0% used [0x00000000eab00000,0x00000000eab00000,0x00000000f9200000)
  from space 13824K, 99% used [0x00000000fa580000,0x00000000fb2fa228,0x00000000fb300000)
  to   space 19968K, 0% used [0x00000000f9200000,0x00000000f9200000,0x00000000fa580000)
 ParOldGen       total 40960K, used 37125K [0x00000000c0000000, 0x00000000c2800000, 0x00000000eab00000)
  object space 40960K, 90% used [0x00000000c0000000,0x00000000c2441430,0x00000000c2800000)
 Metaspace       used 7852K, capacity 8106K, committed 8320K, reserved 1056768K
  class space    used 755K, capacity 789K, committed 896K, reserved 1048576K
}
Event: 4,442 GC heap before
{Heap before GC invocations=9 (full 1):
 PSYoungGen      total 250368K, used 13800K [0x00000000eab00000, 0x00000000fbf00000, 0x0000000100000000)
  eden space 236544K, 0% used [0x00000000eab00000,0x00000000eab00000,0x00000000f9200000)
  from space 13824K, 99% used [0x00000000fa580000,0x00000000fb2fa228,0x00000000fb300000)
  to   space 19968K, 0% used [0x00000000f9200000,0x00000000f9200000,0x00000000fa580000)
 ParOldGen       total 40960K, used 37125K [0x00000000c0000000, 0x00000000c2800000, 0x00000000eab00000)
  object space 40960K, 90% used [0x00000000c0000000,0x00000000c2441430,0x00000000c2800000)
 Metaspace       used 7852K, capacity 8106K, committed 8320K, reserved 1056768K
  class space    used 755K, capacity 789K, committed 896K, reserved 1048576K
Event: 4,545 GC heap after
Heap after GC invocations=9 (full 1):
 PSYoungGen      total 250368K, used 0K [0x00000000eab00000, 0x00000000fbf00000, 0x0000000100000000)
  eden space 236544K, 0% used [0x00000000eab00000,0x00000000eab00000,0x00000000f9200000)
  from space 13824K, 0% used [0x00000000fa580000,0x00000000fa580000,0x00000000fb300000)
  to   space 19968K, 0% used [0x00000000f9200000,0x00000000f9200000,0x00000000fa580000)
 ParOldGen       total 58880K, used 27742K [0x00000000c0000000, 0x00000000c3980000, 0x00000000eab00000)
  object space 58880K, 47% used [0x00000000c0000000,0x00000000c1b17a50,0x00000000c3980000)
 Metaspace       used 7852K, capacity 8106K, committed 8320K, reserved 1056768K
  class space    used 755K, capacity 789K, committed 896K, reserved 1048576K
}
Event: 6,496 GC heap before
{Heap before GC invocations=10 (full 1):
 PSYoungGen      total 250368K, used 230953K [0x00000000eab00000, 0x00000000fbf00000, 0x0000000100000000)
  eden space 236544K, 97% used [0x00000000eab00000,0x00000000f8c8a5b8,0x00000000f9200000)
  from space 13824K, 0% used [0x00000000fa580000,0x00000000fa580000,0x00000000fb300000)
  to   space 19968K, 0% used [0x00000000f9200000,0x00000000f9200000,0x00000000fa580000)
 ParOldGen       total 58880K, used 27742K [0x00000000c0000000, 0x00000000c3980000, 0x00000000eab00000)
  object space 58880K, 47% used [0x00000000c0000000,0x00000000c1b17a50,0x00000000c3980000)
 Metaspace       used 7860K, capacity 8106K, committed 8320K, reserved 1056768K
  class space    used 755K, capacity 789K, committed 896K, reserved 1048576K

Deoptimization events (10 events):
Event: 2,114 Thread 0x00007f0c5c00c000 Uncommon trap: reason=unstable_if action=reinterpret pc=0x00007f0c4d466fac method=java.util.HashMap.putVal(ILjava/lang/Object;Ljava/lang/Object;ZZ)Ljava/lang/Object; @ 162
Event: 2,242 Thread 0x00007f0c5c00c000 Uncommon trap: reason=unstable_if action=reinterpret pc=0x00007f0c4d468878 method=sun.misc.MetaIndex.mayContain(Ljava/lang/String;)Z @ 13
Event: 2,246 Thread 0x00007f0c5c00c000 Uncommon trap: reason=class_check action=maybe_recompile pc=0x00007f0c4d1f4570 method=java.util.ArrayList.<init>(Ljava/util/Collection;)V @ 6
Event: 2,266 Thread 0x00007f0c5c00c000 Uncommon trap: reason=class_check action=maybe_recompile pc=0x00007f0c4d1f4570 method=java.util.ArrayList.<init>(Ljava/util/Collection;)V @ 6
Event: 2,287 Thread 0x00007f0c5c00c000 Uncommon trap: reason=predicate action=maybe_recompile pc=0x00007f0c4d50dc18 method=com.android.dex.Leb128.readUnsignedLeb128(Lcom/android/dex/util/ByteInput;)I @ 41
Event: 2,395 Thread 0x00007f0c5c00c000 Uncommon trap: reason=unstable_if action=reinterpret pc=0x00007f0c4d394bac method=java.util.HashMap.getNode(ILjava/lang/Object;)Ljava/util/HashMap$Node; @ 84
Event: 2,396 Thread 0x00007f0c5c00c000 Uncommon trap: reason=unstable_if action=reinterpret pc=0x00007f0c4d3be980 method=java.util.HashMap.getNode(ILjava/lang/Object;)Ljava/util/HashMap$Node; @ 84
Event: 3,288 Thread 0x00007f0c5c00c000 Uncommon trap: reason=unstable_if action=reinterpret pc=0x00007f0c4d0c1d1c method=java.lang.Long.numberOfTrailingZeros(J)I @ 3
Event: 5,036 Thread 0x00007f0c5c00c000 Uncommon trap: reason=predicate action=maybe_recompile pc=0x00007f0c4d70769c method=java.util.ComparableTimSort.binarySort([Ljava/lang/Object;III)V @ 37
Event: 6,475 Thread 0x00007f0c5c00c000 Uncommon trap: reason=array_check action=maybe_recompile pc=0x00007f0c4d730268 method=java.util.ComparableTimSort.binarySort([Ljava/lang/Object;III)V @ 193

Internal exceptions (6 events):
Event: 0,091 Thread 0x00007f0c5c00c000 Exception <a 'java/lang/NoSuchMethodError': Method sun.misc.Unsafe.defineClass(Ljava/lang/String;[BII)Ljava/lang/Class; name or signature does not match> (0x00000000eab12a38) thrown at [/RE-WORK/workspace/8-2-build-linux-amd64/jdk8u45/3457/hotspot/src/sha
Event: 0,091 Thread 0x00007f0c5c00c000 Exception <a 'java/lang/NoSuchMethodError': Method sun.misc.Unsafe.prefetchRead(Ljava/lang/Object;J)V name or signature does not match> (0x00000000eab12cc8) thrown at [/RE-WORK/workspace/8-2-build-linux-amd64/jdk8u45/3457/hotspot/src/share/vm/prims/jni.cp
Event: 2,243 Thread 0x00007f0c5c00c000 Exception <a 'java/security/PrivilegedActionException'> (0x00000000eb4af568) thrown at [/RE-WORK/workspace/8-2-build-linux-amd64/jdk8u45/3457/hotspot/src/share/vm/prims/jvm.cpp, line 1382]
Event: 2,243 Thread 0x00007f0c5c00c000 Exception <a 'java/security/PrivilegedActionException'> (0x00000000eb4af8b0) thrown at [/RE-WORK/workspace/8-2-build-linux-amd64/jdk8u45/3457/hotspot/src/share/vm/prims/jvm.cpp, line 1382]
Event: 2,243 Thread 0x00007f0c5c00c000 Exception <a 'java/security/PrivilegedActionException'> (0x00000000eb4b1f60) thrown at [/RE-WORK/workspace/8-2-build-linux-amd64/jdk8u45/3457/hotspot/src/share/vm/prims/jvm.cpp, line 1382]
Event: 2,243 Thread 0x00007f0c5c00c000 Exception <a 'java/security/PrivilegedActionException'> (0x00000000eb4b22a8) thrown at [/RE-WORK/workspace/8-2-build-linux-amd64/jdk8u45/3457/hotspot/src/share/vm/prims/jvm.cpp, line 1382]

Events (10 events):
Event: 4,799 Thread 0x00007f0c5c00c000 DEOPT UNPACKING pc=0x00007f0c4ce2c233 sp=0x00007f0c62de1270 mode 0
Event: 5,036 Thread 0x00007f0c5c00c000 Uncommon trap: trap_request=0xffffff86 fr.pc=0x00007f0c4d70769c
Event: 5,036 Thread 0x00007f0c5c00c000 DEOPT PACKING pc=0x00007f0c4d70769c sp=0x00007f0c62de13c0
Event: 5,036 Thread 0x00007f0c5c00c000 DEOPT UNPACKING pc=0x00007f0c4cdea229 sp=0x00007f0c62de1380 mode 2
Event: 5,084 Thread 0x00007f0c5c00c000 DEOPT PACKING pc=0x00007f0c4d660a60 sp=0x00007f0c62de1350
Event: 5,084 Thread 0x00007f0c5c00c000 DEOPT UNPACKING pc=0x00007f0c4ce2c233 sp=0x00007f0c62de1098 mode 0
Event: 6,470 Thread 0x00007f0c5c00c000 Uncommon trap: trap_request=0xffffffd6 fr.pc=0x00007f0c4d730268
Event: 6,475 Thread 0x00007f0c5c00c000 DEOPT PACKING pc=0x00007f0c4d730268 sp=0x00007f0c62de13e0
Event: 6,475 Thread 0x00007f0c5c00c000 DEOPT UNPACKING pc=0x00007f0c4cdea229 sp=0x00007f0c62de1388 mode 2
Event: 6,480 Executing VM operation: ParallelGCFailedAllocation


Dynamic libraries:
00400000-00401000 r-xp 00000000 08:05 799416                             /usr/lib/jvm/java-8-oracle/bin/java
00600000-00601000 rw-p 00000000 08:05 799416                             /usr/lib/jvm/java-8-oracle/bin/java
00635000-00656000 rw-p 00000000 00:00 0                                  [heap]
c0000000-c3980000 rw-p 00000000 00:00 0 
c3980000-eab00000 ---p 00000000 00:00 0 
eab00000-fbf00000 rw-p 00000000 00:00 0 
100000000-1000e0000 rw-p 00000000 00:00 0 
1000e0000-140000000 ---p 00000000 00:00 0 
7f0c10000000-7f0c10021000 rw-p 00000000 00:00 0 
7f0c10021000-7f0c14000000 ---p 00000000 00:00 0 
7f0c14000000-7f0c14021000 rw-p 00000000 00:00 0 
7f0c14021000-7f0c18000000 ---p 00000000 00:00 0 
7f0c18000000-7f0c18ced000 rw-p 00000000 00:00 0 
7f0c18ced000-7f0c1c000000 ---p 00000000 00:00 0 
7f0c1c000000-7f0c1c69e000 rw-p 00000000 00:00 0 
7f0c1c69e000-7f0c20000000 ---p 00000000 00:00 0 
7f0c20000000-7f0c20021000 rw-p 00000000 00:00 0 
7f0c20021000-7f0c24000000 ---p 00000000 00:00 0 
7f0c24000000-7f0c24e73000 rw-p 00000000 00:00 0 
7f0c24e73000-7f0c28000000 ---p 00000000 00:00 0 
7f0c28000000-7f0c28021000 rw-p 00000000 00:00 0 
7f0c28021000-7f0c2c000000 ---p 00000000 00:00 0 
7f0c2c000000-7f0c2c021000 rw-p 00000000 00:00 0 
7f0c2c021000-7f0c30000000 ---p 00000000 00:00 0 
7f0c30000000-7f0c30021000 rw-p 00000000 00:00 0 
7f0c30021000-7f0c34000000 ---p 00000000 00:00 0 
7f0c34000000-7f0c3428e000 rw-p 00000000 00:00 0 
7f0c3428e000-7f0c38000000 ---p 00000000 00:00 0 
7f0c38000000-7f0c38021000 rw-p 00000000 00:00 0 
7f0c38021000-7f0c3c000000 ---p 00000000 00:00 0 
7f0c3f89a000-7f0c3f8c0000 r--p 00000000 08:05 155594                     /usr/share/locale-langpack/es/LC_MESSAGES/libc.mo
7f0c3f8c0000-7f0c3f8c1000 ---p 00000000 00:00 0 
7f0c3f8c1000-7f0c3f9c1000 rw-p 00000000 00:00 0                          [stack:9343]
7f0c3f9c1000-7f0c3f9c4000 ---p 00000000 00:00 0 
7f0c3f9c4000-7f0c3fac2000 rw-p 00000000 00:00 0                          [stack:9342]
7f0c3fac2000-7f0c40000000 r--p 00000000 08:05 793953                     /usr/lib/locale/locale-archive
7f0c40000000-7f0c40021000 rw-p 00000000 00:00 0 
7f0c40021000-7f0c44000000 ---p 00000000 00:00 0 
7f0c44011000-7f0c44014000 ---p 00000000 00:00 0 
7f0c44014000-7f0c44112000 rw-p 00000000 00:00 0                          [stack:9341]
7f0c44112000-7f0c44115000 ---p 00000000 00:00 0 
7f0c44115000-7f0c44213000 rw-p 00000000 00:00 0                          [stack:9340]
7f0c44213000-7f0c44216000 ---p 00000000 00:00 0 
7f0c44216000-7f0c44314000 rw-p 00000000 00:00 0                          [stack:9339]
7f0c44314000-7f0c44317000 ---p 00000000 00:00 0 
7f0c44317000-7f0c44415000 rw-p 00000000 00:00 0                          [stack:9338]
7f0c44415000-7f0c44418000 ---p 00000000 00:00 0 
7f0c44418000-7f0c44516000 rw-p 00000000 00:00 0                          [stack:9337]
7f0c44516000-7f0c44519000 ---p 00000000 00:00 0 
7f0c44519000-7f0c44617000 rw-p 00000000 00:00 0                          [stack:9336]
7f0c44617000-7f0c44618000 ---p 00000000 00:00 0 
7f0c44618000-7f0c45627000 rw-p 00000000 00:00 0                          [stack:9335]
7f0c45627000-7f0c45800000 r--s 03d09000 08:05 794981                     /usr/lib/jvm/java-8-oracle/jre/lib/rt.jar
7f0c45800000-7f0c45f40000 rw-p 00000000 00:00 0 
7f0c45f40000-7f0c46000000 ---p 00000000 00:00 0 
7f0c46000000-7f0c48000000 rw-p 00000000 00:00 0 
7f0c48000000-7f0c48021000 rw-p 00000000 00:00 0 
7f0c48021000-7f0c4c000000 ---p 00000000 00:00 0 
7f0c4c010000-7f0c4c01b000 r--s 00116000 08:05 798587                     /usr/lib/jvm/java-8-oracle/jre/lib/ext/localedata.jar
7f0c4c01b000-7f0c4c037000 r--s 00393000 08:05 798559                     /usr/lib/jvm/java-8-oracle/jre/lib/ext/cldrdata.jar
7f0c4c037000-7f0c4c046000 r--s 000dd000 08:06 1050226                    /home/xtiti/Android/Sdk/build-tools/22.0.1/lib/dx.jar
7f0c4c046000-7f0c4c2ca000 rw-p 00000000 00:00 0 
7f0c4c2ca000-7f0c4c2cb000 ---p 00000000 00:00 0 
7f0c4c2cb000-7f0c4c3cb000 rw-p 00000000 00:00 0                          [stack:9334]
7f0c4c3cb000-7f0c4c3cc000 ---p 00000000 00:00 0 
7f0c4c3cc000-7f0c4c4cc000 rw-p 00000000 00:00 0                          [stack:9333]
7f0c4c4cc000-7f0c4c4cd000 ---p 00000000 00:00 0 
7f0c4c4cd000-7f0c4c5cd000 rw-p 00000000 00:00 0                          [stack:9332]
7f0c4c5cd000-7f0c4c5ce000 ---p 00000000 00:00 0 
7f0c4c5ce000-7f0c4c6eb000 rw-p 00000000 00:00 0                          [stack:9331]
7f0c4c6eb000-7f0c4c824000 ---p 00000000 00:00 0 
7f0c4c824000-7f0c4c841000 rw-p 00000000 00:00 0 
7f0c4c841000-7f0c4c979000 ---p 00000000 00:00 0 
7f0c4c979000-7f0c4ca04000 rw-p 00000000 00:00 0 
7f0c4ca04000-7f0c4ca24000 ---p 00000000 00:00 0 
7f0c4ca24000-7f0c4ca4b000 rw-p 00000000 00:00 0 
7f0c4ca4b000-7f0c4cde5000 ---p 00000000 00:00 0 
7f0c4cde5000-7f0c4d745000 rwxp 00000000 00:00 0 
7f0c4d745000-7f0c5bde5000 ---p 00000000 00:00 0 
7f0c5bde5000-7f0c5bdff000 r-xp 00000000 08:05 798998                     /usr/lib/jvm/java-8-oracle/jre/lib/amd64/libzip.so
7f0c5bdff000-7f0c5bfff000 ---p 0001a000 08:05 798998                     /usr/lib/jvm/java-8-oracle/jre/lib/amd64/libzip.so
7f0c5bfff000-7f0c5c000000 rw-p 0001a000 08:05 798998                     /usr/lib/jvm/java-8-oracle/jre/lib/amd64/libzip.so
7f0c5c000000-7f0c5c3d2000 rw-p 00000000 00:00 0 
7f0c5c3d2000-7f0c60000000 ---p 00000000 00:00 0 
7f0c60002000-7f0c60009000 r--s 00000000 08:05 12678                      /usr/lib/x86_64-linux-gnu/gconv/gconv-modules.cache
7f0c60009000-7f0c600a0000 rw-p 00000000 00:00 0 
7f0c600a0000-7f0c600ab000 r-xp 00000000 08:05 916448                     /lib/x86_64-linux-gnu/libnss_files-2.19.so
7f0c600ab000-7f0c602aa000 ---p 0000b000 08:05 916448                     /lib/x86_64-linux-gnu/libnss_files-2.19.so
7f0c602aa000-7f0c602ab000 r--p 0000a000 08:05 916448                     /lib/x86_64-linux-gnu/libnss_files-2.19.so
7f0c602ab000-7f0c602ac000 rw-p 0000b000 08:05 916448                     /lib/x86_64-linux-gnu/libnss_files-2.19.so
7f0c602ac000-7f0c602b7000 r-xp 00000000 08:05 916486                     /lib/x86_64-linux-gnu/libnss_nis-2.19.so
7f0c602b7000-7f0c604b6000 ---p 0000b000 08:05 916486                     /lib/x86_64-linux-gnu/libnss_nis-2.19.so
7f0c604b6000-7f0c604b7000 r--p 0000a000 08:05 916486                     /lib/x86_64-linux-gnu/libnss_nis-2.19.so
7f0c604b7000-7f0c604b8000 rw-p 0000b000 08:05 916486                     /lib/x86_64-linux-gnu/libnss_nis-2.19.so
7f0c604b8000-7f0c604cf000 r-xp 00000000 08:05 916466                     /lib/x86_64-linux-gnu/libnsl-2.19.so
7f0c604cf000-7f0c606ce000 ---p 00017000 08:05 916466                     /lib/x86_64-linux-gnu/libnsl-2.19.so
7f0c606ce000-7f0c606cf000 r--p 00016000 08:05 916466                     /lib/x86_64-linux-gnu/libnsl-2.19.so
7f0c606cf000-7f0c606d0000 rw-p 00017000 08:05 916466                     /lib/x86_64-linux-gnu/libnsl-2.19.so
7f0c606d0000-7f0c606d2000 rw-p 00000000 00:00 0 
7f0c606d2000-7f0c606db000 r-xp 00000000 08:05 916464                     /lib/x86_64-linux-gnu/libnss_compat-2.19.so
7f0c606db000-7f0c608da000 ---p 00009000 08:05 916464                     /lib/x86_64-linux-gnu/libnss_compat-2.19.so
7f0c608da000-7f0c608db000 r--p 00008000 08:05 916464                     /lib/x86_64-linux-gnu/libnss_compat-2.19.so
7f0c608db000-7f0c608dc000 rw-p 00009000 08:05 916464                     /lib/x86_64-linux-gnu/libnss_compat-2.19.so
7f0c608dc000-7f0c60906000 r-xp 00000000 08:05 798995                     /usr/lib/jvm/java-8-oracle/jre/lib/amd64/libjava.so
7f0c60906000-7f0c60b06000 ---p 0002a000 08:05 798995                     /usr/lib/jvm/java-8-oracle/jre/lib/amd64/libjava.so
7f0c60b06000-7f0c60b08000 rw-p 0002a000 08:05 798995                     /usr/lib/jvm/java-8-oracle/jre/lib/amd64/libjava.so
7f0c60b08000-7f0c60b15000 r-xp 00000000 08:05 798604                     /usr/lib/jvm/java-8-oracle/jre/lib/amd64/libverify.so
7f0c60b15000-7f0c60d15000 ---p 0000d000 08:05 798604                     /usr/lib/jvm/java-8-oracle/jre/lib/amd64/libverify.so
7f0c60d15000-7f0c60d17000 rw-p 0000d000 08:05 798604                     /usr/lib/jvm/java-8-oracle/jre/lib/amd64/libverify.so
7f0c60d17000-7f0c60d1e000 r-xp 00000000 08:05 916482                     /lib/x86_64-linux-gnu/librt-2.19.so
7f0c60d1e000-7f0c60f1d000 ---p 00007000 08:05 916482                     /lib/x86_64-linux-gnu/librt-2.19.so
7f0c60f1d000-7f0c60f1e000 r--p 00006000 08:05 916482                     /lib/x86_64-linux-gnu/librt-2.19.so
7f0c60f1e000-7f0c60f1f000 rw-p 00007000 08:05 916482                     /lib/x86_64-linux-gnu/librt-2.19.so
7f0c60f1f000-7f0c61024000 r-xp 00000000 08:05 916446                     /lib/x86_64-linux-gnu/libm-2.19.so
7f0c61024000-7f0c61223000 ---p 00105000 08:05 916446                     /lib/x86_64-linux-gnu/libm-2.19.so
7f0c61223000-7f0c61224000 r--p 00104000 08:05 916446                     /lib/x86_64-linux-gnu/libm-2.19.so
7f0c61224000-7f0c61225000 rw-p 00105000 08:05 916446                     /lib/x86_64-linux-gnu/libm-2.19.so
7f0c61225000-7f0c61ed3000 r-xp 00000000 08:05 798976                     /usr/lib/jvm/java-8-oracle/jre/lib/amd64/server/libjvm.so
7f0c61ed3000-7f0c620d2000 ---p 00cae000 08:05 798976                     /usr/lib/jvm/java-8-oracle/jre/lib/amd64/server/libjvm.so
7f0c620d2000-7f0c621a9000 rw-p 00cad000 08:05 798976                     /usr/lib/jvm/java-8-oracle/jre/lib/amd64/server/libjvm.so
7f0c621a9000-7f0c621ed000 rw-p 00000000 00:00 0 
7f0c621ed000-7f0c623a8000 r-xp 00000000 08:05 916476                     /lib/x86_64-linux-gnu/libc-2.19.so
7f0c623a8000-7f0c625a7000 ---p 001bb000 08:05 916476                     /lib/x86_64-linux-gnu/libc-2.19.so
7f0c625a7000-7f0c625ab000 r--p 001ba000 08:05 916476                     /lib/x86_64-linux-gnu/libc-2.19.so
7f0c625ab000-7f0c625ad000 rw-p 001be000 08:05 916476                     /lib/x86_64-linux-gnu/libc-2.19.so
7f0c625ad000-7f0c625b2000 rw-p 00000000 00:00 0 
7f0c625b2000-7f0c625b5000 r-xp 00000000 08:05 916454                     /lib/x86_64-linux-gnu/libdl-2.19.so
7f0c625b5000-7f0c627b4000 ---p 00003000 08:05 916454                     /lib/x86_64-linux-gnu/libdl-2.19.so
7f0c627b4000-7f0c627b5000 r--p 00002000 08:05 916454                     /lib/x86_64-linux-gnu/libdl-2.19.so
7f0c627b5000-7f0c627b6000 rw-p 00003000 08:05 916454                     /lib/x86_64-linux-gnu/libdl-2.19.so
7f0c627b6000-7f0c627cb000 r-xp 00000000 08:05 811476                     /usr/lib/jvm/java-8-oracle/lib/amd64/jli/libjli.so
7f0c627cb000-7f0c629cb000 ---p 00015000 08:05 811476                     /usr/lib/jvm/java-8-oracle/lib/amd64/jli/libjli.so
7f0c629cb000-7f0c629cc000 rw-p 00015000 08:05 811476                     /usr/lib/jvm/java-8-oracle/lib/amd64/jli/libjli.so
7f0c629cc000-7f0c629e5000 r-xp 00000000 08:05 916478                     /lib/x86_64-linux-gnu/libpthread-2.19.so
7f0c629e5000-7f0c62be4000 ---p 00019000 08:05 916478                     /lib/x86_64-linux-gnu/libpthread-2.19.so
7f0c62be4000-7f0c62be5000 r--p 00018000 08:05 916478                     /lib/x86_64-linux-gnu/libpthread-2.19.so
7f0c62be5000-7f0c62be6000 rw-p 00019000 08:05 916478                     /lib/x86_64-linux-gnu/libpthread-2.19.so
7f0c62be6000-7f0c62bea000 rw-p 00000000 00:00 0 
7f0c62bea000-7f0c62c0d000 r-xp 00000000 08:05 916470                     /lib/x86_64-linux-gnu/ld-2.19.so
7f0c62c0f000-7f0c62ce2000 rw-p 00000000 00:00 0 
7f0c62ce2000-7f0c62ce5000 ---p 00000000 00:00 0 
7f0c62ce5000-7f0c62de7000 rw-p 00000000 00:00 0                          [stack:9330]
7f0c62de7000-7f0c62dec000 r--s 00094000 08:05 789141                     /usr/lib/jvm/java-8-oracle/jre/lib/jsse.jar
7f0c62dec000-7f0c62e00000 rw-p 00000000 00:00 0 
7f0c62e00000-7f0c62e08000 rw-s 00000000 08:05 1075389                    /tmp/hsperfdata_xtiti/9324
7f0c62e08000-7f0c62e09000 rw-p 00000000 00:00 0 
7f0c62e09000-7f0c62e0a000 ---p 00000000 00:00 0 
7f0c62e0a000-7f0c62e0c000 rw-p 00000000 00:00 0 
7f0c62e0c000-7f0c62e0d000 r--p 00022000 08:05 916470                     /lib/x86_64-linux-gnu/ld-2.19.so
7f0c62e0d000-7f0c62e0e000 rw-p 00023000 08:05 916470                     /lib/x86_64-linux-gnu/ld-2.19.so
7f0c62e0e000-7f0c62e0f000 rw-p 00000000 00:00 0 
7fffc0b28000-7fffc0b4a000 rw-p 00000000 00:00 0                          [stack]
7fffc0be5000-7fffc0be7000 r-xp 00000000 00:00 0                          [vdso]
7fffc0be7000-7fffc0be9000 r--p 00000000 00:00 0                          [vvar]
ffffffffff600000-ffffffffff601000 r-xp 00000000 00:00 0                  [vsyscall]

VM Arguments:
jvm_args: -Xmx1024M -Dfile.encoding=UTF-8 -Duser.country=ES -Duser.language=es -Duser.variant 
java_command: com.android.dx.command.Main --dex --output /home/xtiti/AndroidStudioProjects/Hammock_Rent/app/build/intermediates/dex/debug /home/xtiti/AndroidStudioProjects/Hammock_Rent/app/build/intermediates/classes/debug /home/xtiti/AndroidStudioProjects/Hammock_Rent/app/build/intermediates/pre-dexed/debug/support-annotations-22.2.0-153de45ecafc3e786867ee362fc621c597a9868e.jar /home/xtiti/AndroidStudioProjects/Hammock_Rent/app/build/intermediates/pre-dexed/debug/classes-17a2b6074a1e4c2a9a305f8448bd2ed9e90dd5bb.jar /home/xtiti/AndroidStudioProjects/Hammock_Rent/app/build/intermediates/pre-dexed/debug/classes-e045691255ccbaee961aef90bdc2b85b30c4779e.jar /home/xtiti/AndroidStudioProjects/Hammock_Rent/app/build/intermediates/pre-dexed/debug/classes-4ab081ea7ef13a0adb439613d2fd4155079c95e7.jar /home/xtiti/AndroidStudioProjects/Hammock_Rent/app/build/intermediates/pre-dexed/debug/internal_impl-22.0.0-1aebf6f9ea11561b618b0aaea00ea92b42c6596a.jar /home/xtiti/AndroidStudioProjects/Hammock_Rent/app/build/intermediates/pre-dexed/debug/classes-eac630d588a0637f0359eb54cc17d04c944ad493.jar /home/xtiti/AndroidStudioProjects/Hammock_Rent/app/build/intermediates/pre-dexed/debug/classes-96add56222c1b0147af2d2693974f522b17935be.jar /home/xtiti/AndroidStudioProjects/Hammock_Rent/app/build/intermediates/pre-dexed/debug/classes-bdcc3d2e2f40bee8fa35de984e05e1252de17a41.jar /home/xtiti/AndroidStudioProjects/Hammock_Rent/app/build/intermediates/pre-dexed/debug/classes-eff8b29742106984a858f64268e41b46e99d2fad.jar /home/xtiti/AndroidStudioProjects/Hammock_Rent/app/build/intermediates/pre-dexed/debug/classes-9383dff18c7f52d12ab5f8757a5eccfd36697cab.jar /home/xtiti/AndroidStudioProjects/Hammock_Rent/app/build/intermediates/pre-dexed/debug/classes-e571f1f4223630a82993e3ad06272f189395c2b4.jar /home/xtiti/AndroidStudioProjects/Hammock_Rent/app/build/intermediates/pre-dexed/debug/classes-2f2e1b712d3c5808a7724adc61be50d42c507044.jar /home/xtiti/AndroidStudioProjects/Hammock_Rent/app/build/interm
java_class_path (initial): /home/xtiti/Android/Sdk/build-tools/22.0.1/lib/dx.jar
Launcher Type: SUN_STANDARD

Environment Variables:
JAVA_HOME=JAVA_HOME=/usr/lib/jvm/java-8-oracle
PATH=/usr/games:/usr/local/sbin:/usr/local/bin:/usr/sbin:/usr/bin:/sbin:/bin:/usr/games:/usr/local/games
USERNAME=xtiti
LD_LIBRARY_PATH=/home/xtiti/Programas/android-studio/bin:
SHELL=/bin/bash
DISPLAY=:0

Signal Handlers:
SIGSEGV: [libjvm.so+0xaad1e0], sa_mask[0]=11111111011111111101111111111110, sa_flags=SA_RESTART|SA_SIGINFO
SIGBUS: [libjvm.so+0xaad1e0], sa_mask[0]=11111111011111111101111111111110, sa_flags=SA_RESTART|SA_SIGINFO
SIGFPE: [libjvm.so+0x90b450], sa_mask[0]=11111111011111111101111111111110, sa_flags=SA_RESTART|SA_SIGINFO
SIGPIPE: [libjvm.so+0x90b450], sa_mask[0]=11111111011111111101111111111110, sa_flags=SA_RESTART|SA_SIGINFO
SIGXFSZ: [libjvm.so+0x90b450], sa_mask[0]=11111111011111111101111111111110, sa_flags=SA_RESTART|SA_SIGINFO
SIGILL: [libjvm.so+0x90b450], sa_mask[0]=11111111011111111101111111111110, sa_flags=SA_RESTART|SA_SIGINFO
SIGUSR1: SIG_DFL, sa_mask[0]=00000000000000000000000000000000, sa_flags=none
SIGUSR2: [libjvm.so+0x90ca90], sa_mask[0]=00100000000000000000000000000000, sa_flags=SA_RESTART|SA_SIGINFO
SIGHUP: [libjvm.so+0x90dde0], sa_mask[0]=11111111011111111101111111111110, sa_flags=SA_RESTART|SA_SIGINFO
SIGINT: [libjvm.so+0x90dde0], sa_mask[0]=11111111011111111101111111111110, sa_flags=SA_RESTART|SA_SIGINFO
SIGTERM: [libjvm.so+0x90dde0], sa_mask[0]=11111111011111111101111111111110, sa_flags=SA_RESTART|SA_SIGINFO
SIGQUIT: [libjvm.so+0x90dde0], sa_mask[0]=11111111011111111101111111111110, sa_flags=SA_RESTART|SA_SIGINFO


---------------  S Y S T E M  ---------------

OS:DISTRIB_ID=LinuxMint
DISTRIB_RELEASE=17.2
DISTRIB_CODENAME=rafaela
DISTRIB_DESCRIPTION="Linux Mint 17.2 Rafaela"

uname:Linux 3.16.0-38-generic #52~14.04.1-Ubuntu SMP Fri May 8 09:43:57 UTC 2015 x86_64
libc:glibc 2.19 NPTL 2.19 
rlimit: STACK 8192k, CORE 0k, NPROC 15149, NOFILE 4096, AS infinity
load average:1,32 0,41 0,57

/proc/meminfo:
MemTotal:        3909244 kB
MemFree:          108728 kB
MemAvailable:      51324 kB
Buffers:             272 kB
Cached:            73024 kB
SwapCached:         1364 kB
Active:          2754304 kB
Inactive:         769316 kB
Active(anon):    2745800 kB
Inactive(anon):   760868 kB
Active(file):       8504 kB
Inactive(file):     8448 kB
Unevictable:         136 kB
Mlocked:             136 kB
SwapTotal:       3998716 kB
SwapFree:              0 kB
Dirty:               100 kB
Writeback:            64 kB
AnonPages:       3451140 kB
Mapped:            93540 kB
Shmem:             55796 kB
Slab:              76368 kB
SReclaimable:      37176 kB
SUnreclaim:        39192 kB
KernelStack:       17520 kB
PageTables:        56080 kB
NFS_Unstable:          0 kB
Bounce:                0 kB
WritebackTmp:          0 kB
CommitLimit:     5953336 kB
Committed_AS:   12924612 kB
VmallocTotal:   34359738367 kB
VmallocUsed:      308184 kB
VmallocChunk:   34359423996 kB
HardwareCorrupted:     0 kB
AnonHugePages:   1144832 kB
HugePages_Total:       0
HugePages_Free:        0
HugePages_Rsvd:        0
HugePages_Surp:        0
Hugepagesize:       2048 kB
DirectMap4k:      199780 kB
DirectMap2M:     3854336 kB


CPU:total 4 (2 cores per cpu, 2 threads per core) family 6 model 37 stepping 2, cmov, cx8, fxsr, mmx, sse, sse2, sse3, ssse3, sse4.1, sse4.2, popcnt, ht, tsc, tscinvbit

/proc/cpuinfo:
processor	: 0
vendor_id	: GenuineIntel
cpu family	: 6
model		: 37
model name	: Intel(R) Core(TM) i5 CPU       M 430  @ 2.27GHz
stepping	: 2
microcode	: 0x9
cpu MHz		: 1733.000
cache size	: 3072 KB
physical id	: 0
siblings	: 4
core id		: 0
cpu cores	: 2
apicid		: 0
initial apicid	: 0
fpu		: yes
fpu_exception	: yes
cpuid level	: 11
wp		: yes
flags		: fpu vme de pse tsc msr pae mce cx8 apic sep mtrr pge mca cmov pat pse36 clflush dts acpi mmx fxsr sse sse2 ss ht tm pbe syscall nx rdtscp lm constant_tsc arch_perfmon pebs bts rep_good nopl xtopology nonstop_tsc aperfmperf pni dtes64 monitor ds_cpl vmx est tm2 ssse3 cx16 xtpr pdcm sse4_1 sse4_2 popcnt lahf_lm ida arat dtherm tpr_shadow vnmi flexpriority ept vpid
bogomips	: 4522.66
clflush size	: 64
cache_alignment	: 64
address sizes	: 36 bits physical, 48 bits virtual
power management:

processor	: 1
vendor_id	: GenuineIntel
cpu family	: 6
model		: 37
model name	: Intel(R) Core(TM) i5 CPU       M 430  @ 2.27GHz
stepping	: 2
microcode	: 0x9
cpu MHz		: 2267.000
cache size	: 3072 KB
physical id	: 0
siblings	: 4
core id		: 0
cpu cores	: 2
apicid		: 1
initial apicid	: 1
fpu		: yes
fpu_exception	: yes
cpuid level	: 11
wp		: yes
flags		: fpu vme de pse tsc msr pae mce cx8 apic sep mtrr pge mca cmov pat pse36 clflush dts acpi mmx fxsr sse sse2 ss ht tm pbe syscall nx rdtscp lm constant_tsc arch_perfmon pebs bts rep_good nopl xtopology nonstop_tsc aperfmperf pni dtes64 monitor ds_cpl vmx est tm2 ssse3 cx16 xtpr pdcm sse4_1 sse4_2 popcnt lahf_lm ida arat dtherm tpr_shadow vnmi flexpriority ept vpid
bogomips	: 4522.66
clflush size	: 64
cache_alignment	: 64
address sizes	: 36 bits physical, 48 bits virtual
power management:

processor	: 2
vendor_id	: GenuineIntel
cpu family	: 6
model		: 37
model name	: Intel(R) Core(TM) i5 CPU       M 430  @ 2.27GHz
stepping	: 2
microcode	: 0x9
cpu MHz		: 2267.000
cache size	: 3072 KB
physical id	: 0
siblings	: 4
core id		: 2
cpu cores	: 2
apicid		: 4
initial apicid	: 4
fpu		: yes
fpu_exception	: yes
cpuid level	: 11
wp		: yes
flags		: fpu vme de pse tsc msr pae mce cx8 apic sep mtrr pge mca cmov pat pse36 clflush dts acpi mmx fxsr sse sse2 ss ht tm pbe syscall nx rdtscp lm constant_tsc arch_perfmon pebs bts rep_good nopl xtopology nonstop_tsc aperfmperf pni dtes64 monitor ds_cpl vmx est tm2 ssse3 cx16 xtpr pdcm sse4_1 sse4_2 popcnt lahf_lm ida arat dtherm tpr_shadow vnmi flexpriority ept vpid
bogomips	: 4522.66
clflush size	: 64
cache_alignment	: 64
address sizes	: 36 bits physical, 48 bits virtual
power management:

processor	: 3
vendor_id	: GenuineIntel
cpu family	: 6
model		: 37
model name	: Intel(R) Core(TM) i5 CPU       M 430  @ 2.27GHz
stepping	: 2
microcode	: 0x9
cpu MHz		: 2267.000
cache size	: 3072 KB
physical id	: 0
siblings	: 4
core id		: 2
cpu cores	: 2
apicid		: 5
initial apicid	: 5
fpu		: yes
fpu_exception	: yes
cpuid level	: 11
wp		: yes
flags		: fpu vme de pse tsc msr pae mce cx8 apic sep mtrr pge mca cmov pat pse36 clflush dts acpi mmx fxsr sse sse2 ss ht tm pbe syscall nx rdtscp lm constant_tsc arch_perfmon pebs bts rep_good nopl xtopology nonstop_tsc aperfmperf pni dtes64 monitor ds_cpl vmx est tm2 ssse3 cx16 xtpr pdcm sse4_1 sse4_2 popcnt lahf_lm ida arat dtherm tpr_shadow vnmi flexpriority ept vpid
bogomips	: 4522.66
clflush size	: 64
cache_alignment	: 64
address sizes	: 36 bits physical, 48 bits virtual
power management:



Memory: 4k page, physical 3909244k(108972k free), swap 3998716k(0k free)

vm_info: Java HotSpot(TM) 64-Bit Server VM (25.45-b02) for linux-amd64 JRE (1.8.0_45-b14), built on Apr 10 2015 10:07:45 by "java_re" with gcc 4.3.0 20080428 (Red Hat 4.3.0-8)

time: Mon Jul 13 15:25:09 2015
elapsed time: 6 seconds (0d 0h 0m 6s)

